This is pdfTeX, Version 3.1415926-2.5-1.40.14 (MiKTeX 2.9) (preloaded format=pdflatex 2015.6.26)  21 AUG 2015 17:37
entering extended mode
**glasshouse_backup.tex

(C:\Users\James\Desktop\stuff\data\analysis\R\THESIS\THESIS\glasshouse_backup.t
ex
LaTeX2e <2011/06/27>
Babel <v3.8m> and hyphenation patterns for english, afrikaans, ancientgreek, ar
abic, armenian, assamese, basque, bengali, bokmal, bulgarian, catalan, coptic, 
croatian, czech, danish, dutch, esperanto, estonian, farsi, finnish, french, ga
lician, german, german-x-2013-05-26, greek, gujarati, hindi, hungarian, iceland
ic, indonesian, interlingua, irish, italian, kannada, kurmanji, latin, latvian,
 lithuanian, malayalam, marathi, mongolian, mongolianlmc, monogreek, ngerman, n
german-x-2013-05-26, nynorsk, oriya, panjabi, pinyin, polish, portuguese, roman
ian, russian, sanskrit, serbian, slovak, slovenian, spanish, swedish, swissgerm
an, tamil, telugu, turkish, turkmen, ukenglish, ukrainian, uppersorbian, usengl
ishmax, welsh, loaded.
("C:\Program Files (x86)\miktex2.9\tex\latex\memoir\memoir.cls"
Document Class: memoir 2015/07/08 v3.7e configurable book, report, article docu
ment class
\onelineskip=\skip41
\lxvchars=\skip42
\xlvchars=\skip43
\@memcnta=\count79
\c@@memmarkcntra=\count80
\l@nohyphenation=\language69
("C:\Program Files (x86)\miktex2.9\tex\generic\oberdiek\ifpdf.sty"
Package: ifpdf 2011/01/30 v2.3 Provides the ifpdf switch (HO)
Package ifpdf Info: pdfTeX in PDF mode is detected.
)
("C:\Program Files (x86)\miktex2.9\tex\latex\ifetex\ifetex.sty"
Package: ifetex 2011/12/15 v1.2 ifetex

("C:\Program Files (x86)\miktex2.9\tex\plain\ifetex\ifetex.tex"))
("C:\Program Files (x86)\miktex2.9\tex\generic\ifxetex\ifxetex.sty"
Package: ifxetex 2010/09/12 v0.6 Provides ifxetex conditional
)
("C:\Program Files (x86)\miktex2.9\tex\generic\oberdiek\ifluatex.sty"
Package: ifluatex 2010/03/01 v1.3 Provides the ifluatex switch (HO)
Package ifluatex Info: LuaTeX not detected.
)
\stockheight=\skip44
\stockwidth=\skip45
\trimtop=\skip46
\trimedge=\skip47

("C:\Program Files (x86)\miktex2.9\tex\latex\misc\etex.sty"
Package: etex 1998/03/26 v2.0 eTeX basic definition package (PEB)
\et@xins=\count81
)
("C:\Program Files (x86)\miktex2.9\tex\latex\memoir\mem12.clo"
File: mem12.clo 2010/10/19 v0.4b memoir class 12pt size option
)
\binding=\skip48
\spinemargin=\skip49
\foremargin=\skip50
\uppermargin=\skip51
\lowermargin=\skip52
\headdrop=\skip53
\normalrulethickness=\skip54
\mem@maxheadheight=\skip55
\mem@maxfootheight=\skip56
\headwidth=\skip57
\c@storedpagenumber=\count82
\memPD=\dimen102
\m@mabparskip=\skip58
\thanksmarkwidth=\skip59
\thanksmarksep=\skip60
\droptitle=\skip61
\c@book=\count83
\c@part=\count84
\c@chapter=\count85
\c@section=\count86
\c@subsection=\count87
\c@subsubsection=\count88
\c@paragraph=\count89
\c@subparagraph=\count90
\beforechapskip=\skip62
\midchapskip=\skip63
\afterchapskip=\skip64
\chapindent=\skip65
\bottomsectionskip=\skip66
\secindent=\skip67
\beforesecskip=\skip68
\aftersecskip=\skip69
\subsecindent=\skip70
\beforesubsecskip=\skip71
\aftersubsecskip=\skip72
\subsubsecindent=\skip73
\beforesubsubsecskip=\skip74
\aftersubsubsecskip=\skip75
\paraindent=\skip76
\beforeparaskip=\skip77
\afterparaskip=\skip78
\subparaindent=\skip79
\beforesubparaskip=\skip80
\aftersubparaskip=\skip81
\pfbreakskip=\skip82
\c@@ppsavesec=\count91
\c@@ppsaveapp=\count92
\ragrparindent=\dimen103
\everylistparindent=\dimen104
\parsepi=\skip83
\topsepi=\skip84
\itemsepi=\skip85
\parsepii=\skip86
\topsepii=\skip87
\topsepiii=\skip88
\itemsepii=\skip89
\itemsepiii=\skip90
\partopsepii=\skip91
\partopsepiii=\skip92
\m@msavetopsep=\skip93
\m@msavepartopsep=\skip94
\@enLab=\toks14
\abstitleskip=\skip95
\absleftindent=\skip96
\abs@leftindent=\dimen105
\absrightindent=\skip97
\absparindent=\skip98
\absparsep=\skip99
\c@vslineno=\count93
\c@poemline=\count94
\c@modulo@vs=\count95
\c@memfvsline=\count96
\vleftskip=\skip100
\vrightskip=\skip101
\stanzaskip=\skip102
\versewidth=\skip103
\vgap=\skip104
\vindent=\skip105
\vleftmargin=\dimen106
\c@verse=\count97
\c@chrsinstr=\count98
\beforepoemtitleskip=\skip106
\afterpoemtitleskip=\skip107
\c@poem=\count99
\beforePoemTitleskip=\skip108
\midPoemTitleskip=\skip109
\afterPoemTitleskip=\skip110
\col@sep=\dimen107
\extrarowheight=\dimen108
\NC@list=\toks15
\extratabsurround=\skip111
\backup@length=\skip112
\TX@col@width=\dimen109
\TX@old@table=\dimen110
\TX@old@col=\dimen111
\TX@target=\dimen112
\TX@delta=\dimen113
\TX@cols=\count100
\TX@ftn=\toks16
\heavyrulewidth=\dimen114
\lightrulewidth=\dimen115
\cmidrulewidth=\dimen116
\belowrulesep=\dimen117
\belowbottomsep=\dimen118
\aboverulesep=\dimen119
\abovetopsep=\dimen120
\cmidrulesep=\dimen121
\cmidrulekern=\dimen122
\defaultaddspace=\dimen123
\@cmidla=\count101
\@cmidlb=\count102
\@aboverulesep=\dimen124
\@belowrulesep=\dimen125
\@thisruleclass=\count103
\@lastruleclass=\count104
\@thisrulewidth=\dimen126
\ctableftskip=\skip113
\ctabrightskip=\skip114
\abovecolumnspenalty=\count105
\@linestogo=\count106
\@cellstogo=\count107
\@cellsincolumn=\count108
\crtok=\toks17
\@mincolumnwidth=\dimen127
\c@newflo@tctr=\count109
\mem@margin@floatbox=\box26
\@contcwidth=\skip115
\@contindw=\skip116
\abovecaptionskip=\skip117
\belowcaptionskip=\skip118
\subfloattopskip=\skip119
\subfloatcapskip=\skip120
\subfloatcaptopadj=\skip121
\subfloatbottomskip=\skip122
\subfloatlabelskip=\skip123
\subfloatcapmargin=\dimen128
\c@@contsubnum=\count110
\m@mscap@capbox=\box27
\m@mscap@fbox=\box28
\sidecapsep=\dimen129
\sidecapwidth=\dimen130
\m@m@tempdima=\dimen131
\m@mscapraise=\dimen132
\sidecapraise=\dimen133
\m@mscapmainwidth=\dimen134
\m@mscaplkern=\dimen135
\beforeepigraphskip=\skip124
\afterepigraphskip=\skip125
\epigraphwidth=\skip126
\epigraphrule=\skip127
LaTeX Info: Redefining \em on input line 7535.
LaTeX Info: Redefining \emph on input line 7543.
\tocentryskip=\skip128
\tocbaseline=\skip129
\cftparskip=\skip130
\cftbeforebookskip=\skip131
\cftbookindent=\dimen136
\cftbooknumwidth=\dimen137
\cftbeforepartskip=\skip132
\cftpartindent=\skip133
\cftpartnumwidth=\skip134
\cftbeforechapterskip=\skip135
\cftchapterindent=\skip136
\cftchapternumwidth=\skip137
\cftbeforesectionskip=\skip138
\cftsectionindent=\skip139
\cftsectionnumwidth=\skip140
\cftbeforesubsectionskip=\skip141
\cftsubsectionindent=\skip142
\cftsubsectionnumwidth=\skip143
\cftbeforesubsubsectionskip=\skip144
\cftsubsubsectionindent=\skip145
\cftsubsubsectionnumwidth=\skip146
\cftbeforeparagraphskip=\skip147
\cftparagraphindent=\skip148
\cftparagraphnumwidth=\skip149
\cftbeforesubparagraphskip=\skip150
\cftsubparagraphindent=\skip151
\cftsubparagraphnumwidth=\skip152
\prechapterprecisshift=\dimen138
\c@maxsecnumdepth=\count111
\bibindent=\dimen139
\bibitemsep=\skip153
\indexcolsep=\skip154
\indexrule=\skip155
\indexmarkstyle=\toks18
\@indexbox=\insert233
\glossarycolsep=\dimen140
\glossaryrule=\dimen141
\sideparvshift=\skip156
\sideins=\insert232
\sidebartopsep=\skip157
\sidebarhsep=\skip158
\sidebarvsep=\skip159
\sidebarwidth=\skip160
\footmarkwidth=\skip161
\footmarksep=\skip162
\footparindent=\skip163
\footinsdim=\skip164
\footinsv@r=\insert231
\@mpfootinsv@r=\insert230
\m@m@k=\count112
\m@m@h=\dimen142
\m@mipn@skip=\skip165
\sidefootins=\insert229
\sidefootadjust=\skip166
\sidefootheight=\skip167
\sidefoothsep=\skip168
\sidefootvsep=\skip169
\sidefootwidth=\skip170
\m@mdownsf=\skip171
\c@sidefootnote=\count113
\sidefootmarkwidth=\skip172
\sidefootmarksep=\skip173
\sidefootparindent=\skip174
\c@pagenote=\count114
\c@pagenoteshadow=\count115
\mem@pn@lastkern=\skip175
\every@verbatim=\toks19
\afterevery@verbatim=\toks20
\verbatim@line=\toks21
\tab@position=\count116
\verbatim@in@stream=\read1
\verbatimindent=\skip176
\verbatim@out=\write3
\bvboxsep=\skip177
\c@memfbvline=\count117
\c@bvlinectr=\count118
\bvnumlength=\skip178
\fb@frw=\dimen143
\fb@frh=\dimen144
\FrameRule=\dimen145
\FrameSep=\dimen146
\c@cp@cntr=\count119
LaTeX Info: Redefining \: on input line 12052.
LaTeX Info: Redefining \! on input line 12054.
\c@ism@mctr=\count120
\c@xsm@mctr=\count121
\c@csm@mctr=\count122
\c@ksm@mctr=\count123
\c@xksm@mctr=\count124
\c@cksm@mctr=\count125
\c@msm@mctr=\count126
\c@xmsm@mctr=\count127
\c@cmsm@mctr=\count128
\c@bsm@mctr=\count129
\c@workm@mctr=\count130
\c@sheetsequence=\count131
\c@lastsheet=\count132
\c@lastpage=\count133
\c@figure=\count134
\c@lofdepth=\count135
\cftbeforefigureskip=\skip179
\cftfigureindent=\skip180
\cftfigurenumwidth=\skip181
\c@table=\count136
\c@lotdepth=\count137
\cftbeforetableskip=\skip182
\cfttableindent=\skip183
\cfttablenumwidth=\skip184
Package abstract [2008/07/23] emulated by memoir.
Package appendix [2008/07/23] emulated by memoir.
Package array [2008/09/09] emulated by memoir.
Package booktabs [2008/07/23] emulated by memoir.
Package ccaption [2008/07/23] emulated by memoir.
Package changepage [2008/07/23] emulated by memoir.
Package chngcntr [2008/07/23] emulated by memoir.
Package chngpage [2008/07/23] emulated by memoir.
Package crop emulated by memoir.
Package dcolumn [2008/07/23] emulated by memoir.
Package delarray [2008/07/23] emulated by memoir.
Package enumerate [2008/07/23] emulated by memoir.
Package epigraph [2008/07/23] emulated by memoir.
Package ifmtarg [2008/07/23] emulated by memoir.
Package index [2008/07/23] emulated by memoir.
Package makeidx [2008/07/23] emulated by memoir.
Package moreverb [2008/07/23] emulated by memoir.
Package mparhack [2008/07/23] emulated by memoir.
Package needspace [2008/07/23] emulated by memoir.
Package newfile [2008/07/23] emulated by memoir.
Package nextpage [2008/07/23] emulated by memoir.
Package pagenote [2008/07/23] emulated by memoir.
Package parskip [2008/07/23] emulated by memoir.
Package patchcmd [2008/07/23] emulated by memoir.
Package setspace [2008/07/23] emulated by memoir.
Package shortvrb [2008/07/23] emulated by memoir.
Package showidx [2008/07/23] emulated by memoir.
Package tabularx [2008/07/23] emulated by memoir.
Package titleref [2008/07/23] emulated by memoir.
Package titling [2008/07/23] emulated by memoir.
Package tocbibind [2008/07/23] emulated by memoir.
Package tocloft [2008/07/23] emulated by memoir.
Package tocvsec2 [2008/07/23] emulated by memoir.
Package verbatim [2008/07/23] emulated by memoir.
Package verse [2008/07/23] emulated by memoir.

("C:\Program Files (x86)\miktex2.9\tex\latex\memoir\mempatch.sty"
Package: mempatch 2009/07/24 v6.0f Patches for memoir class v1.6180339
))
("C:\Program Files (x86)\miktex2.9\tex\latex\graphics\graphicx.sty"
Package: graphicx 1999/02/16 v1.0f Enhanced LaTeX Graphics (DPC,SPQR)

("C:\Program Files (x86)\miktex2.9\tex\latex\graphics\keyval.sty"
Package: keyval 1999/03/16 v1.13 key=value parser (DPC)
\KV@toks@=\toks22
)
("C:\Program Files (x86)\miktex2.9\tex\latex\graphics\graphics.sty"
Package: graphics 2009/02/05 v1.0o Standard LaTeX Graphics (DPC,SPQR)

("C:\Program Files (x86)\miktex2.9\tex\latex\graphics\trig.sty"
Package: trig 1999/03/16 v1.09 sin cos tan (DPC)
)
("C:\Program Files (x86)\miktex2.9\tex\latex\00miktex\graphics.cfg"
File: graphics.cfg 2007/01/18 v1.5 graphics configuration of teTeX/TeXLive
)
Package graphics Info: Driver file: pdftex.def on input line 91.

("C:\Program Files (x86)\miktex2.9\tex\latex\pdftex-def\pdftex.def"
File: pdftex.def 2011/05/27 v0.06d Graphics/color for pdfTeX

("C:\Program Files (x86)\miktex2.9\tex\generic\oberdiek\infwarerr.sty"
Package: infwarerr 2010/04/08 v1.3 Providing info/warning/error messages (HO)
)
("C:\Program Files (x86)\miktex2.9\tex\generic\oberdiek\ltxcmds.sty"
Package: ltxcmds 2011/11/09 v1.22 LaTeX kernel commands for general use (HO)
)
\Gread@gobject=\count138
))
\Gin@req@height=\dimen147
\Gin@req@width=\dimen148
)
("C:\Program Files (x86)\miktex2.9\tex\latex\multirow\multirow.sty"
\bigstrutjot=\dimen149
)
("C:\Program Files (x86)\miktex2.9\tex\latex\tools\multicol.sty"
Package: multicol 2011/06/27 v1.7a multicolumn formatting (FMi)
\c@tracingmulticols=\count139
\mult@box=\box29
\multicol@leftmargin=\dimen150
\c@unbalance=\count140
\c@collectmore=\count141
\doublecol@number=\count142
\multicoltolerance=\count143
\multicolpretolerance=\count144
\full@width=\dimen151
\page@free=\dimen152
\premulticols=\dimen153
\postmulticols=\dimen154
\multicolsep=\skip185
\multicolbaselineskip=\skip186
\partial@page=\box30
\last@line=\box31
\mult@rightbox=\box32
\mult@grightbox=\box33
\mult@gfirstbox=\box34
\mult@firstbox=\box35
\@tempa=\box36
\@tempa=\box37
\@tempa=\box38
\@tempa=\box39
\@tempa=\box40
\@tempa=\box41
\@tempa=\box42
\@tempa=\box43
\@tempa=\box44
\@tempa=\box45
\@tempa=\box46
\@tempa=\box47
\@tempa=\box48
\@tempa=\box49
\@tempa=\box50
\@tempa=\box51
\@tempa=\box52
\c@columnbadness=\count145
\c@finalcolumnbadness=\count146
\last@try=\dimen155
\multicolovershoot=\dimen156
\multicolundershoot=\dimen157
\mult@nat@firstbox=\box53
\colbreak@box=\box54
\multicol@sort@counter=\count147
)
("C:\Program Files (x86)\miktex2.9\tex\latex\cite\cite.sty"
LaTeX Info: Redefining \cite on input line 302.
LaTeX Info: Redefining \nocite on input line 332.
Package: cite 2015/02/27  v 5.5
)
("C:\Program Files (x86)\miktex2.9\tex\latex\natbib\natbib.sty"
Package: natbib 2010/09/13 8.31b (PWD, AO)


Package natbib Warning: The `cite' package should not be used
(natbib)                with natbib. Use option `sort' instead.

\bibhang=\skip187
\bibsep=\skip188
LaTeX Info: Redefining \cite on input line 694.
LaTeX Info: Redefining \citenum on input line 708.
\c@NAT@ctr=\count148
) ("C:\Program Files (x86)\miktex2.9\tex\latex\threeparttable\threeparttable.st
y"
Package: threeparttable 2003/06/13  v 3.0
\@tempboxb=\box55
) ("C:\Program Files (x86)\miktex2.9\tex\latex\setspace\setspace.sty"
Package: setspace 2011/12/19 v6.7a set line spacing
)
("C:\Program Files (x86)\miktex2.9\tex\latex\tools\longtable.sty"
Package: longtable 2004/02/01 v4.11 Multi-page Table package (DPC)
\LTleft=\skip189
\LTright=\skip190
\LTpre=\skip191
\LTpost=\skip192
\LTchunksize=\count149
\LTcapwidth=\dimen158
\LT@head=\box56
\LT@firsthead=\box57
\LT@foot=\box58
\LT@lastfoot=\box59
\LT@cols=\count150
\LT@rows=\count151
\c@LT@tables=\count152
\c@LT@chunks=\count153
\LT@p@ftn=\toks23
)
("C:\Program Files (x86)\miktex2.9\tex\latex\tabu\tabu.sty"
Package: tabu 2011/02/26 v2.8 - flexible LaTeX tabulars (FC)

("C:\Program Files (x86)\miktex2.9\tex\latex\ltxmisc\varwidth.sty"
Package: varwidth 2009/03/30 ver 0.92;  Variable-width minipages
\@vwid@box=\box60
\sift@deathcycles=\count154
\@vwid@loff=\dimen159
\@vwid@roff=\dimen160
)
\c@taburow=\count155
\tabu@nbcols=\count156
\tabu@cnt=\count157
\tabu@Xcol=\count158
\tabu@alloc=\count159
\tabu@nested=\count160
\tabu@target=\dimen161
\tabu@spreadtarget=\dimen162
\tabu@naturalX=\dimen163
\tabucolX=\dimen164
\tabu@Xsum=\dimen165
\extrarowdepth=\dimen166
\abovetabulinesep=\dimen167
\belowtabulinesep=\dimen168
\tabustrutrule=\dimen169
\tabu@thebody=\toks24
\tabu@footnotes=\toks25
\tabu@box=\box61
\tabu@arstrutbox=\box62
\tabu@hleads=\box63
\tabu@vleads=\box64
\tabu@cellskip=\skip193
)
("C:\Program Files (x86)\miktex2.9\tex\latex\oberdiek\pdflscape.sty"
Package: pdflscape 2008/08/11 v0.10 Display of landscape pages in PDF (HO)

("C:\Program Files (x86)\miktex2.9\tex\latex\graphics\lscape.sty"
Package: lscape 2000/10/22 v3.01 Landscape Pages (DPC)
)
Package pdflscape Info: Auto-detected driver: pdftex on input line 80.
)

Class memoir Warning: You are using the caption package with the memoir class. 
To prepare we will now reset all captioning macros and configurations to kernel
 defaults, and then let the caption package take over. Please remember to use t
he caption package interfaces in order to configure your captions. .

("C:\Program Files (x86)\miktex2.9\tex\latex\caption\caption.sty"
Package: caption 2013/05/02 v3.3-89 Customizing captions (AR)

("C:\Program Files (x86)\miktex2.9\tex\latex\caption\caption3.sty"
Package: caption3 2013/05/02 v1.6-88 caption3 kernel (AR)
Package caption3 Info: TeX engine: e-TeX on input line 57.
\captionmargin=\dimen170
\captionmargin@=\dimen171
\captionwidth=\dimen172
\caption@tempdima=\dimen173
\caption@indent=\dimen174
\caption@parindent=\dimen175
\caption@hangindent=\dimen176
)
\c@ContinuedFloat=\count161
Package caption Info: longtable package is loaded.

("C:\Program Files (x86)\miktex2.9\tex\latex\caption\ltcaption.sty"
Package: ltcaption 2013/02/03 v1.3-62 longtable captions (AR)
)
Package caption Info: threeparttable package is loaded.
)

******************************************************
Stock height and width: 845.04684pt by 597.50787pt
Top and edge trims: 0pt and 0pt
Page height and width: 845.04684pt by 597.50787pt
Text height and width: 664.5pt by 418pt
Spine and edge margins: 89.61487pt and 89.6375pt
Upper and lower margins: 72.8302pt and 107.71664pt
Headheight and headsep: 14.5pt and 36.05237pt
Footskip: 30pt
Columnsep and columnseprule: 10pt and 0pt
Marginparsep and marginparwidth: 7pt and 75.6375pt
Sidecapsep and sidecapwidth: 7pt and 92pt
Sidebarhsep and sidebarwidth: 7pt and 92pt
Sidebarvsep and sidebartopsep: 14.5pt and 0pt
Sidebarheight: 590.14995pt
Sidefoothsep and sidefootwidth: 7pt and 92pt
Sidefootvsep and sidefootheight: 14.5pt and 590.14995pt
******************************************************

No file glasshouse_backup.aux.
LaTeX Font Info:    Checking defaults for OML/cmm/m/it on input line 130.
LaTeX Font Info:    ... okay on input line 130.
LaTeX Font Info:    Checking defaults for T1/cmr/m/n on input line 130.
LaTeX Font Info:    ... okay on input line 130.
LaTeX Font Info:    Checking defaults for OT1/cmr/m/n on input line 130.
LaTeX Font Info:    ... okay on input line 130.
LaTeX Font Info:    Checking defaults for OMS/cmsy/m/n on input line 130.
LaTeX Font Info:    ... okay on input line 130.
LaTeX Font Info:    Checking defaults for OMX/cmex/m/n on input line 130.
LaTeX Font Info:    ... okay on input line 130.
LaTeX Font Info:    Checking defaults for U/cmr/m/n on input line 130.
LaTeX Font Info:    ... okay on input line 130.
("C:\Program Files (x86)\miktex2.9\tex\context\base\supp-pdf.mkii"
[Loading MPS to PDF converter (version 2006.09.02).]
\scratchcounter=\count162
\scratchdimen=\dimen177
\scratchbox=\box65
\nofMPsegments=\count163
\nofMParguments=\count164
\everyMPshowfont=\toks26
\MPscratchCnt=\count165
\MPscratchDim=\dimen178
\MPnumerator=\count166
\makeMPintoPDFobject=\count167
\everyMPtoPDFconversion=\toks27
)
Package caption Info: Begin \AtBeginDocument code.
Package caption Info: End \AtBeginDocument code.
LaTeX Font Info:    External font `cmex10' loaded for size
(Font)              <20.74> on input line 134.
LaTeX Font Info:    External font `cmex10' loaded for size
(Font)              <14.4> on input line 134.
LaTeX Font Info:    External font `cmex10' loaded for size
(Font)              <12> on input line 134.
 [1


{C:/Users/James/AppData/Local/MiKTeX/2.9/pdftex/config/pdftex.map}]
LaTeX Font Info:    External font `cmex10' loaded for size
(Font)              <8> on input line 138.
LaTeX Font Info:    External font `cmex10' loaded for size
(Font)              <6> on input line 138.
Missing character: There is no ‚ in font cmr12!
Missing character: There is no Ä in font cmr12!
Missing character: There is no ò in font cmr12!
Missing character: There is no ‚ in font cmr12!
Missing character: There is no Ä in font cmr12!
Missing character: There is no ô in font cmr12!

[2]

Package natbib Warning: Citation `Lawson2015' on page 3 undefined on input line
 146.


Package natbib Warning: Citation `stocker2013climate' on page 3 undefined on in
put line 146.


Package natbib Warning: Citation `Hennessy2008' on page 3 undefined on input li
ne 146.


Package natbib Warning: Citation `IPCC2014' on page 3 undefined on input line 1
46.


Package natbib Warning: Citation `Blom1996' on page 3 undefined on input line 1
46.


Package natbib Warning: Citation `Lawson2015' on page 3 undefined on input line
 146.


Package natbib Warning: Citation `Naiman1993' on page 3 undefined on input line
 148.


Package natbib Warning: Citation `Colmer2009' on page 3 undefined on input line
 148.


Package natbib Warning: Citation `Corenblit2009' on page 3 undefined on input l
ine 148.


Package natbib Warning: Citation `Voesenek2015' on page 3 undefined on input li
ne 148.


Package natbib Warning: Citation `Drew1997' on page 3 undefined on input line 1
48.


Package natbib Warning: Citation `Piedade2010' on page 3 undefined on input lin
e 148.


Package natbib Warning: Citation `Voesenek2015' on page 3 undefined on input li
ne 148.


Package natbib Warning: Citation `Steudle2000' on page 3 undefined on input lin
e 148.


Package natbib Warning: Citation `Kozlowski1984' on page 3 undefined on input l
ine 148.


Package natbib Warning: Citation `Else2009' on page 3 undefined on input line 1
48.

Missing character: There is no ‚ in font cmr12!
Missing character: There is no Ä in font cmr12!
Missing character: There is no ú in font cmr12!
Missing character: There is no ‚ in font cmr12!
Missing character: There is no Ä in font cmr12!
Missing character: There is no ù in font cmr12!

Package natbib Warning: Citation `Colmer2009' on page 3 undefined on input line
 148.


Package natbib Warning: Citation `Santosa2007' on page 3 undefined on input lin
e 148.


Package natbib Warning: Citation `Steffens2013' on page 3 undefined on input li
ne 148.


Package natbib Warning: Citation `Blom1996' on page 3 undefined on input line 1
48.


Package natbib Warning: Citation `Dawson1989' on page 3 undefined on input line
 148.


Package natbib Warning: Citation `Shimono2012' on page 3 undefined on input lin
e 148.

Missing character: There is no ‚ in font cmr12!
Missing character: There is no Ä in font cmr12!
Missing character: There is no ô in font cmr12!

Package natbib Warning: Citation `Poorter2003a' on page 3 undefined on input li
ne 150.


Package natbib Warning: Citation `Wang2012' on page 3 undefined on input line 1
50.


Package natbib Warning: Citation `Reich2014' on page 3 undefined on input line 
150.


Package natbib Warning: Citation `Curtis1996' on page 3 undefined on input line
 150.


Package natbib Warning: Citation `Ainsworth2007' on page 3 undefined on input l
ine 150.


Package natbib Warning: Citation `Holtum2010' on page 3 undefined on input line
 150.


Package natbib Warning: Citation `Keenan2013' on page 3 undefined on input line
 150.


Package natbib Warning: Citation `VanderSleen2014' on page 3 undefined on input
 line 150.


Package natbib Warning: Citation `Wang2012' on page 3 undefined on input line 1
50.


Package natbib Warning: Citation `Korner2006' on page 3 undefined on input line
 150.


Package natbib Warning: Citation `Manea2014' on page 3 undefined on input line 
150.


Package natbib Warning: Citation `Reich2014' on page 3 undefined on input line 
150.


Package natbib Warning: Citation `Nie2013' on page 3 undefined on input line 15
0.


Package natbib Warning: Citation `Wang2010' on page 3 undefined on input line 1
50.


Package natbib Warning: Citation `Pregitzer1995' on page 3 undefined on input l
ine 150.


Package natbib Warning: Citation `Pregitzer2000' on page 3 undefined on input l
ine 150.


Package natbib Warning: Citation `Matamala2000' on page 3 undefined on input li
ne 150.


Package natbib Warning: Citation `Lipson2014' on page 3 undefined on input line
 150.


Package natbib Warning: Citation `Poorter2003a' on page 3 undefined on input li
ne 150.


Package natbib Warning: Citation `Bader2010' on page 3 undefined on input line 
150.


Package natbib Warning: Citation `Poorter2007' on page 3 undefined on input lin
e 150.


Underfull \vbox (badness 4518) has occurred while \output is active []

 [3

]

Package natbib Warning: Citation `Megonigal2005' on page 4 undefined on input l
ine 152.


Package natbib Warning: Citation `Arenque2014' on page 4 undefined on input lin
e 152.


Package natbib Warning: Citation `Shimono2012' on page 4 undefined on input lin
e 152.


Package natbib Warning: Citation `Gutschick2003' on page 4 undefined on input l
ine 152.


Package natbib Warning: Citation `Drew1997' on page 4 undefined on input line 1
52.

Missing character: There is no ‚ in font cmr12!
Missing character: There is no Ä in font cmr12!
Missing character: There is no ò in font cmr12!
Missing character: There is no ‚ in font cmr12!
Missing character: There is no Ä in font cmr12!
Missing character: There is no ô in font cmr12!

Package natbib Warning: Citation `Holtum2010' on page 4 undefined on input line
 154.


Package natbib Warning: Citation `Pregitzer1995' on page 4 undefined on input l
ine 154.


Underfull \vbox (badness 1292) has occurred while \output is active []

 [4]
[5]
LaTeX Font Info:    Try loading font information for OMS+cmr on input line 157.

 ("C:\Program Files (x86)\miktex2.9\tex\latex\base\omscmr.fd"
File: omscmr.fd 1999/05/25 v2.5h Standard LaTeX font definitions
)
LaTeX Font Info:    Font shape `OMS/cmr/m/n' in size <12> not available
(Font)              Font shape `OMS/cmsy/m/n' tried instead on input line 157.

! Too many }'s.
l.157 ...yptus camaldulensis subsp. camaldulensis}
                                                   dominate many riparian en...
You've closed more groups than you opened.
Such booboos are generally harmless, so keep going.

Missing character: There is no ¬ in font cmr8!
Missing character: There is no ñ in font cmr8!
Missing character: There is no ¬ in font cmr8!
Missing character: There is no ñ in font cmr8!
Missing character: There is no ¬ in font cmr8!
Missing character: There is no ñ in font cmr8!
Missing character: There is no ¬ in font cmr8!
Missing character: There is no ñ in font cmr8!

Underfull \hbox (badness 10000) in paragraph at lines 175--175
\OT1/cmr/m/it/8 camaldulensis subsp.
 []


Underfull \hbox (badness 1052) in paragraph at lines 175--175
\OT1/cmr/m/n/8 in Gulf of Car-pen-taria
 []


Underfull \hbox (badness 10000) in paragraph at lines 175--175
[]|\OT1/cmr/m/n/8 Inland ri-par-ian ar-eas
 []


Underfull \hbox (badness 10000) in paragraph at lines 175--175
\OT1/cmr/m/n/8 through-out south-
 []


Underfull \hbox (badness 10000) in paragraph at lines 175--175
\OT1/cmr/m/n/8 subsp. dis-tributed
 []


Underfull \hbox (badness 10000) in paragraph at lines 175--175
\OT1/cmr/m/n/8 through-out con-ti-nen-tal
 []


Underfull \hbox (badness 1052) in paragraph at lines 175--175
\OT1/cmr/m/n/8 in Gulf of Car-pen-taria
 []


Underfull \hbox (badness 10000) in paragraph at lines 175--175
[]|\OT1/cmr/m/n/8 Inland ri-par-ian ar-eas
 []


Underfull \hbox (badness 10000) in paragraph at lines 175--175
\OT1/cmr/m/n/8 through-out south-
 []


Underfull \hbox (badness 10000) in paragraph at lines 175--175
\OT1/cmr/m/n/8 subsp. dis-tributed
 []


Underfull \hbox (badness 10000) in paragraph at lines 175--175
\OT1/cmr/m/n/8 through-out con-ti-nen-tal
 []

Missing character: There is no ¬ in font cmr8!
Missing character: There is no ñ in font cmr8!

Underfull \hbox (badness 3108) in paragraph at lines 175--175
\OT1/cmr/m/n/8 or tree, 38 m high$[]$.
 []

Missing character: There is no ¬ in font cmr8!
Missing character: There is no ñ in font cmr8!

Underfull \hbox (badness 4765) in paragraph at lines 175--175
[]|\OT1/cmr/m/n/8 Large, spread-ing tree,
 []


Underfull \hbox (badness 10000) in paragraph at lines 175--175
[]|\OT1/cmr/m/n/8 Facultative rheo-phyte.
 []


Underfull \hbox (badness 10000) in paragraph at lines 175--175
\OT1/cmr/m/n/8 Found in scle-ro-phyll
 []


Underfull \hbox (badness 10000) in paragraph at lines 175--175
\OT1/cmr/m/n/8 wa-ter-courses and in
 []


Underfull \hbox (badness 10000) in paragraph at lines 175--175
\OT1/cmr/m/n/8 sandy al-lu-vial soils.
 []


Underfull \hbox (badness 10000) in paragraph at lines 175--175
\OT1/cmr/m/n/8 Typ-i-cally on chan-
 []


Underfull \hbox (badness 5460) in paragraph at lines 175--175
\OT1/cmr/m/n/8 nel banks and raised
 []


Underfull \hbox (badness 10000) in paragraph at lines 175--175
[]|\OT1/cmr/m/n/8 Obligate rheo-phyte.
 []


Underfull \hbox (badness 10000) in paragraph at lines 175--175
\OT1/cmr/m/n/8 Found along per-ma-
 []


Underfull \hbox (badness 5475) in paragraph at lines 175--175
\OT1/cmr/m/n/8 nent wa-ter-courses, on
 []


Underfull \hbox (badness 2310) in paragraph at lines 175--175
\OT1/cmr/m/n/8 sand to large cob-bles.
 []


Underfull \hbox (badness 4391) in paragraph at lines 175--175
\OT1/cmr/m/n/8 Of-ten found on bars,
 []


Underfull \hbox (badness 10000) in paragraph at lines 175--175
\OT1/cmr/m/n/8 benches and chan-nel
 []


Underfull \hbox (badness 10000) in paragraph at lines 175--175
[]|\OT1/cmr/m/n/8 Obligate rheo-phyte.
 []


Underfull \hbox (badness 3209) in paragraph at lines 175--175
\OT1/cmr/m/n/8 flood plains as-so-ci-ated
 []


Underfull \hbox (badness 3386) in paragraph at lines 175--175
\OT1/cmr/m/n/8 with large, per-ma-nent
 []


Underfull \hbox (badness 10000) in paragraph at lines 175--175
[]|\OT1/cmr/m/n/8 Nodulated with
 []


Underfull \hbox (badness 10000) in paragraph at lines 175--175
[]|\OT1/cmr/m/n/8 Ecosystem en-gi-neer.
 []


Underfull \hbox (badness 10000) in paragraph at lines 175--175
\OT1/cmr/m/n/8 of fresh ge-o-mor-phic
 []


Underfull \hbox (badness 10000) in paragraph at lines 175--175
[]|\OT1/cmr/m/n/8 Ecosystem en-gi-neer.
 []


Underfull \hbox (badness 10000) in paragraph at lines 175--175
\OT1/cmr/m/n/8 phys-i-cal struc-ture of
 []


Underfull \hbox (badness 10000) in paragraph at lines 175--175
\OT1/cmr/m/n/8 ri-par-ian land-scapes.
 []


Underfull \hbox (badness 10000) in paragraph at lines 175--175
\OT1/cmr/m/n/8 Highly ef-fec-tive at
 []


Underfull \hbox (badness 3364) in paragraph at lines 175--175
\OT1/cmr/m/n/8 mit-i-ga-tion of flooding-
 []


Underfull \hbox (badness 1314) in paragraph at lines 175--175
\OT1/cmr/m/n/8 induced land-form mass
 []

! Misplaced alignment tab character &.
l.177 ...tit{\textsuperscript{2}} Hubble, Docker &
                                                   Rutherfurd (2010), \texti...
I can't figure out why you would want to use a tab mark
here. If you just want an ampersand, the remedy is
simple: Just type `I\&' now. But if some right brace
up above has ended a previous alignment prematurely,
you're probably due for more error messages, and you
might try typing `S' now just to see what is salvageable.


Underfull \hbox (badness 10000) in paragraph at lines 160--183

 []


Package natbib Warning: Citation `Reich2014' on page 6 undefined on input line 
184.


Underfull \vbox (badness 10000) has occurred while \output is active []

 [6

]
! Undefined control sequence.
l.186 ...ote free drainage. 2.5 g L\textsupercript
                                                  {-1} of time-release ferti...
The control sequence at the end of the top line
of your error message was never \def'ed. If you have
misspelled it (e.g., `\hobx'), type `I' and the correct
spelling (e.g., `I\hbox'). Otherwise just continue,
and I'll forget about whatever was undefined.


Package natbib Warning: Citation `IPCC2014' on page 7 undefined on input line 1
90.

! Undefined control sequence.
l.190 ...tained between 16 and 28 \testsuperscript
                                                  {o}C. Plants were watered ...
The control sequence at the end of the top line
of your error message was never \def'ed. If you have
misspelled it (e.g., `\hobx'), type `I' and the correct
spelling (e.g., `I\hbox'). Otherwise just continue,
and I'll forget about whatever was undefined.

Missing character: There is no ‚ in font cmr12!
Missing character: There is no Ä in font cmr12!
Missing character: There is no ú in font cmr12!
Missing character: There is no ‚ in font cmr12!
Missing character: There is no Ä in font cmr12!
Missing character: There is no ù in font cmr12!
Missing character: There is no ‚ in font cmr12!
Missing character: There is no Ä in font cmr12!
Missing character: There is no ú in font cmr12!
Missing character: There is no ‚ in font cmr12!
Missing character: There is no Ä in font cmr12!
Missing character: There is no ù in font cmr12!
Missing character: There is no ‚ in font cmr12!
Missing character: There is no Ä in font cmr12!
Missing character: There is no ú in font cmr12!
Missing character: There is no ‚ in font cmr12!
Missing character: There is no Ä in font cmr12!
Missing character: There is no ù in font cmr12!
Missing character: There is no ‚ in font cmr12!
Missing character: There is no Ä in font cmr12!
Missing character: There is no ú in font cmr12!
Missing character: There is no ‚ in font cmr12!
Missing character: There is no Ä in font cmr12!
Missing character: There is no ù in font cmr12!
Missing character: There is no ‚ in font cmr12!
Missing character: There is no Ä in font cmr12!
Missing character: There is no ú in font cmr12!
Missing character: There is no ‚ in font cmr12!
Missing character: There is no Ä in font cmr12!
Missing character: There is no ù in font cmr12!
Missing character: There is no ‚ in font cmr12!
Missing character: There is no Ä in font cmr12!
Missing character: There is no ú in font cmr12!
Missing character: There is no ‚ in font cmr12!
Missing character: There is no Ä in font cmr12!
Missing character: There is no ù in font cmr12!
Missing character: There is no ‚ in font cmr12!
Missing character: There is no Ä in font cmr12!
Missing character: There is no ú in font cmr12!
Missing character: There is no ‚ in font cmr12!
Missing character: There is no Ä in font cmr12!
Missing character: There is no ù in font cmr12!
Missing character: There is no ‚ in font cmr12!
Missing character: There is no Ä in font cmr12!
Missing character: There is no ú in font cmr12!
Missing character: There is no ‚ in font cmr12!
Missing character: There is no Ä in font cmr12!
Missing character: There is no ù in font cmr12!

Underfull \vbox (badness 5077) has occurred while \output is active []

 [7]
Missing character: There is no ¬ in font cmr12!
Missing character: There is no µ in font cmr12!


Package natbib Warning: Citation `Birouste2013' on page 8 undefined on input li
ne 196.


Package natbib Warning: Citation `RCoreTeam2015' on page 8 undefined on input l
ine 199.

Missing character: There is no ‚ in font cmr12!
Missing character: There is no Ä in font cmr12!
Missing character: There is no ú in font cmr12!
Missing character: There is no ‚ in font cmr12!
Missing character: There is no Ä in font cmr12!
Missing character: There is no ù in font cmr12!
Missing character: There is no ‚ in font cmr12!
Missing character: There is no Ä in font cmr12!
Missing character: There is no ú in font cmr12!
Missing character: There is no ‚ in font cmr12!
Missing character: There is no Ä in font cmr12!
Missing character: There is no ù in font cmr12!
Missing character: There is no ‚ in font cmr12!
Missing character: There is no Ä in font cmr12!
Missing character: There is no ú in font cmr12!
Missing character: There is no ‚ in font cmr12!
Missing character: There is no Ä in font cmr12!
Missing character: There is no ù in font cmr12!
Missing character: There is no ‚ in font cmr12!
Missing character: There is no Ä in font cmr12!
Missing character: There is no ô in font cmr12!

Package natbib Warning: Citation `Lansgrud2003' on page 8 undefined on input li
ne 199.


Underfull \vbox (badness 1292) has occurred while \output is active []

 [8]
Missing character: There is no Œ in font cmr12!
Missing character: There is no º in font cmr12!
Missing character: There is no ‚ in font cmr12!
Missing character: There is no Å in font cmr12!
Missing character: There is no ª in font cmr12!
Missing character: There is no ¬ in font cmr12!
Missing character: There is no ≤ in font cmr12!
Missing character: There is no ‚ in font cmr12!
Missing character: There is no Å in font cmr12!
Missing character: There is no ª in font cmr12!
Missing character: There is no ¬ in font cmr12!
Missing character: There is no π in font cmr12!

Overfull \hbox (5.79433pt too wide) in paragraph at lines 207--208
[]\OT1/cmr/m/n/12 Elevated CO$[]$ sig-nif-i-cantly in-creased leaf-level pho-to
-syn-the-sis for all three species
 []

[9] [10]

Package longtable Warning: Column widths have changed
(longtable)                in table 1.2 on input line 274.

[11

] [12]

! LaTeX Error: \begin{landscape} on input line 214 ended by \end{tiny}.

See the LaTeX manual or LaTeX Companion for explanation.
Type  H <return>  for immediate help.
 ...                                              
                                                  
l.278 \end{tiny}
                
Your command was ignored.
Type  I <command> <return>  to replace it with another command,
or  <return>  to continue without it.

<gasexchange2.png, id=52, 476.2593pt x 376.0449pt>
File: gasexchange2.png Graphic file (type png)
 <use gasexchange2.png>
Package pdftex.def Info: gasexchange2.png used on input line 283.
(pdftex.def)             Requested size: 418.0pt x 330.04836pt.
LaTeX Font Info:    External font `cmex10' loaded for size
(Font)              <10.95> on input line 284.


LaTeX Warning: `!h' float specifier changed to `!ht'.

[13

] <biomass2.png, id=58, 481.0773pt x 496.85625pt>
File: biomass2.png Graphic file (type png)
 <use biomass2.png>
Package pdftex.def Info: biomass2.png used on input line 302.
(pdftex.def)             Requested size: 418.0pt x 431.71558pt.


LaTeX Warning: `!h' float specifier changed to `!ht'.


Underfull \vbox (badness 10000) has occurred while \output is active []

 [14 <C:/Users/James/Desktop/stuff/data/analysis/R/THESIS/THESIS/gasexchange2.p
ng>]
[15 <C:/Users/James/Desktop/stuff/data/analysis/R/THESIS/THESIS/biomass2.png>]
<traits2.png, id=68, 479.8728pt x 448.074pt>
File: traits2.png Graphic file (type png)
 <use traits2.png>
Package pdftex.def Info: traits2.png used on input line 319.
(pdftex.def)             Requested size: 418.0pt x 390.32033pt.


LaTeX Warning: `!h' float specifier changed to `!ht'.


Package natbib Warning: Citation `Colmer2009' on page 16 undefined on input lin
e 327.


Overfull \hbox (3.22896pt too wide) in paragraph at lines 327--328
[]\OT1/cmr/m/n/12 While pho-to-syn-the-sis is the pri-mary means by which plant
s ac-cu-mu-late biomass,
 []

[16]
Underfull \vbox (badness 10000) has occurred while \output is active []

 [17 <C:/Users/James/Desktop/stuff/data/analysis/R/THESIS/THESIS/traits2.png>]

Package natbib Warning: Citation `Evans2004' on page 18 undefined on input line
 331.


Package natbib Warning: Citation `Sena-Gomes1980' on page 18 undefined on input
 line 331.


Package natbib Warning: Citation `Marcar1993' on page 18 undefined on input lin
e 331.


Package natbib Warning: Citation `Kogawara2006' on page 18 undefined on input l
ine 331.

Missing character: There is no ‚ in font cmr12!
Missing character: There is no Ä in font cmr12!
Missing character: There is no ì in font cmr12!

Package natbib Warning: Citation `Birouste2013' on page 18 undefined on input l
ine 333.

Missing character: There is no ‚ in font cmr12!
Missing character: There is no Ä in font cmr12!
Missing character: There is no ì in font cmr12!
Missing character: There is no ‚ in font cmr12!
Missing character: There is no Ä in font cmr12!
Missing character: There is no ì in font cmr12!

Package natbib Warning: Citation `Reich2014' on page 18 undefined on input line
 333.


Package natbib Warning: Citation `Ryser2011' on page 18 undefined on input line
 333.


Package natbib Warning: Citation `Visser2000' on page 18 undefined on input lin
e 333.


Package natbib Warning: Citation `DeSimone2002' on page 18 undefined on input l
ine 333.

Missing character: There is no ‚ in font cmr12!
Missing character: There is no Ä in font cmr12!
Missing character: There is no ò in font cmr12!
Missing character: There is no ‚ in font cmr12!
Missing character: There is no Ä in font cmr12!
Missing character: There is no ô in font cmr12!

Package natbib Warning: Citation `Wright2004' on page 18 undefined on input lin
e 333.


Package natbib Warning: Citation `Reich2014' on page 18 undefined on input line
 333.


Package natbib Warning: Citation `Poorter2003a' on page 18 undefined on input l
ine 333.


Package natbib Warning: Citation `Bauer2001' on page 18 undefined on input line
 333.


Package natbib Warning: Citation `Iversen2008' on page 18 undefined on input li
ne 333.


Package natbib Warning: Citation `Bauer2001' on page 18 undefined on input line
 333.


Package natbib Warning: Citation `Prior1994' on page 18 undefined on input line
 333.


Underfull \vbox (badness 1292) has occurred while \output is active []

 [18]

Package natbib Warning: Citation `Dawson1989' on page 19 undefined on input lin
e 335.


Package natbib Warning: Citation `Reich2006' on page 19 undefined on input line
 335.

Missing character: There is no ‚ in font cmr12!
Missing character: There is no Ä in font cmr12!
Missing character: There is no ò in font cmr12!
Missing character: There is no ‚ in font cmr12!
Missing character: There is no Ä in font cmr12!
Missing character: There is no ô in font cmr12!
Missing character: There is no ‚ in font cmr12!
Missing character: There is no Ä in font cmr12!
Missing character: There is no ì in font cmr12!

Package natbib Warning: Citation `Erskine2009' on page 19 undefined on input li
ne 335.

Missing character: There is no ‚ in font cmr12!
Missing character: There is no Ä in font cmr12!
Missing character: There is no ì in font cmr12!
Missing character: There is no ‚ in font cmr12!
Missing character: There is no Ä in font cmr12!
Missing character: There is no ì in font cmr12!

Package natbib Warning: Citation `Megonigal2005' on page 19 undefined on input 
line 338.


Package natbib Warning: Citation `Woolfrey2001' on page 19 undefined on input l
ine 338.


Underfull \vbox (badness 10000) has occurred while \output is active []

 [19]
No file glasshouse_backup.bbl.

Package natbib Warning: There were undefined citations.

[20]

Package longtable Warning: Table widths have changed. Rerun LaTeX.


(C:\Users\James\Desktop\stuff\data\analysis\R\THESIS\THESIS\glasshouse_backup.a
ux)

LaTeX Warning: Label(s) may have changed. Rerun to get cross-references right.

 ) 
Here is how much of TeX's memory you used:
 7218 strings out of 493921
 103081 string characters out of 3145277
 262625 words of memory out of 3000000
 10471 multiletter control sequences out of 15000+200000
 12044 words of font info for 41 fonts, out of 3000000 for 9000
 841 hyphenation exceptions out of 8191
 38i,14n,47p,2340b,655s stack positions out of 5000i,500n,10000p,200000b,50000s
<C:/Program Files (x86)/miktex2.9/fonts/type1/public/amsfonts/cm/cmbx12.pfb><
C:/Program Files (x86)/miktex2.9/fonts/type1/public/amsfonts/cm/cmmi12.pfb><C:/
Program Files (x86)/miktex2.9/fonts/type1/public/amsfonts/cm/cmmi8.pfb><C:/Prog
ram Files (x86)/miktex2.9/fonts/type1/public/amsfonts/cm/cmr10.pfb><C:/Program 
Files (x86)/miktex2.9/fonts/type1/public/amsfonts/cm/cmr12.pfb><C:/Program File
s (x86)/miktex2.9/fonts/type1/public/amsfonts/cm/cmr6.pfb><C:/Program Files (x8
6)/miktex2.9/fonts/type1/public/amsfonts/cm/cmr8.pfb><C:/Program Files (x86)/mi
ktex2.9/fonts/type1/public/amsfonts/cm/cmsl12.pfb><C:/Program Files (x86)/mikte
x2.9/fonts/type1/public/amsfonts/cm/cmss12.pfb><C:/Program Files (x86)/miktex2.
9/fonts/type1/public/amsfonts/cm/cmss17.pfb><C:/Program Files (x86)/miktex2.9/f
onts/type1/public/amsfonts/cm/cmsy10.pfb><C:/Program Files (x86)/miktex2.9/font
s/type1/public/amsfonts/cm/cmti12.pfb><C:/Program Files (x86)/miktex2.9/fonts/t
ype1/public/amsfonts/cm/cmti7.pfb><C:/Program Files (x86)/miktex2.9/fonts/type1
/public/amsfonts/cm/cmti8.pfb>
Output written on glasshouse_backup.pdf (20 pages, 1787517 bytes).
PDF statistics:
 130 PDF objects out of 1000 (max. 8388607)
 0 named destinations out of 1000 (max. 500000)
 16 words of extra memory for PDF output out of 10000 (max. 10000000)

