This is pdfTeX, Version 3.1415926-2.5-1.40.14 (MiKTeX 2.9) (preloaded format=pdflatex 2015.6.26)  24 AUG 2015 17:23
entering extended mode
**SEQLD.tex
("C:\Users\James\Desktop\stuff\data\analysis\R\THESIS\4 SEQLD\SEQLD.tex"
LaTeX2e <2011/06/27>
Babel <v3.8m> and hyphenation patterns for english, afrikaans, ancientgreek, ar
abic, armenian, assamese, basque, bengali, bokmal, bulgarian, catalan, coptic, 
croatian, czech, danish, dutch, esperanto, estonian, farsi, finnish, french, ga
lician, german, german-x-2013-05-26, greek, gujarati, hindi, hungarian, iceland
ic, indonesian, interlingua, irish, italian, kannada, kurmanji, latin, latvian,
 lithuanian, malayalam, marathi, mongolian, mongolianlmc, monogreek, ngerman, n
german-x-2013-05-26, nynorsk, oriya, panjabi, pinyin, polish, portuguese, roman
ian, russian, sanskrit, serbian, slovak, slovenian, spanish, swedish, swissgerm
an, tamil, telugu, turkish, turkmen, ukenglish, ukrainian, uppersorbian, usengl
ishmax, welsh, loaded.
("C:\Program Files (x86)\miktex2.9\tex\latex\memoir\memoir.cls"
Document Class: memoir 2015/07/08 v3.7e configurable book, report, article docu
ment class
\onelineskip=\skip41
\lxvchars=\skip42
\xlvchars=\skip43
\@memcnta=\count79
\c@@memmarkcntra=\count80
\l@nohyphenation=\language69
("C:\Program Files (x86)\miktex2.9\tex\generic\oberdiek\ifpdf.sty"
Package: ifpdf 2011/01/30 v2.3 Provides the ifpdf switch (HO)
Package ifpdf Info: pdfTeX in PDF mode is detected.
)
("C:\Program Files (x86)\miktex2.9\tex\latex\ifetex\ifetex.sty"
Package: ifetex 2011/12/15 v1.2 ifetex

("C:\Program Files (x86)\miktex2.9\tex\plain\ifetex\ifetex.tex"))
("C:\Program Files (x86)\miktex2.9\tex\generic\ifxetex\ifxetex.sty"
Package: ifxetex 2010/09/12 v0.6 Provides ifxetex conditional
)
("C:\Program Files (x86)\miktex2.9\tex\generic\oberdiek\ifluatex.sty"
Package: ifluatex 2010/03/01 v1.3 Provides the ifluatex switch (HO)
Package ifluatex Info: LuaTeX not detected.
)
\stockheight=\skip44
\stockwidth=\skip45
\trimtop=\skip46
\trimedge=\skip47

("C:\Program Files (x86)\miktex2.9\tex\latex\misc\etex.sty"
Package: etex 1998/03/26 v2.0 eTeX basic definition package (PEB)
\et@xins=\count81
)
("C:\Program Files (x86)\miktex2.9\tex\latex\memoir\mem12.clo"
File: mem12.clo 2010/10/19 v0.4b memoir class 12pt size option
)
\binding=\skip48
\spinemargin=\skip49
\foremargin=\skip50
\uppermargin=\skip51
\lowermargin=\skip52
\headdrop=\skip53
\normalrulethickness=\skip54
\mem@maxheadheight=\skip55
\mem@maxfootheight=\skip56
\headwidth=\skip57
\c@storedpagenumber=\count82
\memPD=\dimen102
\m@mabparskip=\skip58
\thanksmarkwidth=\skip59
\thanksmarksep=\skip60
\droptitle=\skip61
\c@book=\count83
\c@part=\count84
\c@chapter=\count85
\c@section=\count86
\c@subsection=\count87
\c@subsubsection=\count88
\c@paragraph=\count89
\c@subparagraph=\count90
\beforechapskip=\skip62
\midchapskip=\skip63
\afterchapskip=\skip64
\chapindent=\skip65
\bottomsectionskip=\skip66
\secindent=\skip67
\beforesecskip=\skip68
\aftersecskip=\skip69
\subsecindent=\skip70
\beforesubsecskip=\skip71
\aftersubsecskip=\skip72
\subsubsecindent=\skip73
\beforesubsubsecskip=\skip74
\aftersubsubsecskip=\skip75
\paraindent=\skip76
\beforeparaskip=\skip77
\afterparaskip=\skip78
\subparaindent=\skip79
\beforesubparaskip=\skip80
\aftersubparaskip=\skip81
\pfbreakskip=\skip82
\c@@ppsavesec=\count91
\c@@ppsaveapp=\count92
\ragrparindent=\dimen103
\everylistparindent=\dimen104
\parsepi=\skip83
\topsepi=\skip84
\itemsepi=\skip85
\parsepii=\skip86
\topsepii=\skip87
\topsepiii=\skip88
\itemsepii=\skip89
\itemsepiii=\skip90
\partopsepii=\skip91
\partopsepiii=\skip92
\m@msavetopsep=\skip93
\m@msavepartopsep=\skip94
\@enLab=\toks14
\abstitleskip=\skip95
\absleftindent=\skip96
\abs@leftindent=\dimen105
\absrightindent=\skip97
\absparindent=\skip98
\absparsep=\skip99
\c@vslineno=\count93
\c@poemline=\count94
\c@modulo@vs=\count95
\c@memfvsline=\count96
\vleftskip=\skip100
\vrightskip=\skip101
\stanzaskip=\skip102
\versewidth=\skip103
\vgap=\skip104
\vindent=\skip105
\vleftmargin=\dimen106
\c@verse=\count97
\c@chrsinstr=\count98
\beforepoemtitleskip=\skip106
\afterpoemtitleskip=\skip107
\c@poem=\count99
\beforePoemTitleskip=\skip108
\midPoemTitleskip=\skip109
\afterPoemTitleskip=\skip110
\col@sep=\dimen107
\extrarowheight=\dimen108
\NC@list=\toks15
\extratabsurround=\skip111
\backup@length=\skip112
\TX@col@width=\dimen109
\TX@old@table=\dimen110
\TX@old@col=\dimen111
\TX@target=\dimen112
\TX@delta=\dimen113
\TX@cols=\count100
\TX@ftn=\toks16
\heavyrulewidth=\dimen114
\lightrulewidth=\dimen115
\cmidrulewidth=\dimen116
\belowrulesep=\dimen117
\belowbottomsep=\dimen118
\aboverulesep=\dimen119
\abovetopsep=\dimen120
\cmidrulesep=\dimen121
\cmidrulekern=\dimen122
\defaultaddspace=\dimen123
\@cmidla=\count101
\@cmidlb=\count102
\@aboverulesep=\dimen124
\@belowrulesep=\dimen125
\@thisruleclass=\count103
\@lastruleclass=\count104
\@thisrulewidth=\dimen126
\ctableftskip=\skip113
\ctabrightskip=\skip114
\abovecolumnspenalty=\count105
\@linestogo=\count106
\@cellstogo=\count107
\@cellsincolumn=\count108
\crtok=\toks17
\@mincolumnwidth=\dimen127
\c@newflo@tctr=\count109
\mem@margin@floatbox=\box26
\@contcwidth=\skip115
\@contindw=\skip116
\abovecaptionskip=\skip117
\belowcaptionskip=\skip118
\subfloattopskip=\skip119
\subfloatcapskip=\skip120
\subfloatcaptopadj=\skip121
\subfloatbottomskip=\skip122
\subfloatlabelskip=\skip123
\subfloatcapmargin=\dimen128
\c@@contsubnum=\count110
\m@mscap@capbox=\box27
\m@mscap@fbox=\box28
\sidecapsep=\dimen129
\sidecapwidth=\dimen130
\m@m@tempdima=\dimen131
\m@mscapraise=\dimen132
\sidecapraise=\dimen133
\m@mscapmainwidth=\dimen134
\m@mscaplkern=\dimen135
\beforeepigraphskip=\skip124
\afterepigraphskip=\skip125
\epigraphwidth=\skip126
\epigraphrule=\skip127
LaTeX Info: Redefining \em on input line 7535.
LaTeX Info: Redefining \emph on input line 7543.
\tocentryskip=\skip128
\tocbaseline=\skip129
\cftparskip=\skip130
\cftbeforebookskip=\skip131
\cftbookindent=\dimen136
\cftbooknumwidth=\dimen137
\cftbeforepartskip=\skip132
\cftpartindent=\skip133
\cftpartnumwidth=\skip134
\cftbeforechapterskip=\skip135
\cftchapterindent=\skip136
\cftchapternumwidth=\skip137
\cftbeforesectionskip=\skip138
\cftsectionindent=\skip139
\cftsectionnumwidth=\skip140
\cftbeforesubsectionskip=\skip141
\cftsubsectionindent=\skip142
\cftsubsectionnumwidth=\skip143
\cftbeforesubsubsectionskip=\skip144
\cftsubsubsectionindent=\skip145
\cftsubsubsectionnumwidth=\skip146
\cftbeforeparagraphskip=\skip147
\cftparagraphindent=\skip148
\cftparagraphnumwidth=\skip149
\cftbeforesubparagraphskip=\skip150
\cftsubparagraphindent=\skip151
\cftsubparagraphnumwidth=\skip152
\prechapterprecisshift=\dimen138
\c@maxsecnumdepth=\count111
\bibindent=\dimen139
\bibitemsep=\skip153
\indexcolsep=\skip154
\indexrule=\skip155
\indexmarkstyle=\toks18
\@indexbox=\insert233
\glossarycolsep=\dimen140
\glossaryrule=\dimen141
\sideparvshift=\skip156
\sideins=\insert232
\sidebartopsep=\skip157
\sidebarhsep=\skip158
\sidebarvsep=\skip159
\sidebarwidth=\skip160
\footmarkwidth=\skip161
\footmarksep=\skip162
\footparindent=\skip163
\footinsdim=\skip164
\footinsv@r=\insert231
\@mpfootinsv@r=\insert230
\m@m@k=\count112
\m@m@h=\dimen142
\m@mipn@skip=\skip165
\sidefootins=\insert229
\sidefootadjust=\skip166
\sidefootheight=\skip167
\sidefoothsep=\skip168
\sidefootvsep=\skip169
\sidefootwidth=\skip170
\m@mdownsf=\skip171
\c@sidefootnote=\count113
\sidefootmarkwidth=\skip172
\sidefootmarksep=\skip173
\sidefootparindent=\skip174
\c@pagenote=\count114
\c@pagenoteshadow=\count115
\mem@pn@lastkern=\skip175
\every@verbatim=\toks19
\afterevery@verbatim=\toks20
\verbatim@line=\toks21
\tab@position=\count116
\verbatim@in@stream=\read1
\verbatimindent=\skip176
\verbatim@out=\write3
\bvboxsep=\skip177
\c@memfbvline=\count117
\c@bvlinectr=\count118
\bvnumlength=\skip178
\fb@frw=\dimen143
\fb@frh=\dimen144
\FrameRule=\dimen145
\FrameSep=\dimen146
\c@cp@cntr=\count119
LaTeX Info: Redefining \: on input line 12052.
LaTeX Info: Redefining \! on input line 12054.
\c@ism@mctr=\count120
\c@xsm@mctr=\count121
\c@csm@mctr=\count122
\c@ksm@mctr=\count123
\c@xksm@mctr=\count124
\c@cksm@mctr=\count125
\c@msm@mctr=\count126
\c@xmsm@mctr=\count127
\c@cmsm@mctr=\count128
\c@bsm@mctr=\count129
\c@workm@mctr=\count130
\c@sheetsequence=\count131
\c@lastsheet=\count132
\c@lastpage=\count133
\c@figure=\count134
\c@lofdepth=\count135
\cftbeforefigureskip=\skip179
\cftfigureindent=\skip180
\cftfigurenumwidth=\skip181
\c@table=\count136
\c@lotdepth=\count137
\cftbeforetableskip=\skip182
\cfttableindent=\skip183
\cfttablenumwidth=\skip184
Package abstract [2008/07/23] emulated by memoir.
Package appendix [2008/07/23] emulated by memoir.
Package array [2008/09/09] emulated by memoir.
Package booktabs [2008/07/23] emulated by memoir.
Package ccaption [2008/07/23] emulated by memoir.
Package changepage [2008/07/23] emulated by memoir.
Package chngcntr [2008/07/23] emulated by memoir.
Package chngpage [2008/07/23] emulated by memoir.
Package crop emulated by memoir.
Package dcolumn [2008/07/23] emulated by memoir.
Package delarray [2008/07/23] emulated by memoir.
Package enumerate [2008/07/23] emulated by memoir.
Package epigraph [2008/07/23] emulated by memoir.
Package ifmtarg [2008/07/23] emulated by memoir.
Package index [2008/07/23] emulated by memoir.
Package makeidx [2008/07/23] emulated by memoir.
Package moreverb [2008/07/23] emulated by memoir.
Package mparhack [2008/07/23] emulated by memoir.
Package needspace [2008/07/23] emulated by memoir.
Package newfile [2008/07/23] emulated by memoir.
Package nextpage [2008/07/23] emulated by memoir.
Package pagenote [2008/07/23] emulated by memoir.
Package parskip [2008/07/23] emulated by memoir.
Package patchcmd [2008/07/23] emulated by memoir.
Package setspace [2008/07/23] emulated by memoir.
Package shortvrb [2008/07/23] emulated by memoir.
Package showidx [2008/07/23] emulated by memoir.
Package tabularx [2008/07/23] emulated by memoir.
Package titleref [2008/07/23] emulated by memoir.
Package titling [2008/07/23] emulated by memoir.
Package tocbibind [2008/07/23] emulated by memoir.
Package tocloft [2008/07/23] emulated by memoir.
Package tocvsec2 [2008/07/23] emulated by memoir.
Package verbatim [2008/07/23] emulated by memoir.
Package verse [2008/07/23] emulated by memoir.

("C:\Program Files (x86)\miktex2.9\tex\latex\memoir\mempatch.sty"
Package: mempatch 2009/07/24 v6.0f Patches for memoir class v1.6180339
))
("C:\Program Files (x86)\miktex2.9\tex\latex\graphics\graphicx.sty"
Package: graphicx 1999/02/16 v1.0f Enhanced LaTeX Graphics (DPC,SPQR)

("C:\Program Files (x86)\miktex2.9\tex\latex\graphics\keyval.sty"
Package: keyval 1999/03/16 v1.13 key=value parser (DPC)
\KV@toks@=\toks22
)
("C:\Program Files (x86)\miktex2.9\tex\latex\graphics\graphics.sty"
Package: graphics 2009/02/05 v1.0o Standard LaTeX Graphics (DPC,SPQR)

("C:\Program Files (x86)\miktex2.9\tex\latex\graphics\trig.sty"
Package: trig 1999/03/16 v1.09 sin cos tan (DPC)
)
("C:\Program Files (x86)\miktex2.9\tex\latex\00miktex\graphics.cfg"
File: graphics.cfg 2007/01/18 v1.5 graphics configuration of teTeX/TeXLive
)
Package graphics Info: Driver file: pdftex.def on input line 91.

("C:\Program Files (x86)\miktex2.9\tex\latex\pdftex-def\pdftex.def"
File: pdftex.def 2011/05/27 v0.06d Graphics/color for pdfTeX

("C:\Program Files (x86)\miktex2.9\tex\generic\oberdiek\infwarerr.sty"
Package: infwarerr 2010/04/08 v1.3 Providing info/warning/error messages (HO)
)
("C:\Program Files (x86)\miktex2.9\tex\generic\oberdiek\ltxcmds.sty"
Package: ltxcmds 2011/11/09 v1.22 LaTeX kernel commands for general use (HO)
)
\Gread@gobject=\count138
))
\Gin@req@height=\dimen147
\Gin@req@width=\dimen148
)
("C:\Program Files (x86)\miktex2.9\tex\latex\multirow\multirow.sty"
\bigstrutjot=\dimen149
)
("C:\Program Files (x86)\miktex2.9\tex\latex\tools\multicol.sty"
Package: multicol 2011/06/27 v1.7a multicolumn formatting (FMi)
\c@tracingmulticols=\count139
\mult@box=\box29
\multicol@leftmargin=\dimen150
\c@unbalance=\count140
\c@collectmore=\count141
\doublecol@number=\count142
\multicoltolerance=\count143
\multicolpretolerance=\count144
\full@width=\dimen151
\page@free=\dimen152
\premulticols=\dimen153
\postmulticols=\dimen154
\multicolsep=\skip185
\multicolbaselineskip=\skip186
\partial@page=\box30
\last@line=\box31
\mult@rightbox=\box32
\mult@grightbox=\box33
\mult@gfirstbox=\box34
\mult@firstbox=\box35
\@tempa=\box36
\@tempa=\box37
\@tempa=\box38
\@tempa=\box39
\@tempa=\box40
\@tempa=\box41
\@tempa=\box42
\@tempa=\box43
\@tempa=\box44
\@tempa=\box45
\@tempa=\box46
\@tempa=\box47
\@tempa=\box48
\@tempa=\box49
\@tempa=\box50
\@tempa=\box51
\@tempa=\box52
\c@columnbadness=\count145
\c@finalcolumnbadness=\count146
\last@try=\dimen155
\multicolovershoot=\dimen156
\multicolundershoot=\dimen157
\mult@nat@firstbox=\box53
\colbreak@box=\box54
\multicol@sort@counter=\count147
)
("C:\Program Files (x86)\miktex2.9\tex\latex\cite\cite.sty"
LaTeX Info: Redefining \cite on input line 302.
LaTeX Info: Redefining \nocite on input line 332.
Package: cite 2015/02/27  v 5.5
)
("C:\Program Files (x86)\miktex2.9\tex\latex\natbib\natbib.sty"
Package: natbib 2010/09/13 8.31b (PWD, AO)


Package natbib Warning: The `cite' package should not be used
(natbib)                with natbib. Use option `sort' instead.

\bibhang=\skip187
\bibsep=\skip188
LaTeX Info: Redefining \cite on input line 694.
LaTeX Info: Redefining \citenum on input line 708.
\c@NAT@ctr=\count148
) ("C:\Program Files (x86)\miktex2.9\tex\latex\threeparttable\threeparttable.st
y"
Package: threeparttable 2003/06/13  v 3.0
\@tempboxb=\box55
) ("C:\Program Files (x86)\miktex2.9\tex\latex\setspace\setspace.sty"
Package: setspace 2011/12/19 v6.7a set line spacing
)
("C:\Program Files (x86)\miktex2.9\tex\latex\tools\longtable.sty"
Package: longtable 2004/02/01 v4.11 Multi-page Table package (DPC)
\LTleft=\skip189
\LTright=\skip190
\LTpre=\skip191
\LTpost=\skip192
\LTchunksize=\count149
\LTcapwidth=\dimen158
\LT@head=\box56
\LT@firsthead=\box57
\LT@foot=\box58
\LT@lastfoot=\box59
\LT@cols=\count150
\LT@rows=\count151
\c@LT@tables=\count152
\c@LT@chunks=\count153
\LT@p@ftn=\toks23
)
("C:\Program Files (x86)\miktex2.9\tex\latex\tabu\tabu.sty"
Package: tabu 2011/02/26 v2.8 - flexible LaTeX tabulars (FC)

("C:\Program Files (x86)\miktex2.9\tex\latex\ltxmisc\varwidth.sty"
Package: varwidth 2009/03/30 ver 0.92;  Variable-width minipages
\@vwid@box=\box60
\sift@deathcycles=\count154
\@vwid@loff=\dimen159
\@vwid@roff=\dimen160
)
\c@taburow=\count155
\tabu@nbcols=\count156
\tabu@cnt=\count157
\tabu@Xcol=\count158
\tabu@alloc=\count159
\tabu@nested=\count160
\tabu@target=\dimen161
\tabu@spreadtarget=\dimen162
\tabu@naturalX=\dimen163
\tabucolX=\dimen164
\tabu@Xsum=\dimen165
\extrarowdepth=\dimen166
\abovetabulinesep=\dimen167
\belowtabulinesep=\dimen168
\tabustrutrule=\dimen169
\tabu@thebody=\toks24
\tabu@footnotes=\toks25
\tabu@box=\box61
\tabu@arstrutbox=\box62
\tabu@hleads=\box63
\tabu@vleads=\box64
\tabu@cellskip=\skip193
)
("C:\Program Files (x86)\miktex2.9\tex\latex\oberdiek\pdflscape.sty"
Package: pdflscape 2008/08/11 v0.10 Display of landscape pages in PDF (HO)

("C:\Program Files (x86)\miktex2.9\tex\latex\graphics\lscape.sty"
Package: lscape 2000/10/22 v3.01 Landscape Pages (DPC)
)
Package pdflscape Info: Auto-detected driver: pdftex on input line 80.
)

Class memoir Warning: You are using the caption package with the memoir class. 
To prepare we will now reset all captioning macros and configurations to kernel
 defaults, and then let the caption package take over. Please remember to use t
he caption package interfaces in order to configure your captions. .

("C:\Program Files (x86)\miktex2.9\tex\latex\caption\caption.sty"
Package: caption 2013/05/02 v3.3-89 Customizing captions (AR)

("C:\Program Files (x86)\miktex2.9\tex\latex\caption\caption3.sty"
Package: caption3 2013/05/02 v1.6-88 caption3 kernel (AR)
Package caption3 Info: TeX engine: e-TeX on input line 57.
\captionmargin=\dimen170
\captionmargin@=\dimen171
\captionwidth=\dimen172
\caption@tempdima=\dimen173
\caption@indent=\dimen174
\caption@parindent=\dimen175
\caption@hangindent=\dimen176
)
\c@ContinuedFloat=\count161
Package caption Info: longtable package is loaded.

("C:\Program Files (x86)\miktex2.9\tex\latex\caption\ltcaption.sty"
Package: ltcaption 2013/02/03 v1.3-62 longtable captions (AR)
)
Package caption Info: threeparttable package is loaded.
)

******************************************************
Stock height and width: 845.04684pt by 597.50787pt
Top and edge trims: 0pt and 0pt
Page height and width: 845.04684pt by 597.50787pt
Text height and width: 664.5pt by 418pt
Spine and edge margins: 76.82243pt and 102.42992pt
Upper and lower margins: 72.8302pt and 107.71664pt
Headheight and headsep: 14.5pt and 36.05237pt
Footskip: 30pt
Columnsep and columnseprule: 10pt and 0pt
Marginparsep and marginparwidth: 7pt and 88.42992pt
Sidecapsep and sidecapwidth: 7pt and 92pt
Sidebarhsep and sidebarwidth: 7pt and 92pt
Sidebarvsep and sidebartopsep: 14.5pt and 0pt
Sidebarheight: 590.14995pt
Sidefoothsep and sidefootwidth: 7pt and 92pt
Sidefootvsep and sidefootheight: 14.5pt and 590.14995pt
******************************************************

("C:\Users\James\Desktop\stuff\data\analysis\R\THESIS\4 SEQLD\SEQLD.aux")
LaTeX Font Info:    Checking defaults for OML/cmm/m/it on input line 127.
LaTeX Font Info:    ... okay on input line 127.
LaTeX Font Info:    Checking defaults for T1/cmr/m/n on input line 127.
LaTeX Font Info:    ... okay on input line 127.
LaTeX Font Info:    Checking defaults for OT1/cmr/m/n on input line 127.
LaTeX Font Info:    ... okay on input line 127.
LaTeX Font Info:    Checking defaults for OMS/cmsy/m/n on input line 127.
LaTeX Font Info:    ... okay on input line 127.
LaTeX Font Info:    Checking defaults for OMX/cmex/m/n on input line 127.
LaTeX Font Info:    ... okay on input line 127.
LaTeX Font Info:    Checking defaults for U/cmr/m/n on input line 127.
LaTeX Font Info:    ... okay on input line 127.

("C:\Program Files (x86)\miktex2.9\tex\context\base\supp-pdf.mkii"
[Loading MPS to PDF converter (version 2006.09.02).]
\scratchcounter=\count162
\scratchdimen=\dimen177
\scratchbox=\box65
\nofMPsegments=\count163
\nofMParguments=\count164
\everyMPshowfont=\toks26
\MPscratchCnt=\count165
\MPscratchDim=\dimen178
\MPnumerator=\count166
\makeMPintoPDFobject=\count167
\everyMPtoPDFconversion=\toks27
)
Package caption Info: Begin \AtBeginDocument code.
Package caption Info: End \AtBeginDocument code.
 [1


{C:/Users/James/AppData/Local/MiKTeX/2.9/pdftex/config/pdftex.map}]
[2]
! Misplaced alignment tab character &.
l.148 ...ement effort worldwide (Naiman, Decamps &
                                                   Pollock 1993; Palmer et a...
I can't figure out why you would want to use a tab mark
here. If you just want an ampersand, the remedy is
simple: Just type `I\&' now. But if some right brace
up above has ended a previous alignment prematurely,
you're probably due for more error messages, and you
might try typing `S' now just to see what is salvageable.

! Misplaced alignment tab character &.
l.148 ...ity within riparian landscapes (Nilsson &
                                                   Svedmark 2002), and as su...
I can't figure out why you would want to use a tab mark
here. If you just want an ampersand, the remedy is
simple: Just type `I\&' now. But if some right brace
up above has ended a previous alignment prematurely,
you're probably due for more error messages, and you
might try typing `S' now just to see what is salvageable.

! Misplaced alignment tab character &.
l.148 ...y drivers of ecological change (Nilsson &
                                                   Berggren 2000; Stromberg ...
I can't figure out why you would want to use a tab mark
here. If you just want an ampersand, the remedy is
simple: Just type `I\&' now. But if some right brace
up above has ended a previous alignment prematurely,
you're probably due for more error messages, and you
might try typing `S' now just to see what is salvageable.

! Misplaced alignment tab character &.
l.150 ...s of species diversity (Costanza, Moody &
                                                   Peet 2011; Stein, Gerstne...
I can't figure out why you would want to use a tab mark
here. If you just want an ampersand, the remedy is
simple: Just type `I\&' now. But if some right brace
up above has ended a previous alignment prematurely,
you're probably due for more error messages, and you
might try typing `S' now just to see what is salvageable.

! Misplaced alignment tab character &.
l.150 ...nza, Moody & Peet 2011; Stein, Gerstner &
                                                   Kreft 2014). According to...
I can't figure out why you would want to use a tab mark
here. If you just want an ampersand, the remedy is
simple: Just type `I\&' now. But if some right brace
up above has ended a previous alignment prematurely,
you're probably due for more error messages, and you
might try typing `S' now just to see what is salvageable.

! Misplaced alignment tab character &.
l.150 ...m functioning relationships (Hillebrand &
                                                   Matthiessen 2009).
I can't figure out why you would want to use a tab mark
here. If you just want an ampersand, the remedy is
simple: Just type `I\&' now. But if some right brace
up above has ended a previous alignment prematurely,
you're probably due for more error messages, and you
might try typing `S' now just to see what is salvageable.

! Misplaced alignment tab character &.
l.152 ...turing riparian ecosystems (Poff, Allan &
                                                   Bain 1997; Bendix & Hupp ...
I can't figure out why you would want to use a tab mark
here. If you just want an ampersand, the remedy is
simple: Just type `I\&' now. But if some right brace
up above has ended a previous alignment prematurely,
you're probably due for more error messages, and you
might try typing `S' now just to see what is salvageable.

! Misplaced alignment tab character &.
l.152 ...ystems (Poff, Allan & Bain 1997; Bendix &
                                                   Hupp 2000). The spatial a...
I can't figure out why you would want to use a tab mark
here. If you just want an ampersand, the remedy is
simple: Just type `I\&' now. But if some right brace
up above has ended a previous alignment prematurely,
you're probably due for more error messages, and you
might try typing `S' now just to see what is salvageable.

! Misplaced alignment tab character &.
l.152 ...y of fluvial landforms produced (Fryirs &
                                                   Brierley 2012). This subs...
I can't figure out why you would want to use a tab mark
here. If you just want an ampersand, the remedy is
simple: Just type `I\&' now. But if some right brace
up above has ended a previous alignment prematurely,
you're probably due for more error messages, and you
might try typing `S' now just to see what is salvageable.

! Misplaced alignment tab character &.
l.152 ...s for plant community assembly (Nilsson &
                                                   Svedmark 2002).
I can't figure out why you would want to use a tab mark
here. If you just want an ampersand, the remedy is
simple: Just type `I\&' now. But if some right brace
up above has ended a previous alignment prematurely,
you're probably due for more error messages, and you
might try typing `S' now just to see what is salvageable.


Underfull \vbox (badness 4518) has occurred while \output is active []

 [3

]
! Misplaced alignment tab character &.
l.154 ...nly described (e.g. Bendix 1997; Bendix &
                                                   Hupp 2000; Lite, Bagstad ...
I can't figure out why you would want to use a tab mark
here. If you just want an ampersand, the remedy is
simple: Just type `I\&' now. But if some right brace
up above has ended a previous alignment prematurely,
you're probably due for more error messages, and you
might try typing `S' now just to see what is salvageable.

! Misplaced alignment tab character &.
l.154 ...1997; Bendix & Hupp 2000; Lite, Bagstad &
                                                   Stromberg 2005; Corenblit...
I can't figure out why you would want to use a tab mark
here. If you just want an ampersand, the remedy is
simple: Just type `I\&' now. But if some right brace
up above has ended a previous alignment prematurely,
you're probably due for more error messages, and you
might try typing `S' now just to see what is salvageable.

Missing character: There is no ‘ in font cmr12!
Missing character: There is no ’ in font cmr12!
Missing character: There is no ’ in font cmr12!
! Misplaced alignment tab character &.
l.156 ... by dams, weirs and diversions (Nilsson &
                                                   Berggren 2000; Nilsson et...
I can't figure out why you would want to use a tab mark
here. If you just want an ampersand, the remedy is
simple: Just type `I\&' now. But if some right brace
up above has ended a previous alignment prematurely,
you're probably due for more error messages, and you
might try typing `S' now just to see what is salvageable.

! Misplaced alignment tab character &.
l.156 ...to be idiosyncratic (Mackay, Arthington &
                                                   James 2014), flow regulat...
I can't figure out why you would want to use a tab mark
here. If you just want an ampersand, the remedy is
simple: Just type `I\&' now. But if some right brace
up above has ended a previous alignment prematurely,
you're probably due for more error messages, and you
might try typing `S' now just to see what is salvageable.

! Misplaced alignment tab character &.
l.156 ...ctional diversity (Stokes 2008; Merritt &
                                                   Poff 2010; Catford et al....
I can't figure out why you would want to use a tab mark
here. If you just want an ampersand, the remedy is
simple: Just type `I\&' now. But if some right brace
up above has ended a previous alignment prematurely,
you're probably due for more error messages, and you
might try typing `S' now just to see what is salvageable.

! Misplaced alignment tab character &.
l.156 ...here low flow conditions dominate (Poff &
                                                   Zimmerman 2010).
I can't figure out why you would want to use a tab mark
here. If you just want an ampersand, the remedy is
simple: Just type `I\&' now. But if some right brace
up above has ended a previous alignment prematurely,
you're probably due for more error messages, and you
might try typing `S' now just to see what is salvageable.


Underfull \vbox (badness 1292) has occurred while \output is active []

 [4]
Missing character: There is no é in font cmr12!
Missing character: There is no – in font cmr12!
Missing character: There is no º in font cmr12!
Missing character: There is no º in font cmr12!
Missing character: There is no º in font cmr12!
Missing character: There is no º in font cmr12!

Underfull \vbox (badness 10000) has occurred while \output is active []

 [5]
! Misplaced alignment tab character &.
l.167 ...n in mean daily flow (Rustomji, Bennett &
                                                   Chiew 2009; Kennard et al...
I can't figure out why you would want to use a tab mark
here. If you just want an ampersand, the remedy is
simple: Just type `I\&' now. But if some right brace
up above has ended a previous alignment prematurely,
you're probably due for more error messages, and you
might try typing `S' now just to see what is salvageable.

Missing character: There is no – in font cmr12!
Missing character: There is no – in font cmr12!
<map.png, id=20, 405.76593pt x 581.92406pt>
File: map.png Graphic file (type png)
 <use map.png>
Package pdftex.def Info: map.png used on input line 174.
(pdftex.def)             Requested size: 341.43306pt x 489.67418pt.


LaTeX Warning: `!h' float specifier changed to `!ht'.

LaTeX Font Info:    External font `cmex10' loaded for size
(Font)              <12> on input line 181.
LaTeX Font Info:    External font `cmex10' loaded for size
(Font)              <8> on input line 181.
LaTeX Font Info:    External font `cmex10' loaded for size
(Font)              <6> on input line 181.

Underfull \vbox (badness 10000) has occurred while \output is active []

 [6]
Missing character: There is no – in font cmr12!

[7 <C:/Users/James/Desktop/stuff/data/analysis/R/THESIS/4 SEQLD/map.png>]
Missing character: There is no ’ in font cmr12!
Missing character: There is no ’ in font cmr12!
Missing character: There is no – in font cmr12!
Missing character: There is no – in font cmr12!

! Misplaced alignment tab character &.
l.189 ...ver Analysis Package (Marsh, Stewardson &
                                                   Kennard 2003), using line...
I can't figure out why you would want to use a tab mark
here. If you just want an ampersand, the remedy is
simple: Just type `I\&' now. But if some right brace
up above has ended a previous alignment prematurely,
you're probably due for more error messages, and you
might try typing `S' now just to see what is salvageable.

[8]
Missing character: There is no ¬ in font cmr12!
Missing character: There is no ¬ in font cmr12!

! Misplaced alignment tab character &.
l.193 ...eveloped for the region (Simons, Podger &
                                                   Cooke 1996). IQQM data we...
I can't figure out why you would want to use a tab mark
here. If you just want an ampersand, the remedy is
simple: Just type `I\&' now. But if some right brace
up above has ended a previous alignment prematurely,
you're probably due for more error messages, and you
might try typing `S' now just to see what is salvageable.

[9]
! Misplaced \noalign.
\hline ->\noalign 
                  {\ifnum 0=`}\fi \penalty \@M \futurelet \@let@token \LT@@h...
l.266 \end{longtabu}
                    }
I expect to see \noalign only after the \cr of
an alignment. Proceed, and I'll ignore this case.

! Misplaced \omit.
\multispan ->\omit 
                   \@multispan 
l.266 \end{longtabu}
                    }
I expect to see \omit only after tab marks or the \cr of
an alignment. Proceed, and I'll ignore this case.


Overfull \vbox (6.69025pt too high) detected at line 266
 []

! Extra alignment tab has been changed to \cr.
<recently read> \endtemplate 
                             
l.266 \end{longtabu}
                    }
You have given more \span or & marks than there were
in the preamble to the \halign or \valign now in progress.
So I'll assume that you meant to type \cr instead.


Overfull \vbox (56.50299pt too high) detected at line 266
 []

! Extra alignment tab has been changed to \cr.
<recently read> \endtemplate 
                             
l.266 \end{longtabu}
                    }
You have given more \span or & marks than there were
in the preamble to the \halign or \valign now in progress.
So I'll assume that you meant to type \cr instead.

! Extra alignment tab has been changed to \cr.
<recently read> \endtemplate 
                             
l.266 \end{longtabu}
                    }
You have given more \span or & marks than there were
in the preamble to the \halign or \valign now in progress.
So I'll assume that you meant to type \cr instead.


Overfull \vbox (10.90065pt too high) detected at line 266
 []

! Misplaced \noalign.
\hline ->\noalign 
                  {\ifnum 0=`}\fi \penalty \@M \futurelet \@let@token \LT@@h...
l.266 \end{longtabu}
                    }
I expect to see \noalign only after the \cr of
an alignment. Proceed, and I'll ignore this case.

! Misplaced \omit.
\multispan ->\omit 
                   \@multispan 
l.266 \end{longtabu}
                    }
I expect to see \omit only after tab marks or the \cr of
an alignment. Proceed, and I'll ignore this case.


Overfull \vbox (6.69025pt too high) detected at line 266
 []

! Extra alignment tab has been changed to \cr.
<recently read> \endtemplate 
                             
l.266 \end{longtabu}
                    }
You have given more \span or & marks than there were
in the preamble to the \halign or \valign now in progress.
So I'll assume that you meant to type \cr instead.


Overfull \vbox (56.50299pt too high) detected at line 266
 []

! Extra alignment tab has been changed to \cr.
<recently read> \endtemplate 
                             
l.266 \end{longtabu}
                    }
You have given more \span or & marks than there were
in the preamble to the \halign or \valign now in progress.
So I'll assume that you meant to type \cr instead.

! Extra alignment tab has been changed to \cr.
<recently read> \endtemplate 
                             
l.266 \end{longtabu}
                    }
You have given more \span or & marks than there were
in the preamble to the \halign or \valign now in progress.
So I'll assume that you meant to type \cr instead.


Overfull \vbox (10.90065pt too high) detected at line 266
 []

! Misplaced \noalign.
\hline ->\noalign 
                  {\ifnum 0=`}\fi \penalty \@M \futurelet \@let@token \LT@@h...
l.266 \end{longtabu}
                    }
I expect to see \noalign only after the \cr of
an alignment. Proceed, and I'll ignore this case.

! Misplaced \omit.
\multispan ->\omit 
                   \@multispan 
l.266 \end{longtabu}
                    }
I expect to see \omit only after tab marks or the \cr of
an alignment. Proceed, and I'll ignore this case.


Underfull \hbox (badness 10000) in paragraph at lines 266--266

 []


Underfull \hbox (badness 2401) in paragraph at lines 266--266
\OT1/cmr/m/n/8 HSPeak and LS-Peak de-scribes the mean mag-ni-tude of high-est a
nd
 []


Underfull \hbox (badness 10000) in paragraph at lines 266--266

 []


Overfull \hbox (7.03987pt too wide) in paragraph at lines 266--266
[]\OT1/cmr/m/n/8 MDFAnnHSNum| 
 []


Overfull \hbox (5.98152pt too wide) in paragraph at lines 266--266
[]\OT1/cmr/m/n/8 MDFAnnLSNum| 
 []

! Extra alignment tab has been changed to \cr.
<recently read> \endtemplate 
                             
l.266 \end{longtabu}
                    }
You have given more \span or & marks than there were
in the preamble to the \halign or \valign now in progress.
So I'll assume that you meant to type \cr instead.


Underfull \hbox (badness 10000) in paragraph at lines 266--266

 []


Overfull \vbox (50.77094pt too high) detected at line 266
 []

! Extra alignment tab has been changed to \cr.
<recently read> \endtemplate 
                             
l.266 \end{longtabu}
                    }
You have given more \span or & marks than there were
in the preamble to the \halign or \valign now in progress.
So I'll assume that you meant to type \cr instead.

! Extra alignment tab has been changed to \cr.
<recently read> \endtemplate 
                             
l.266 \end{longtabu}
                    }
You have given more \span or & marks than there were
in the preamble to the \halign or \valign now in progress.
So I'll assume that you meant to type \cr instead.


Overfull \vbox (4.27974pt too high) detected at line 266
 []


Underfull \vbox (badness 10000) detected at line 266
 []

[10

] [11]
! Misplaced alignment tab character &.
l.272 ...n of 0.01 degrees (Hutchinson, Kesteven &
                                                   Tingbao 2014). Bioclimati...
I can't figure out why you would want to use a tab mark
here. If you just want an ampersand, the remedy is
simple: Just type `I\&' now. But if some right brace
up above has ended a previous alignment prematurely,
you're probably due for more error messages, and you
might try typing `S' now just to see what is salvageable.

! Misplaced alignment tab character &.
l.276 ...ch (missForest package for R, Stekhoven &
                                                   Buhlmann, 2012). Dataset ...
I can't figure out why you would want to use a tab mark
here. If you just want an ampersand, the remedy is
simple: Just type `I\&' now. But if some right brace
up above has ended a previous alignment prematurely,
you're probably due for more error messages, and you
might try typing `S' now just to see what is salvageable.


Underfull \vbox (badness 10000) has occurred while \output is active []

 [12

]
[13]
Underfull \hbox (badness 10000) in paragraph at lines 300--300
[]\OT1/cmr/m/n/8 Maximum canopy
 []


Underfull \hbox (badness 10000) in paragraph at lines 300--300
[]\OT1/cmr/m/n/8 Flowering pe-riod
 []


Underfull \vbox (badness 10000) detected at line 300
 []

[14

]

! LaTeX Error: \begin{landscape} on input line 278 ended by \end{tiny}.

See the LaTeX manual or LaTeX Companion for explanation.
Type  H <return>  for immediate help.
 ...                                              
                                                  
l.302 \end{tiny}
                
Your command was ignored.
Type  I <command> <return>  to replace it with another command,
or  <return>  to continue without it.

Missing character: There is no é in font cmr12!
! Misplaced alignment tab character &.
l.306 ... values in a community (Villéger, Mason &
                                                   Mouillot 2008). Functiona...
I can't figure out why you would want to use a tab mark
here. If you just want an ampersand, the remedy is
simple: Just type `I\&' now. But if some right brace
up above has ended a previous alignment prematurely,
you're probably due for more error messages, and you
might try typing `S' now just to see what is salvageable.

Missing character: There is no é in font cmr12!
! Misplaced alignment tab character &.
l.306 ...across environmental gradients (Pavoine &
                                                   Bonsall 2011; Mason et al...
I can't figure out why you would want to use a tab mark
here. If you just want an ampersand, the remedy is
simple: Just type `I\&' now. But if some right brace
up above has ended a previous alignment prematurely,
you're probably due for more error messages, and you
might try typing `S' now just to see what is salvageable.

Missing character: There is no é in font cmr12!
! Misplaced alignment tab character &.
l.308 ..., using the FD package for R (Laliberté &
                                                   Legendre 2010). Gower’s m...
I can't figure out why you would want to use a tab mark
here. If you just want an ampersand, the remedy is
simple: Just type `I\&' now. But if some right brace
up above has ended a previous alignment prematurely,
you're probably due for more error messages, and you
might try typing `S' now just to see what is salvageable.

Missing character: There is no ’ in font cmr12!
Missing character: There is no ’ in font cmr12!
Missing character: There is no – in font cmr12!
! Misplaced alignment tab character &.
l.308 ... in 999 randomized communities (Gotelli &
                                                   Rohde 2002). The null mod...
I can't figure out why you would want to use a tab mark
here. If you just want an ampersand, the remedy is
simple: Just type `I\&' now. But if some right brace
up above has ended a previous alignment prematurely,
you're probably due for more error messages, and you
might try typing `S' now just to see what is salvageable.

Missing character: There is no ó in font cmr12!
! Misplaced alignment tab character &.
l.308 ... using the trial-swap algorithm (Miklós &
                                                   Podani 2004) in the pican...
I can't figure out why you would want to use a tab mark
here. If you just want an ampersand, the remedy is
simple: Just type `I\&' now. But if some right brace
up above has ended a previous alignment prematurely,
you're probably due for more error messages, and you
might try typing `S' now just to see what is salvageable.

! Misplaced alignment tab character &.
l.308 ...  function in spacodiR) (Eastman, Paine &
                                                   Hardy 2011), to generate ...
I can't figure out why you would want to use a tab mark
here. If you just want an ampersand, the remedy is
simple: Just type `I\&' now. But if some right brace
up above has ended a previous alignment prematurely,
you're probably due for more error messages, and you
might try typing `S' now just to see what is salvageable.


Underfull \vbox (badness 10000) has occurred while \output is active []

 [15

]
! Misplaced alignment tab character &.
l.317 ...In package for R, Barton, 2012; Burnham &
                                                   Anderson 2002). For each ...
I can't figure out why you would want to use a tab mark
here. If you just want an ampersand, the remedy is
simple: Just type `I\&' now. But if some right brace
up above has ended a previous alignment prematurely,
you're probably due for more error messages, and you
might try typing `S' now just to see what is salvageable.


Overfull \hbox (0.81787pt too wide) in paragraph at lines 316--318
[]\OT1/cmr/m/n/12 The fol-low-ing pro-cess was used to de-rive an op-ti-mal set
 of environment-diversity
 []

[16] [17] [18] <speciesRichness.pdf, id=69, 597.50786pt x 486.51537pt>
File: speciesRichness.pdf Graphic file (type pdf)

<use speciesRichness.pdf>
Package pdftex.def Info: speciesRichness.pdf used on input line 336.
(pdftex.def)             Requested size: 513.37265pt x 418.0pt.
 [19 <C:/Users/James/Desktop/stuff/data/analysis/R/THESIS/4 SEQLD/speciesRichne
ss.pdf>]
! Extra }, or forgotten \endgroup.
l.341 ... interval around the regression model.}}}
                                                  
I've deleted a group-closing symbol because it seems to be
spurious, as in `$x}$'. But perhaps the } is legitimate and
you forgot something else, as in `\hbox{$x}'. In such cases
the way to recover is to insert both the forgotten and the
deleted material, e.g., by typing `I$}'.

[20



] [21

] <FRicSES.pdf, id=130, 595.67091pt x 356.14458pt>
File: FRicSES.pdf Graphic file (type pdf)
 <use FRicSES.pdf>
Package pdftex.def Info: FRicSES.pdf used on input line 356.
(pdftex.def)             Requested size: 699.15901pt x 418.0pt.

Overfull \hbox (34.65901pt too wide) in paragraph at lines 356--357
 [][] 
 []

[22 <C:/Users/James/Desktop/stuff/data/analysis/R/THESIS/4 SEQLD/FRicSES.pdf>]
[23



] [24

] <FDisSES.pdf, id=172, 596.00168pt x 361.40018pt>
File: FDisSES.pdf Graphic file (type pdf)
 <use FDisSES.pdf>
Package pdftex.def Info: FDisSES.pdf used on input line 376.
(pdftex.def)             Requested size: 689.38898pt x 418.0pt.

Overfull \hbox (24.88898pt too wide) in paragraph at lines 376--377
 [][] 
 []

[25 <C:/Users/James/Desktop/stuff/data/analysis/R/THESIS/4 SEQLD/FDisSES.pdf>]
[26



] [27

] <exotics.pdf, id=215, 597.53188pt x 473.7348pt>
File: exotics.pdf Graphic file (type pdf)
 <use exotics.pdf>
Package pdftex.def Info: exotics.pdf used on input line 396.
(pdftex.def)             Requested size: 527.2429pt x 418.0pt.

[28 <C:/Users/James/Desktop/stuff/data/analysis/R/THESIS/4 SEQLD/exotics.pdf>]
[29



]
Underfull \vbox (badness 10000) has occurred while \output is active []

 [30

]
! Misplaced alignment tab character &.
l.412 ...g habitat complexity (Tabacchi, Correll &
                                                   Hauer 1998; Bendix & Hupp...
I can't figure out why you would want to use a tab mark
here. If you just want an ampersand, the remedy is
simple: Just type `I\&' now. But if some right brace
up above has ended a previous alignment prematurely,
you're probably due for more error messages, and you
might try typing `S' now just to see what is salvageable.

! Misplaced alignment tab character &.
l.412 ...(Tabacchi, Correll & Hauer 1998; Bendix &
                                                   Hupp 2000), with longer f...
I can't figure out why you would want to use a tab mark
here. If you just want an ampersand, the remedy is
simple: Just type `I\&' now. But if some right brace
up above has ended a previous alignment prematurely,
you're probably due for more error messages, and you
might try typing `S' now just to see what is salvageable.

Missing character: There is no ‘ in font cmr12!
Missing character: There is no ’ in font cmr12!

Underfull \vbox (badness 1292) has occurred while \output is active []

 [31]
Underfull \vbox (badness 1292) has occurred while \output is active []

 [32]
! Misplaced alignment tab character &.
l.421 ...ms (Catford et al. 2011; Greet, Cousens &
                                                   Webb 2012). It may be sig...
I can't figure out why you would want to use a tab mark
here. If you just want an ampersand, the remedy is
simple: Just type `I\&' now. But if some right brace
up above has ended a previous alignment prematurely,
you're probably due for more error messages, and you
might try typing `S' now just to see what is salvageable.

Missing character: There is no é in font cmr12!

Underfull \vbox (badness 1292) has occurred while \output is active []

 [33]
Missing character: There is no ‘ in font cmr12!
Missing character: There is no ’ in font cmr12!

Underfull \vbox (badness 10000) has occurred while \output is active []

 [34]
[35]

! LaTeX Error: \begin{landscape} on input line 196 ended by \end{document}.

See the LaTeX manual or LaTeX Companion for explanation.
Type  H <return>  for immediate help.
 ...                                              
                                                  
l.439 \end{document}
                    
Your command was ignored.
Type  I <command> <return>  to replace it with another command,
or  <return>  to continue without it.

("C:\Users\James\Desktop\stuff\data\analysis\R\THESIS\4 SEQLD\SEQLD.aux")

LaTeX Warning: Label(s) may have changed. Rerun to get cross-references right.

 )
(\end occurred inside a group at level 1)

### semi simple group (level 1) entered at line 196 (\begingroup)
### bottom level 
Here is how much of TeX's memory you used:
 7149 strings out of 493921
 102054 string characters out of 3145277
 228478 words of memory out of 3000000
 10404 multiletter control sequences out of 15000+200000
 9504 words of font info for 33 fonts, out of 3000000 for 9000
 841 hyphenation exceptions out of 8191
 38i,12n,47p,1868b,631s stack positions out of 5000i,500n,10000p,200000b,50000s
<C:/Program Files (x86)/miktex2.9/fonts/type1/public/amsfonts/c
m/cmbx8.pfb><C:/Program Files (x86)/miktex2.9/fonts/type1/public/amsfonts/cm/cm
r10.pfb><C:/Program Files (x86)/miktex2.9/fonts/type1/public/amsfonts/cm/cmr12.
pfb><C:/Program Files (x86)/miktex2.9/fonts/type1/public/amsfonts/cm/cmr8.pfb><
C:/Program Files (x86)/miktex2.9/fonts/type1/public/amsfonts/cm/cmsl12.pfb><C:/
Program Files (x86)/miktex2.9/fonts/type1/public/amsfonts/cm/cmss12.pfb><C:/Pro
gram Files (x86)/miktex2.9/fonts/type1/public/amsfonts/cm/cmss17.pfb><C:/Progra
m Files (x86)/miktex2.9/fonts/type1/public/amsfonts/cm/cmti8.pfb>
Output written on SEQLD.pdf (35 pages, 937299 bytes).
PDF statistics:
 308 PDF objects out of 1000 (max. 8388607)
 0 named destinations out of 1000 (max. 500000)
 26 words of extra memory for PDF output out of 10000 (max. 10000000)

