This is pdfTeX, Version 3.1415926-2.5-1.40.14 (MiKTeX 2.9) (preloaded format=pdflatex 2015.6.26)  25 AUG 2015 18:02
entering extended mode
**wood*density.tex

("C:\Users\James\Desktop\stuff\data\analysis\R\THESIS\2 wood density\wood densi
ty.tex"
LaTeX2e <2011/06/27>
Babel <v3.8m> and hyphenation patterns for english, afrikaans, ancientgreek, ar
abic, armenian, assamese, basque, bengali, bokmal, bulgarian, catalan, coptic, 
croatian, czech, danish, dutch, esperanto, estonian, farsi, finnish, french, ga
lician, german, german-x-2013-05-26, greek, gujarati, hindi, hungarian, iceland
ic, indonesian, interlingua, irish, italian, kannada, kurmanji, latin, latvian,
 lithuanian, malayalam, marathi, mongolian, mongolianlmc, monogreek, ngerman, n
german-x-2013-05-26, nynorsk, oriya, panjabi, pinyin, polish, portuguese, roman
ian, russian, sanskrit, serbian, slovak, slovenian, spanish, swedish, swissgerm
an, tamil, telugu, turkish, turkmen, ukenglish, ukrainian, uppersorbian, usengl
ishmax, welsh, loaded.
("C:\Program Files (x86)\miktex2.9\tex\latex\memoir\memoir.cls"
Document Class: memoir 2015/07/08 v3.7e configurable book, report, article docu
ment class
\onelineskip=\skip41
\lxvchars=\skip42
\xlvchars=\skip43
\@memcnta=\count79
\c@@memmarkcntra=\count80
\l@nohyphenation=\language69
("C:\Program Files (x86)\miktex2.9\tex\generic\oberdiek\ifpdf.sty"
Package: ifpdf 2011/01/30 v2.3 Provides the ifpdf switch (HO)
Package ifpdf Info: pdfTeX in PDF mode is detected.
)
("C:\Program Files (x86)\miktex2.9\tex\latex\ifetex\ifetex.sty"
Package: ifetex 2011/12/15 v1.2 ifetex

("C:\Program Files (x86)\miktex2.9\tex\plain\ifetex\ifetex.tex"))
("C:\Program Files (x86)\miktex2.9\tex\generic\ifxetex\ifxetex.sty"
Package: ifxetex 2010/09/12 v0.6 Provides ifxetex conditional
)
("C:\Program Files (x86)\miktex2.9\tex\generic\oberdiek\ifluatex.sty"
Package: ifluatex 2010/03/01 v1.3 Provides the ifluatex switch (HO)
Package ifluatex Info: LuaTeX not detected.
)
\stockheight=\skip44
\stockwidth=\skip45
\trimtop=\skip46
\trimedge=\skip47

("C:\Program Files (x86)\miktex2.9\tex\latex\misc\etex.sty"
Package: etex 1998/03/26 v2.0 eTeX basic definition package (PEB)
\et@xins=\count81
)
("C:\Program Files (x86)\miktex2.9\tex\latex\memoir\mem12.clo"
File: mem12.clo 2010/10/19 v0.4b memoir class 12pt size option
)
\binding=\skip48
\spinemargin=\skip49
\foremargin=\skip50
\uppermargin=\skip51
\lowermargin=\skip52
\headdrop=\skip53
\normalrulethickness=\skip54
\mem@maxheadheight=\skip55
\mem@maxfootheight=\skip56
\headwidth=\skip57
\c@storedpagenumber=\count82
\memPD=\dimen102
\m@mabparskip=\skip58
\thanksmarkwidth=\skip59
\thanksmarksep=\skip60
\droptitle=\skip61
\c@book=\count83
\c@part=\count84
\c@chapter=\count85
\c@section=\count86
\c@subsection=\count87
\c@subsubsection=\count88
\c@paragraph=\count89
\c@subparagraph=\count90
\beforechapskip=\skip62
\midchapskip=\skip63
\afterchapskip=\skip64
\chapindent=\skip65
\bottomsectionskip=\skip66
\secindent=\skip67
\beforesecskip=\skip68
\aftersecskip=\skip69
\subsecindent=\skip70
\beforesubsecskip=\skip71
\aftersubsecskip=\skip72
\subsubsecindent=\skip73
\beforesubsubsecskip=\skip74
\aftersubsubsecskip=\skip75
\paraindent=\skip76
\beforeparaskip=\skip77
\afterparaskip=\skip78
\subparaindent=\skip79
\beforesubparaskip=\skip80
\aftersubparaskip=\skip81
\pfbreakskip=\skip82
\c@@ppsavesec=\count91
\c@@ppsaveapp=\count92
\ragrparindent=\dimen103
\everylistparindent=\dimen104
\parsepi=\skip83
\topsepi=\skip84
\itemsepi=\skip85
\parsepii=\skip86
\topsepii=\skip87
\topsepiii=\skip88
\itemsepii=\skip89
\itemsepiii=\skip90
\partopsepii=\skip91
\partopsepiii=\skip92
\m@msavetopsep=\skip93
\m@msavepartopsep=\skip94
\@enLab=\toks14
\abstitleskip=\skip95
\absleftindent=\skip96
\abs@leftindent=\dimen105
\absrightindent=\skip97
\absparindent=\skip98
\absparsep=\skip99
\c@vslineno=\count93
\c@poemline=\count94
\c@modulo@vs=\count95
\c@memfvsline=\count96
\vleftskip=\skip100
\vrightskip=\skip101
\stanzaskip=\skip102
\versewidth=\skip103
\vgap=\skip104
\vindent=\skip105
\vleftmargin=\dimen106
\c@verse=\count97
\c@chrsinstr=\count98
\beforepoemtitleskip=\skip106
\afterpoemtitleskip=\skip107
\c@poem=\count99
\beforePoemTitleskip=\skip108
\midPoemTitleskip=\skip109
\afterPoemTitleskip=\skip110
\col@sep=\dimen107
\extrarowheight=\dimen108
\NC@list=\toks15
\extratabsurround=\skip111
\backup@length=\skip112
\TX@col@width=\dimen109
\TX@old@table=\dimen110
\TX@old@col=\dimen111
\TX@target=\dimen112
\TX@delta=\dimen113
\TX@cols=\count100
\TX@ftn=\toks16
\heavyrulewidth=\dimen114
\lightrulewidth=\dimen115
\cmidrulewidth=\dimen116
\belowrulesep=\dimen117
\belowbottomsep=\dimen118
\aboverulesep=\dimen119
\abovetopsep=\dimen120
\cmidrulesep=\dimen121
\cmidrulekern=\dimen122
\defaultaddspace=\dimen123
\@cmidla=\count101
\@cmidlb=\count102
\@aboverulesep=\dimen124
\@belowrulesep=\dimen125
\@thisruleclass=\count103
\@lastruleclass=\count104
\@thisrulewidth=\dimen126
\ctableftskip=\skip113
\ctabrightskip=\skip114
\abovecolumnspenalty=\count105
\@linestogo=\count106
\@cellstogo=\count107
\@cellsincolumn=\count108
\crtok=\toks17
\@mincolumnwidth=\dimen127
\c@newflo@tctr=\count109
\mem@margin@floatbox=\box26
\@contcwidth=\skip115
\@contindw=\skip116
\abovecaptionskip=\skip117
\belowcaptionskip=\skip118
\subfloattopskip=\skip119
\subfloatcapskip=\skip120
\subfloatcaptopadj=\skip121
\subfloatbottomskip=\skip122
\subfloatlabelskip=\skip123
\subfloatcapmargin=\dimen128
\c@@contsubnum=\count110
\m@mscap@capbox=\box27
\m@mscap@fbox=\box28
\sidecapsep=\dimen129
\sidecapwidth=\dimen130
\m@m@tempdima=\dimen131
\m@mscapraise=\dimen132
\sidecapraise=\dimen133
\m@mscapmainwidth=\dimen134
\m@mscaplkern=\dimen135
\beforeepigraphskip=\skip124
\afterepigraphskip=\skip125
\epigraphwidth=\skip126
\epigraphrule=\skip127
LaTeX Info: Redefining \em on input line 7535.
LaTeX Info: Redefining \emph on input line 7543.
\tocentryskip=\skip128
\tocbaseline=\skip129
\cftparskip=\skip130
\cftbeforebookskip=\skip131
\cftbookindent=\dimen136
\cftbooknumwidth=\dimen137
\cftbeforepartskip=\skip132
\cftpartindent=\skip133
\cftpartnumwidth=\skip134
\cftbeforechapterskip=\skip135
\cftchapterindent=\skip136
\cftchapternumwidth=\skip137
\cftbeforesectionskip=\skip138
\cftsectionindent=\skip139
\cftsectionnumwidth=\skip140
\cftbeforesubsectionskip=\skip141
\cftsubsectionindent=\skip142
\cftsubsectionnumwidth=\skip143
\cftbeforesubsubsectionskip=\skip144
\cftsubsubsectionindent=\skip145
\cftsubsubsectionnumwidth=\skip146
\cftbeforeparagraphskip=\skip147
\cftparagraphindent=\skip148
\cftparagraphnumwidth=\skip149
\cftbeforesubparagraphskip=\skip150
\cftsubparagraphindent=\skip151
\cftsubparagraphnumwidth=\skip152
\prechapterprecisshift=\dimen138
\c@maxsecnumdepth=\count111
\bibindent=\dimen139
\bibitemsep=\skip153
\indexcolsep=\skip154
\indexrule=\skip155
\indexmarkstyle=\toks18
\@indexbox=\insert233
\glossarycolsep=\dimen140
\glossaryrule=\dimen141
\sideparvshift=\skip156
\sideins=\insert232
\sidebartopsep=\skip157
\sidebarhsep=\skip158
\sidebarvsep=\skip159
\sidebarwidth=\skip160
\footmarkwidth=\skip161
\footmarksep=\skip162
\footparindent=\skip163
\footinsdim=\skip164
\footinsv@r=\insert231
\@mpfootinsv@r=\insert230
\m@m@k=\count112
\m@m@h=\dimen142
\m@mipn@skip=\skip165
\sidefootins=\insert229
\sidefootadjust=\skip166
\sidefootheight=\skip167
\sidefoothsep=\skip168
\sidefootvsep=\skip169
\sidefootwidth=\skip170
\m@mdownsf=\skip171
\c@sidefootnote=\count113
\sidefootmarkwidth=\skip172
\sidefootmarksep=\skip173
\sidefootparindent=\skip174
\c@pagenote=\count114
\c@pagenoteshadow=\count115
\mem@pn@lastkern=\skip175
\every@verbatim=\toks19
\afterevery@verbatim=\toks20
\verbatim@line=\toks21
\tab@position=\count116
\verbatim@in@stream=\read1
\verbatimindent=\skip176
\verbatim@out=\write3
\bvboxsep=\skip177
\c@memfbvline=\count117
\c@bvlinectr=\count118
\bvnumlength=\skip178
\fb@frw=\dimen143
\fb@frh=\dimen144
\FrameRule=\dimen145
\FrameSep=\dimen146
\c@cp@cntr=\count119
LaTeX Info: Redefining \: on input line 12052.
LaTeX Info: Redefining \! on input line 12054.
\c@ism@mctr=\count120
\c@xsm@mctr=\count121
\c@csm@mctr=\count122
\c@ksm@mctr=\count123
\c@xksm@mctr=\count124
\c@cksm@mctr=\count125
\c@msm@mctr=\count126
\c@xmsm@mctr=\count127
\c@cmsm@mctr=\count128
\c@bsm@mctr=\count129
\c@workm@mctr=\count130
\c@sheetsequence=\count131
\c@lastsheet=\count132
\c@lastpage=\count133
\c@figure=\count134
\c@lofdepth=\count135
\cftbeforefigureskip=\skip179
\cftfigureindent=\skip180
\cftfigurenumwidth=\skip181
\c@table=\count136
\c@lotdepth=\count137
\cftbeforetableskip=\skip182
\cfttableindent=\skip183
\cfttablenumwidth=\skip184
Package abstract [2008/07/23] emulated by memoir.
Package appendix [2008/07/23] emulated by memoir.
Package array [2008/09/09] emulated by memoir.
Package booktabs [2008/07/23] emulated by memoir.
Package ccaption [2008/07/23] emulated by memoir.
Package changepage [2008/07/23] emulated by memoir.
Package chngcntr [2008/07/23] emulated by memoir.
Package chngpage [2008/07/23] emulated by memoir.
Package crop emulated by memoir.
Package dcolumn [2008/07/23] emulated by memoir.
Package delarray [2008/07/23] emulated by memoir.
Package enumerate [2008/07/23] emulated by memoir.
Package epigraph [2008/07/23] emulated by memoir.
Package ifmtarg [2008/07/23] emulated by memoir.
Package index [2008/07/23] emulated by memoir.
Package makeidx [2008/07/23] emulated by memoir.
Package moreverb [2008/07/23] emulated by memoir.
Package mparhack [2008/07/23] emulated by memoir.
Package needspace [2008/07/23] emulated by memoir.
Package newfile [2008/07/23] emulated by memoir.
Package nextpage [2008/07/23] emulated by memoir.
Package pagenote [2008/07/23] emulated by memoir.
Package parskip [2008/07/23] emulated by memoir.
Package patchcmd [2008/07/23] emulated by memoir.
Package setspace [2008/07/23] emulated by memoir.
Package shortvrb [2008/07/23] emulated by memoir.
Package showidx [2008/07/23] emulated by memoir.
Package tabularx [2008/07/23] emulated by memoir.
Package titleref [2008/07/23] emulated by memoir.
Package titling [2008/07/23] emulated by memoir.
Package tocbibind [2008/07/23] emulated by memoir.
Package tocloft [2008/07/23] emulated by memoir.
Package tocvsec2 [2008/07/23] emulated by memoir.
Package verbatim [2008/07/23] emulated by memoir.
Package verse [2008/07/23] emulated by memoir.

("C:\Program Files (x86)\miktex2.9\tex\latex\memoir\mempatch.sty"
Package: mempatch 2009/07/24 v6.0f Patches for memoir class v1.6180339
))
("C:\Program Files (x86)\miktex2.9\tex\latex\graphics\graphicx.sty"
Package: graphicx 1999/02/16 v1.0f Enhanced LaTeX Graphics (DPC,SPQR)

("C:\Program Files (x86)\miktex2.9\tex\latex\graphics\keyval.sty"
Package: keyval 1999/03/16 v1.13 key=value parser (DPC)
\KV@toks@=\toks22
)
("C:\Program Files (x86)\miktex2.9\tex\latex\graphics\graphics.sty"
Package: graphics 2009/02/05 v1.0o Standard LaTeX Graphics (DPC,SPQR)

("C:\Program Files (x86)\miktex2.9\tex\latex\graphics\trig.sty"
Package: trig 1999/03/16 v1.09 sin cos tan (DPC)
)
("C:\Program Files (x86)\miktex2.9\tex\latex\00miktex\graphics.cfg"
File: graphics.cfg 2007/01/18 v1.5 graphics configuration of teTeX/TeXLive
)
Package graphics Info: Driver file: pdftex.def on input line 91.

("C:\Program Files (x86)\miktex2.9\tex\latex\pdftex-def\pdftex.def"
File: pdftex.def 2011/05/27 v0.06d Graphics/color for pdfTeX

("C:\Program Files (x86)\miktex2.9\tex\generic\oberdiek\infwarerr.sty"
Package: infwarerr 2010/04/08 v1.3 Providing info/warning/error messages (HO)
)
("C:\Program Files (x86)\miktex2.9\tex\generic\oberdiek\ltxcmds.sty"
Package: ltxcmds 2011/11/09 v1.22 LaTeX kernel commands for general use (HO)
)
\Gread@gobject=\count138
))
\Gin@req@height=\dimen147
\Gin@req@width=\dimen148
)
("C:\Program Files (x86)\miktex2.9\tex\latex\multirow\multirow.sty"
\bigstrutjot=\dimen149
)
("C:\Program Files (x86)\miktex2.9\tex\latex\tools\multicol.sty"
Package: multicol 2011/06/27 v1.7a multicolumn formatting (FMi)
\c@tracingmulticols=\count139
\mult@box=\box29
\multicol@leftmargin=\dimen150
\c@unbalance=\count140
\c@collectmore=\count141
\doublecol@number=\count142
\multicoltolerance=\count143
\multicolpretolerance=\count144
\full@width=\dimen151
\page@free=\dimen152
\premulticols=\dimen153
\postmulticols=\dimen154
\multicolsep=\skip185
\multicolbaselineskip=\skip186
\partial@page=\box30
\last@line=\box31
\mult@rightbox=\box32
\mult@grightbox=\box33
\mult@gfirstbox=\box34
\mult@firstbox=\box35
\@tempa=\box36
\@tempa=\box37
\@tempa=\box38
\@tempa=\box39
\@tempa=\box40
\@tempa=\box41
\@tempa=\box42
\@tempa=\box43
\@tempa=\box44
\@tempa=\box45
\@tempa=\box46
\@tempa=\box47
\@tempa=\box48
\@tempa=\box49
\@tempa=\box50
\@tempa=\box51
\@tempa=\box52
\c@columnbadness=\count145
\c@finalcolumnbadness=\count146
\last@try=\dimen155
\multicolovershoot=\dimen156
\multicolundershoot=\dimen157
\mult@nat@firstbox=\box53
\colbreak@box=\box54
\multicol@sort@counter=\count147
)
("C:\Program Files (x86)\miktex2.9\tex\latex\cite\cite.sty"
LaTeX Info: Redefining \cite on input line 302.
LaTeX Info: Redefining \nocite on input line 332.
Package: cite 2015/02/27  v 5.5
)
("C:\Program Files (x86)\miktex2.9\tex\latex\natbib\natbib.sty"
Package: natbib 2010/09/13 8.31b (PWD, AO)


Package natbib Warning: The `cite' package should not be used
(natbib)                with natbib. Use option `sort' instead.

\bibhang=\skip187
\bibsep=\skip188
LaTeX Info: Redefining \cite on input line 694.
LaTeX Info: Redefining \citenum on input line 708.
\c@NAT@ctr=\count148
) ("C:\Program Files (x86)\miktex2.9\tex\latex\threeparttable\threeparttable.st
y"
Package: threeparttable 2003/06/13  v 3.0
\@tempboxb=\box55
) ("C:\Program Files (x86)\miktex2.9\tex\latex\setspace\setspace.sty"
Package: setspace 2011/12/19 v6.7a set line spacing
)
("C:\Program Files (x86)\miktex2.9\tex\latex\tools\longtable.sty"
Package: longtable 2004/02/01 v4.11 Multi-page Table package (DPC)
\LTleft=\skip189
\LTright=\skip190
\LTpre=\skip191
\LTpost=\skip192
\LTchunksize=\count149
\LTcapwidth=\dimen158
\LT@head=\box56
\LT@firsthead=\box57
\LT@foot=\box58
\LT@lastfoot=\box59
\LT@cols=\count150
\LT@rows=\count151
\c@LT@tables=\count152
\c@LT@chunks=\count153
\LT@p@ftn=\toks23
)
("C:\Program Files (x86)\miktex2.9\tex\latex\tabu\tabu.sty"
Package: tabu 2011/02/26 v2.8 - flexible LaTeX tabulars (FC)

("C:\Program Files (x86)\miktex2.9\tex\latex\ltxmisc\varwidth.sty"
Package: varwidth 2009/03/30 ver 0.92;  Variable-width minipages
\@vwid@box=\box60
\sift@deathcycles=\count154
\@vwid@loff=\dimen159
\@vwid@roff=\dimen160
)
\c@taburow=\count155
\tabu@nbcols=\count156
\tabu@cnt=\count157
\tabu@Xcol=\count158
\tabu@alloc=\count159
\tabu@nested=\count160
\tabu@target=\dimen161
\tabu@spreadtarget=\dimen162
\tabu@naturalX=\dimen163
\tabucolX=\dimen164
\tabu@Xsum=\dimen165
\extrarowdepth=\dimen166
\abovetabulinesep=\dimen167
\belowtabulinesep=\dimen168
\tabustrutrule=\dimen169
\tabu@thebody=\toks24
\tabu@footnotes=\toks25
\tabu@box=\box61
\tabu@arstrutbox=\box62
\tabu@hleads=\box63
\tabu@vleads=\box64
\tabu@cellskip=\skip193
)
("C:\Program Files (x86)\miktex2.9\tex\latex\oberdiek\pdflscape.sty"
Package: pdflscape 2008/08/11 v0.10 Display of landscape pages in PDF (HO)

("C:\Program Files (x86)\miktex2.9\tex\latex\graphics\lscape.sty"
Package: lscape 2000/10/22 v3.01 Landscape Pages (DPC)
)
Package pdflscape Info: Auto-detected driver: pdftex on input line 80.
)

Class memoir Warning: You are using the caption package with the memoir class. 
To prepare we will now reset all captioning macros and configurations to kernel
 defaults, and then let the caption package take over. Please remember to use t
he caption package interfaces in order to configure your captions. .

("C:\Program Files (x86)\miktex2.9\tex\latex\caption\caption.sty"
Package: caption 2013/05/02 v3.3-89 Customizing captions (AR)

("C:\Program Files (x86)\miktex2.9\tex\latex\caption\caption3.sty"
Package: caption3 2013/05/02 v1.6-88 caption3 kernel (AR)
Package caption3 Info: TeX engine: e-TeX on input line 57.
\captionmargin=\dimen170
\captionmargin@=\dimen171
\captionwidth=\dimen172
\caption@tempdima=\dimen173
\caption@indent=\dimen174
\caption@parindent=\dimen175
\caption@hangindent=\dimen176
)
\c@ContinuedFloat=\count161
Package caption Info: longtable package is loaded.

("C:\Program Files (x86)\miktex2.9\tex\latex\caption\ltcaption.sty"
Package: ltcaption 2013/02/03 v1.3-62 longtable captions (AR)
)
Package caption Info: threeparttable package is loaded.
)
("C:\Program Files (x86)\miktex2.9\tex\latex\url\url.sty"
\Urlmuskip=\muskip10
Package: url 2013/09/16  ver 3.4  Verb mode for urls, etc.
)
("C:\Program Files (x86)\miktex2.9\tex\latex\ulem\ulem.sty"
\UL@box=\box65
\UL@hyphenbox=\box66
\UL@skip=\skip194
\UL@hook=\toks26
\UL@height=\dimen177
\UL@pe=\count162
\UL@pixel=\dimen178
\ULC@box=\box67
Package: ulem 2012/05/18
\ULdepth=\dimen179
)

******************************************************
Stock height and width: 845.04684pt by 597.50787pt
Top and edge trims: 0pt and 0pt
Page height and width: 845.04684pt by 597.50787pt
Text height and width: 664.5pt by 418pt
Spine and edge margins: 76.82243pt and 102.42992pt
Upper and lower margins: 72.8302pt and 107.71664pt
Headheight and headsep: 14.5pt and 36.05237pt
Footskip: 30pt
Columnsep and columnseprule: 10pt and 0pt
Marginparsep and marginparwidth: 7pt and 88.42992pt
Sidecapsep and sidecapwidth: 7pt and 92pt
Sidebarhsep and sidebarwidth: 7pt and 92pt
Sidebarvsep and sidebartopsep: 14.5pt and 0pt
Sidebarheight: 590.14995pt
Sidefoothsep and sidefootwidth: 7pt and 92pt
Sidefootvsep and sidefootheight: 14.5pt and 590.14995pt
******************************************************


("C:\Users\James\Desktop\stuff\data\analysis\R\THESIS\2 wood density\wood densi
ty.aux")
LaTeX Font Info:    Checking defaults for OML/cmm/m/it on input line 130.
LaTeX Font Info:    ... okay on input line 130.
LaTeX Font Info:    Checking defaults for T1/cmr/m/n on input line 130.
LaTeX Font Info:    ... okay on input line 130.
LaTeX Font Info:    Checking defaults for OT1/cmr/m/n on input line 130.
LaTeX Font Info:    ... okay on input line 130.
LaTeX Font Info:    Checking defaults for OMS/cmsy/m/n on input line 130.
LaTeX Font Info:    ... okay on input line 130.
LaTeX Font Info:    Checking defaults for OMX/cmex/m/n on input line 130.
LaTeX Font Info:    ... okay on input line 130.
LaTeX Font Info:    Checking defaults for U/cmr/m/n on input line 130.
LaTeX Font Info:    ... okay on input line 130.
 ("C:\Program Files (x86)\miktex2.9\tex\context\base\supp-pdf.mkii"
[Loading MPS to PDF converter (version 2006.09.02).]
\scratchcounter=\count163
\scratchdimen=\dimen180
\scratchbox=\box68
\nofMPsegments=\count164
\nofMParguments=\count165
\everyMPshowfont=\toks27
\MPscratchCnt=\count166
\MPscratchDim=\dimen181
\MPnumerator=\count167
\makeMPintoPDFobject=\count168
\everyMPtoPDFconversion=\toks28
)
Package caption Info: Begin \AtBeginDocument code.
Package caption Info: End \AtBeginDocument code.
 [1


{C:/Users/James/AppData/Local/MiKTeX/2.9/pdftex/config/pdftex.map}]
Missing character: There is no ’ in font cmr12!

Overfull \hbox (2.25397pt too wide) in paragraph at lines 146--147
\OT1/cmr/m/n/12 dis-tur-bance and en-vi-ron-men-tal un-pre-dictabil-ity, as de-
ter-mi-nants of eco-log-i-cal strat-
 []


Underfull \vbox (badness 3635) has occurred while \output is active []

 [2]
[3]

Package natbib Warning: Citation `McGill2006' on page 4 undefined on input line
 154.


Package natbib Warning: Citation `Kattge2011' on page 4 undefined on input line
 154.

Missing character: There is no ‘ in font cmr12!
Missing character: There is no ’ in font cmr12!

Package natbib Warning: Citation `Westoby2002' on page 4 undefined on input lin
e 154.


Package natbib Warning: Citation `Poff1997' on page 4 undefined on input line 1
56.


Package natbib Warning: Citation `Merritt2010' on page 4 undefined on input lin
e 156.


Package natbib Warning: Citation `Naiman1997' on page 4 undefined on input line
 156.


Package natbib Warning: Citation `Merritt2010' on page 4 undefined on input lin
e 156.


Package natbib Warning: Citation `Catford2012a' on page 4 undefined on input li
ne 156.


Package natbib Warning: Citation `Poff2010a' on page 4 undefined on input line 
156.


Package natbib Warning: Citation `Arthington2012' on page 4 undefined on input 
line 156.


Package natbib Warning: Citation `Corenblit2009' on page 4 undefined on input l
ine 158.


Package natbib Warning: Citation `Cornelissen2003' on page 4 undefined on input
 line 158.


Package natbib Warning: Citation `Westoby2006' on page 4 undefined on input lin
e 158.


Package natbib Warning: Citation `Swenson2007' on page 4 undefined on input lin
e 158.


Package natbib Warning: Citation `Westoby2002' on page 4 undefined on input lin
e 158.


Package natbib Warning: Citation `Chave2009' on page 4 undefined on input line 
158.


Underfull \vbox (badness 10000) has occurred while \output is active []

 [4

]

Package natbib Warning: Citation `Falster2006' on page 5 undefined on input lin
e 160.


Package natbib Warning: Citation `Niklas2010' on page 5 undefined on input line
 160.


Package natbib Warning: Citation `Adler2014' on page 5 undefined on input line 
162.


Package natbib Warning: Citation `King2006' on page 5 undefined on input line 1
62.


Package natbib Warning: Citation `Poorter2008' on page 5 undefined on input lin
e 162.


Package natbib Warning: Citation `Poorter2010' on page 5 undefined on input lin
e 162.


Package natbib Warning: Citation `Kraft2010' on page 5 undefined on input line 
162.


Package natbib Warning: Citation `Wright2010' on page 5 undefined on input line
 162.


Package natbib Warning: Citation `Russo2010' on page 5 undefined on input line 
162.


Package natbib Warning: Citation `King2006' on page 5 undefined on input line 1
62.


Package natbib Warning: Citation `Poorter2008' on page 5 undefined on input lin
e 162.


Package natbib Warning: Citation `Poorter2010' on page 5 undefined on input lin
e 162.


Package natbib Warning: Citation `Kraft2010' on page 5 undefined on input line 
162.


Package natbib Warning: Citation `Wright2010' on page 5 undefined on input line
 162.


Package natbib Warning: Citation `Falster2005' on page 5 undefined on input lin
e 162.


Package natbib Warning: Citation `Curran2008' on page 5 undefined on input line
 162.


Underfull \vbox (badness 1189) has occurred while \output is active []

 [5]

Package natbib Warning: Citation `Corenblit2007' on page 6 undefined on input l
ine 164.


Package natbib Warning: Citation `Grime2006' on page 6 undefined on input line 
164.


Package natbib Warning: Citation `Sonnier2010' on page 6 undefined on input lin
e 164.

! Misplaced alignment tab character &.
l.165 ...istic of riparian environments (Nilsson &
                                                   Svedmark 2002). Ecologica...
I can't figure out why you would want to use a tab mark
here. If you just want an ampersand, the remedy is
simple: Just type `I\&' now. But if some right brace
up above has ended a previous alignment prematurely,
you're probably due for more error messages, and you
might try typing `S' now just to see what is salvageable.


Package natbib Warning: Citation `Weimann2002' on page 6 undefined on input lin
e 165.


Package natbib Warning: Citation `Swenson2007' on page 6 undefined on input lin
e 165.


Package natbib Warning: Citation `Martinez-Cabrera2009' on page 6 undefined on 
input line 165.


Package natbib Warning: Citation `Preston2006' on page 6 undefined on input lin
e 165.


Package natbib Warning: Citation `Westoby1998' on page 6 undefined on input lin
e 165.


Package natbib Warning: Citation `Reich2003' on page 6 undefined on input line 
165.


Package natbib Warning: Citation `Swenson2007' on page 6 undefined on input lin
e 165.


Package natbib Warning: Citation `finlayson1988australia' on page 6 undefined o
n input line 167.


Package natbib Warning: Citation `Peel2004' on page 6 undefined on input line 1
67.


Underfull \vbox (badness 1189) has occurred while \output is active []

 [6]

Package natbib Warning: Citation `Olden2003' on page 7 undefined on input line 
171.


Package natbib Warning: Citation `Kennard2010' on page 7 undefined on input lin
e 171.

Missing character: There is no ‘ in font cmr12!
Missing character: There is no ’ in font cmr12!
Missing character: There is no ‘ in font cmr12!
Missing character: There is no ’ in font cmr12!
Missing character: There is no ‘ in font cmr12!
Missing character: There is no ’ in font cmr12!

Underfull \vbox (badness 1571) has occurred while \output is active []

 [7]
! Misplaced alignment tab character &.
l.173 ...lain pocket River Styles, c.f. Brierley &
                                                   Fryirs (2005) \cite{brier...
I can't figure out why you would want to use a tab mark
here. If you just want an ampersand, the remedy is
simple: Just type `I\&' now. But if some right brace
up above has ended a previous alignment prematurely,
you're probably due for more error messages, and you
might try typing `S' now just to see what is salvageable.


Package natbib Warning: Citation `brierley2008geomorphology' on page 8 undefine
d on input line 173.

Missing character: There is no ® in font cmr12!

Package natbib Warning: Citation `Healy2012' on page 8 undefined on input line 
173.

<map.pdf, id=29, 346.31326pt x 332.48012pt>
File: map.pdf Graphic file (type pdf)
 <use map.pdf>
Package pdftex.def Info: map.pdf used on input line 178.
(pdftex.def)             Requested size: 341.43306pt x 327.82207pt.
Missing character: There is no • in font cmr10!
Missing character: There is no • in font cmr10!
 [8] [9 <C:/Users/James/Desktop/stuff/data/analysis/R/THESIS/2 wood density/map
.pdf>]
Missing character: There is no ö in font cmr12!
Missing character: There is no ° in font cmr12!
Missing character: There is no ° in font cmr12!

Underfull \vbox (badness 10000) has occurred while \output is active []

 [10

]
LaTeX Font Info:    External font `cmex10' loaded for size
(Font)              <12> on input line 195.
LaTeX Font Info:    External font `cmex10' loaded for size
(Font)              <8> on input line 195.
LaTeX Font Info:    External font `cmex10' loaded for size
(Font)              <6> on input line 195.
Missing character: There is no ’ in font cmr12!
Missing character: There is no – in font cmr12!


Package natbib Warning: Citation `marsh2003river' on page 11 undefined on input
 line 195.

Missing character: There is no ’ in font cmr12!
Missing character: There is no ’ in font cmr12!

Overfull \hbox (3.29982pt too wide) in paragraph at lines 195--196
\OT1/cmr/m/n/12 Daily dis-charge data per-tain-ing to each field site were col-
lated from the PINNNENA
 []

Missing character: There is no ’ in font cmr12!

Underfull \vbox (badness 1990) has occurred while \output is active []

 [11]
[12]
Overfull \vbox (83.72357pt too high) detected at line 271
 []

Missing character: There is no ‘ in font cmr8!
Missing character: There is no ’ in font cmr8!

Overfull \vbox (97.8905pt too high) detected at line 271
 []


Overfull \vbox (68.00108pt too high) detected at line 271
 []


Overfull \vbox (36.5561pt too high) detected at line 271
 []


Overfull \vbox (97.8905pt too high) detected at line 271
 []


Overfull \vbox (83.72357pt too high) detected at line 271
 []

Missing character: There is no ‘ in font cmr8!
Missing character: There is no ’ in font cmr8!

Overfull \vbox (97.8905pt too high) detected at line 271
 []


Overfull \vbox (68.00108pt too high) detected at line 271
 []


Overfull \vbox (36.5561pt too high) detected at line 271
 []


Overfull \vbox (97.8905pt too high) detected at line 271
 []


Overfull \vbox (83.24826pt too high) detected at line 271
 []

Missing character: There is no ‘ in font cmr8!
Missing character: There is no ’ in font cmr8!

Overfull \vbox (97.6374pt too high) detected at line 271
 []


Overfull \vbox (68.00108pt too high) detected at line 271
 []


Overfull \vbox (36.30301pt too high) detected at line 271
 []


Underfull \hbox (badness 1024) in paragraph at lines 271--271
[]\OT1/cmr/m/n/8 CV of all years' days per year un-der
 []


Overfull \vbox (97.6374pt too high) detected at line 271
 []


Underfull \vbox (badness 10000) detected at line 271
 []

[13

] [14] [15]

! LaTeX Error: \begin{landscape} on input line 200 ended by \end{tiny}.

See the LaTeX manual or LaTeX Companion for explanation.
Type  H <return>  for immediate help.
 ...                                              
                                                  
l.273 \end{tiny}
                
Your command was ignored.
Type  I <command> <return>  to replace it with another command,
or  <return>  to continue without it.


Package natbib Warning: Citation `RCoreTeam2015' on page 16 undefined on input 
line 277.


Overfull \hbox (163.64783pt too wide) in paragraph at lines 277--278
\OT1/cmr/m/n/12 ron-ment \OT1/cmr/bx/n/12 ?\OT1/cmr/m/n/12 . The R code used fo
r these anal-y-ses can be re-trieved from urlhttps://github.com/jamesrlawson/ri
parian-
 []

Missing character: There is no ‘ in font cmr12!
Missing character: There is no ’ in font cmr12!
[16


]

Package natbib Warning: Citation `Schleuter2010' on page 17 undefined on input 
line 282.


Package natbib Warning: Citation `Villeger2008' on page 17 undefined on input l
ine 282.


Package natbib Warning: Citation `RCoreTeam2015' on page 17 undefined on input 
line 285.


Package natbib Warning: Citation `Benjamini2001' on page 17 undefined on input 
line 285.


Package natbib Warning: Citation `RCoreTeam2015' on page 17 undefined on input 
line 287.

[17]
Missing character: There is no ’ in font cmr12!


Package natbib Warning: Citation `Paradis2004' on page 18 undefined on input li
ne 289.

Missing character: There is no ’ in font cmr12!
<Fig2.png, id=1534, 698.61pt x 839.17516pt>
File: Fig2.png Graphic file (type png)
 <use Fig2.png>
Package pdftex.def Info: Fig2.png used on input line 336.
(pdftex.def)             Requested size: 418.0pt x 502.11327pt.
 [18] [19] [20 <C:/Users/James/Desktop/stuff/data/analysis/R/THESIS/2 wood dens
ity/Fig2.png>]
<Fig3.png, id=1547, 681.747pt x 1115.367pt>
File: Fig3.png Graphic file (type png)
 <use Fig3.png>
Package pdftex.def Info: Fig3.png used on input line 348.
(pdftex.def)             Requested size: 418.0pt x 683.87883pt.

! Missing $ inserted.
<inserted text> 
                $
l.349 ...ce interval around the regression model}}
                                                  
I've inserted a begin-math/end-math symbol since I think
you left one out. Proceed, with fingers crossed.

LaTeX Font Info:    External font `cmex10' loaded for size
(Font)              <10.95> on input line 349.
! Extra }, or forgotten $.
<argument> ...nterval around the regression model}
                                                  
l.349 ...ce interval around the regression model}}
                                                  
I've deleted a group-closing symbol because it seems to be
spurious, as in `$x}$'. But perhaps the } is legitimate and
you forgot something else, as in `\hbox{$x}'. In such cases
the way to recover is to insert both the forgotten and the
deleted material, e.g., by typing `I$}'.

! Missing $ inserted.
<inserted text> 
                $
l.349 ...ce interval around the regression model}}
                                                  
I've inserted a begin-math/end-math symbol since I think
you left one out. Proceed, with fingers crossed.

Missing character: There is no – in font cmr10!
! Missing } inserted.
<inserted text> 
                }
l.349 ...ce interval around the regression model}}
                                                  
I've inserted something that you may have forgotten.
(See the <inserted text> above.)
With luck, this will get me unwedged. But if you
really didn't forget anything, try typing `2' now; then
my insertion and my current dilemma will both disappear.

! Missing $ inserted.
<inserted text> 
                $
l.349 ...ce interval around the regression model}}
                                                  
I've inserted a begin-math/end-math symbol since I think
you left one out. Proceed, with fingers crossed.

! Extra }, or forgotten $.
<argument> ...nterval around the regression model}
                                                  
l.349 ...ce interval around the regression model}}
                                                  
I've deleted a group-closing symbol because it seems to be
spurious, as in `$x}$'. But perhaps the } is legitimate and
you forgot something else, as in `\hbox{$x}'. In such cases
the way to recover is to insert both the forgotten and the
deleted material, e.g., by typing `I$}'.

! Missing $ inserted.
<inserted text> 
                $
l.349 ...ce interval around the regression model}}
                                                  
I've inserted a begin-math/end-math symbol since I think
you left one out. Proceed, with fingers crossed.

Missing character: There is no – in font cmr10!

Overfull \hbox (1799.52249pt too wide) in paragraph at lines 349--349
 \OT1/cmr/m/n/10.95 (M$[]\OML/cmm/m/it/10.95 DFM\OT1/cmr/m/n/10.95 )\OML/cmm/m/
it/10.95 ; c:\OT1/cmr/m/n/10.95 )\OML/cmm/m/it/10.95 constancyofmonthlymeandail
yflow\OT1/cmr/m/n/10.95 (\OML/cmm/m/it/10.95 C[]DFM\OT1/cmr/m/n/10.95 )\OML/cmm
/m/it/10.95 ; d:\OT1/cmr/m/n/10.95 )\OML/cmm/m/it/10.95 constancyofmonthlyminim
umdailyflow\OT1/cmr/m/n/10.95 (\OML/cmm/m/it/10.95 C[]inM\OT1/cmr/m/n/10.95 )\O
ML/cmm/m/it/10.95 ; e:\OT1/cmr/m/n/10.95 )\OML/cmm/m/it/10.95 interannualvariab
ilityinbaseflowindex\OT1/cmr/m/n/10.95 (\OML/cmm/m/it/10.95 CVAnnBFI\OT1/cmr/m/
n/10.95 )\OML/cmm/m/it/10.95 ; f:\OT1/cmr/m/n/10.95 )\OML/cmm/m/it/10.95 meanlo
wflowmagnitude\OT1/cmr/m/n/10.95 (\OML/cmm/m/it/10.95 LSPeak\OT1/cmr/m/n/10.95 
)\OML/cmm/m/it/10.95 ; g:\OT1/cmr/m/n/10.95 )\OML/cmm/m/it/10.95 meanflowduring
driestweekoftheyear\OT1/cmr/m/n/10.95 (\OML/cmm/m/it/10.95 MA:\OT1/cmr/m/n/10.9
5 7\OML/cmm/m/it/10.95 days:MinMean\OT1/cmr/m/n/10.95 )\OML/cmm/m/it/10.95 ; h:
\OT1/cmr/m/n/10.95 )\OML/cmm/m/it/10.95 annualfrequencyoflowflows\OT1/cmr/m/n/1
0.95 (\OML/cmm/m/it/10.95 MDFAnnLSNum\OT1/cmr/m/n/10.95 )\OML/cmm/m/it/10.95 :c
:e:arequadraticfits; allothermodelsarelinearfits:Shadedareasdepictthe\OT1/cmr/m
/n/10.95 95%\OML/cmm/m/it/10.95 confidenceintervalaroundtheregressionmodel$ 
 []

! Incompatible list can't be unboxed.
\bm@s ->\unhbox \@tempboxa 
                           
l.349 ...ce interval around the regression model}}
                                                  
Sorry, Pandora. (You sneaky devil.)
I refuse to unbox an \hbox in vertical mode or vice versa.
And I can't open any boxes in math mode.

! Missing } inserted.
<inserted text> 
                }
l.349 ...ce interval around the regression model}}
                                                  
I've inserted something that you may have forgotten.
(See the <inserted text> above.)
With luck, this will get me unwedged. But if you
really didn't forget anything, try typing `2' now; then
my insertion and my current dilemma will both disappear.


LaTeX Warning: Float too large for page by 41.94595pt on input line 352.

[21

] [22 <C:/Users/James/Desktop/stuff/data/analysis/R/THESIS/2 wood density/Fig3.
png>]
Missing character: There is no ‘ in font cmr12!
Missing character: There is no ’ in font cmr12!
Missing character: There is no ‘ in font cmr12!
Missing character: There is no ’ in font cmr12!
 <PCAbiplot.pdf, id=1555, 515.52597pt x 415.151pt>
File: PCAbiplot.pdf Graphic file (type pdf)
 <use PCAbiplot.pdf>
Package pdftex.def Info: PCAbiplot.pdf used on input line 362.
(pdftex.def)             Requested size: 341.43306pt x 274.96338pt.


LaTeX Warning: `h' float specifier changed to `ht'.

[23

] [24 <C:/Users/James/Desktop/stuff/data/analysis/R/THESIS/2 wood density/PCAbi
plot.pdf>] <CWV.pdf, id=1566, 201.75375pt x 167.62625pt>
File: CWV.pdf Graphic file (type pdf)
 <use CWV.pdf>
Package pdftex.def Info: CWV.pdf used on input line 374.
(pdftex.def)             Requested size: 284.52756pt x 236.40161pt.

[25

 <C:/Users/James/Desktop/stuff/data/analysis/R/THESIS/2 wood density/CWV.pdf>]
! Undefined control sequence.
l.384 ...increases.  We also found that for \texit
                                                  {Casuarina cunninghamiana}...
The control sequence at the end of the top line
of your error message was never \def'ed. If you have
misspelled it (e.g., `\hobx'), type `I' and the correct
spelling (e.g., `I\hbox'). Otherwise just continue,
and I'll forget about whatever was undefined.


Package natbib Warning: Citation `Cadol2010' on page 26 undefined on input line
 386.


Package natbib Warning: Citation `Adler2014' on page 26 undefined on input line
 386.

Missing character: There is no ‘ in font cmr12!
Missing character: There is no ’ in font cmr12!

Package natbib Warning: Citation `telewski1995wind' on page 26 undefined on inp
ut line 386.


Package natbib Warning: Citation `Cohen1999' on page 26 undefined on input line
 386.


Underfull \vbox (badness 10000) has occurred while \output is active []

 [26

]
Missing character: There is no ‘ in font cmr12!
Missing character: There is no ’ in font cmr12!


Package natbib Warning: Citation `Hacke2001' on page 27 undefined on input line
 388.


Package natbib Warning: Citation `Jacobsen2005' on page 27 undefined on input l
ine 388.


Package natbib Warning: Citation `Jacobsen2007' on page 27 undefined on input l
ine 388.


Package natbib Warning: Citation `Martinez-Cabrera2009' on page 27 undefined on
 input line 388.


Package natbib Warning: Citation `Lens2011' on page 27 undefined on input line 
388.


Package natbib Warning: Citation `Zieminska2013' on page 27 undefined on input 
line 388.


Underfull \vbox (badness 10000) has occurred while \output is active []

 [27]

Package natbib Warning: Citation `Valladares2007' on page 28 undefined on input
 line 390.


Package natbib Warning: Citation `Gutschick2003' on page 28 undefined on input 
line 390.

Missing character: There is no ‘ in font cmr12!
Missing character: There is no ’ in font cmr12!
! Misplaced alignment tab character &.
l.392 ...an plant strategies described by Naiman &
                                                   Decamps' (1997) classific...
I can't figure out why you would want to use a tab mark
here. If you just want an ampersand, the remedy is
simple: Just type `I\&' now. But if some right brace
up above has ended a previous alignment prematurely,
you're probably due for more error messages, and you
might try typing `S' now just to see what is salvageable.

Missing character: There is no ‘ in font cmr12!
Missing character: There is no ’ in font cmr12!

Package natbib Warning: Citation `Naiman1997' on page 28 undefined on input lin
e 392.


Package natbib Warning: Citation `Woolfrey2001' on page 28 undefined on input l
ine 392.


Package natbib Warning: Citation `Westoby1998' on page 28 undefined on input li
ne 392.

Missing character: There is no ‘ in font cmr12!
Missing character: There is no ’ in font cmr12!
Missing character: There is no ‘ in font cmr12!
Missing character: There is no ’ in font cmr12!

Overfull \hbox (0.1651pt too wide) in paragraph at lines 392--393
[]\OT1/cmr/m/n/12 Conservative re-source use and heavy in-vest-ment in struc-tu
ral strength fit within
 []


Underfull \vbox (badness 1189) has occurred while \output is active []

 [28]
! Undefined control sequence.
l.394 ...xtit{Casuarina cunninghamiana} and \texit
                                                  {Tristaniopsis laurina} (t...
The control sequence at the end of the top line
of your error message was never \def'ed. If you have
misspelled it (e.g., `\hobx'), type `I' and the correct
spelling (e.g., `I\hbox'). Otherwise just continue,
and I'll forget about whatever was undefined.


Package natbib Warning: Citation `Webb2002' on page 29 undefined on input line 
394.


Package natbib Warning: Citation `Melick1990' on page 29 undefined on input lin
e 394.


Package natbib Warning: Citation `King2006' on page 29 undefined on input line 
394.


Package natbib Warning: Citation `Kraft2008' on page 29 undefined on input line
 394.


Package natbib Warning: Citation `Poorter2008' on page 29 undefined on input li
ne 394.


Package natbib Warning: Citation `Poorter2010' on page 29 undefined on input li
ne 394.


Package natbib Warning: Citation `Wright2010' on page 29 undefined on input lin
e 394.


Package natbib Warning: Citation `steenis1981rheophytes' on page 29 undefined o
n input line 394.


Package natbib Warning: Citation `Webb2002' on page 29 undefined on input line 
394.

Missing character: There is no ’ in font cmr12!

Package natbib Warning: Citation `Tabacchi1998' on page 29 undefined on input l
ine 396.


Package natbib Warning: Citation `Falster2005' on page 29 undefined on input li
ne 396.


Package natbib Warning: Citation `Curran2008' on page 29 undefined on input lin
e 396.


Underfull \vbox (badness 1189) has occurred while \output is active []

 [29]
Missing character: There is no ‘ in font cmr12!
Missing character: There is no ’ in font cmr12!


Package natbib Warning: Citation `Swenson2007' on page 30 undefined on input li
ne 400.


Package natbib Warning: Citation `Huston1979' on page 30 undefined on input lin
e 400.


Package natbib Warning: Citation `Naiman1997' on page 30 undefined on input lin
e 400.


Package natbib Warning: Citation `Corenblit2007' on page 30 undefined on input 
line 400.


Package natbib Warning: Citation `Nilsson2000' on page 30 undefined on input li
ne 402.


Package natbib Warning: Citation `stocker2013climate' on page 30 undefined on i
nput line 402.


Package natbib Warning: Citation `Maheshwari1995' on page 30 undefined on input
 line 402.


Package natbib Warning: Citation `Graf2006' on page 30 undefined on input line 
402.

Missing character: There is no – in font cmr12!

Package natbib Warning: Citation `Hennessy2007' on page 30 undefined on input l
ine 402.


Package natbib Warning: Citation `Smith2004' on page 30 undefined on input line
 402.


Package natbib Warning: Citation `Hennessy2008' on page 30 undefined on input l
ine 402.


Package natbib Warning: Citation `Chiew2009' on page 30 undefined on input line
 402.

Missing character: There is no ’ in font cmr12!

Package natbib Warning: Citation `Nicholls1989' on page 30 undefined on input l
ine 402.


Package natbib Warning: Citation `Ward2010' on page 30 undefined on input line 
402.


Package natbib Warning: Citation `Hennessy2008' on page 30 undefined on input l
ine 402.


Package natbib Warning: Citation `Peel2011' on page 30 undefined on input line 
402.

Missing character: There is no – in font cmr12!
[30] [31]

Package natbib Warning: Citation `Lawson2015' on page 32 undefined on input lin
e 411.


("C:\Users\James\Desktop\stuff\data\analysis\R\THESIS\2 wood density\wood densi
ty.bbl" [32] [33

] [34] [35] [36] [37]
LaTeX Font Info:    Try loading font information for OMS+cmr on input line 311.


("C:\Program Files (x86)\miktex2.9\tex\latex\base\omscmr.fd"
File: omscmr.fd 1999/05/25 v2.5h Standard LaTeX font definitions
)
LaTeX Font Info:    Font shape `OMS/cmr/m/n' in size <10.95> not available
(Font)              Font shape `OMS/cmsy/m/n' tried instead on input line 311.
 [38]
Missing character: There is no Â in font cmr10!
Missing character: There is no € in font cmr10!
Missing character: There is no Â in font cmr10!
Missing character: There is no ™ in font cmr10!
 [39]
[40] [41])

Package natbib Warning: There were undefined citations.

[42]
("C:\Users\James\Desktop\stuff\data\analysis\R\THESIS\2 wood density\wood densi
ty.aux"

Package natbib Warning: Citation(s) may have changed.
(natbib)                Rerun to get citations correct.

)

LaTeX Warning: Label(s) may have changed. Rerun to get cross-references right.

 ) 
Here is how much of TeX's memory you used:
 7564 strings out of 493921
 108825 string characters out of 3145277
 228478 words of memory out of 3000000
 10800 multiletter control sequences out of 15000+200000
 11395 words of font info for 40 fonts, out of 3000000 for 9000
 841 hyphenation exceptions out of 8191
 38i,15n,47p,2207b,610s stack positions out of 5000i,500n,10000p,200000b,50000s
<C:/Program Files (x86)/miktex2.9/fonts/type1/public/amsfonts/cm/cmbx12.pfb><
C:/Program Files (x86)/miktex2.9/fonts/type1/public/amsfonts/cm/cmbx8.pfb><C:/P
rogram Files (x86)/miktex2.9/fonts/type1/public/amsfonts/cm/cmmi12.pfb><C:/Prog
ram Files (x86)/miktex2.9/fonts/type1/public/amsfonts/cm/cmr10.pfb><C:/Program 
Files (x86)/miktex2.9/fonts/type1/public/amsfonts/cm/cmr12.pfb><C:/Program File
s (x86)/miktex2.9/fonts/type1/public/amsfonts/cm/cmr8.pfb><C:/Program Files (x8
6)/miktex2.9/fonts/type1/public/amsfonts/cm/cmsl12.pfb><C:/Program Files (x86)/
miktex2.9/fonts/type1/public/amsfonts/cm/cmss12.pfb><C:/Program Files (x86)/mik
tex2.9/fonts/type1/public/amsfonts/cm/cmss17.pfb><C:/Program Files (x86)/miktex
2.9/fonts/type1/public/amsfonts/cm/cmsy10.pfb><C:/Program Files (x86)/miktex2.9
/fonts/type1/public/amsfonts/cm/cmti10.pfb><C:/Program Files (x86)/miktex2.9/fo
nts/type1/public/amsfonts/cm/cmti12.pfb><C:/Program Files (x86)/miktex2.9/fonts
/type1/public/amsfonts/cm/cmti8.pfb><C:/Program Files (x86)/miktex2.9/fonts/typ
e1/public/amsfonts/cm/cmtt12.pfb>
Output written on "wood density.pdf" (42 pages, 2165175 bytes).
PDF statistics:
 1678 PDF objects out of 1728 (max. 8388607)
 0 named destinations out of 1000 (max. 500000)
 26 words of extra memory for PDF output out of 10000 (max. 10000000)

