This is pdfTeX, Version 3.1415926-2.5-1.40.14 (MiKTeX 2.9) (preloaded format=pdflatex 2015.6.26)  1 SEP 2015 13:52
entering extended mode
**SEQLD_standalone.tex

(C:\Users\James\Desktop\stuff\data\analysis\R\THESIS\THESIS\SEQLD_standalone.te
x
LaTeX2e <2011/06/27>
Babel <v3.8m> and hyphenation patterns for english, afrikaans, ancientgreek, ar
abic, armenian, assamese, basque, bengali, bokmal, bulgarian, catalan, coptic, 
croatian, czech, danish, dutch, esperanto, estonian, farsi, finnish, french, ga
lician, german, german-x-2013-05-26, greek, gujarati, hindi, hungarian, iceland
ic, indonesian, interlingua, irish, italian, kannada, kurmanji, latin, latvian,
 lithuanian, malayalam, marathi, mongolian, mongolianlmc, monogreek, ngerman, n
german-x-2013-05-26, nynorsk, oriya, panjabi, pinyin, polish, portuguese, roman
ian, russian, sanskrit, serbian, slovak, slovenian, spanish, swedish, swissgerm
an, tamil, telugu, turkish, turkmen, ukenglish, ukrainian, uppersorbian, usengl
ishmax, welsh, loaded.
("C:\Program Files (x86)\miktex2.9\tex\latex\memoir\memoir.cls"
Document Class: memoir 2015/07/08 v3.7e configurable book, report, article docu
ment class
\onelineskip=\skip41
\lxvchars=\skip42
\xlvchars=\skip43
\@memcnta=\count79
\c@@memmarkcntra=\count80
\l@nohyphenation=\language69
("C:\Program Files (x86)\miktex2.9\tex\generic\oberdiek\ifpdf.sty"
Package: ifpdf 2011/01/30 v2.3 Provides the ifpdf switch (HO)
Package ifpdf Info: pdfTeX in PDF mode is detected.
)
("C:\Program Files (x86)\miktex2.9\tex\latex\ifetex\ifetex.sty"
Package: ifetex 2011/12/15 v1.2 ifetex

("C:\Program Files (x86)\miktex2.9\tex\plain\ifetex\ifetex.tex"))
("C:\Program Files (x86)\miktex2.9\tex\generic\ifxetex\ifxetex.sty"
Package: ifxetex 2010/09/12 v0.6 Provides ifxetex conditional
)
("C:\Program Files (x86)\miktex2.9\tex\generic\oberdiek\ifluatex.sty"
Package: ifluatex 2010/03/01 v1.3 Provides the ifluatex switch (HO)
Package ifluatex Info: LuaTeX not detected.
)
\stockheight=\skip44
\stockwidth=\skip45
\trimtop=\skip46
\trimedge=\skip47

("C:\Program Files (x86)\miktex2.9\tex\latex\misc\etex.sty"
Package: etex 1998/03/26 v2.0 eTeX basic definition package (PEB)
\et@xins=\count81
)
("C:\Program Files (x86)\miktex2.9\tex\latex\memoir\mem12.clo"
File: mem12.clo 2010/10/19 v0.4b memoir class 12pt size option
)
\binding=\skip48
\spinemargin=\skip49
\foremargin=\skip50
\uppermargin=\skip51
\lowermargin=\skip52
\headdrop=\skip53
\normalrulethickness=\skip54
\mem@maxheadheight=\skip55
\mem@maxfootheight=\skip56
\headwidth=\skip57
\c@storedpagenumber=\count82
\memPD=\dimen102
\m@mabparskip=\skip58
\thanksmarkwidth=\skip59
\thanksmarksep=\skip60
\droptitle=\skip61
\c@book=\count83
\c@part=\count84
\c@chapter=\count85
\c@section=\count86
\c@subsection=\count87
\c@subsubsection=\count88
\c@paragraph=\count89
\c@subparagraph=\count90
\beforechapskip=\skip62
\midchapskip=\skip63
\afterchapskip=\skip64
\chapindent=\skip65
\bottomsectionskip=\skip66
\secindent=\skip67
\beforesecskip=\skip68
\aftersecskip=\skip69
\subsecindent=\skip70
\beforesubsecskip=\skip71
\aftersubsecskip=\skip72
\subsubsecindent=\skip73
\beforesubsubsecskip=\skip74
\aftersubsubsecskip=\skip75
\paraindent=\skip76
\beforeparaskip=\skip77
\afterparaskip=\skip78
\subparaindent=\skip79
\beforesubparaskip=\skip80
\aftersubparaskip=\skip81
\pfbreakskip=\skip82
\c@@ppsavesec=\count91
\c@@ppsaveapp=\count92
\ragrparindent=\dimen103
\everylistparindent=\dimen104
\parsepi=\skip83
\topsepi=\skip84
\itemsepi=\skip85
\parsepii=\skip86
\topsepii=\skip87
\topsepiii=\skip88
\itemsepii=\skip89
\itemsepiii=\skip90
\partopsepii=\skip91
\partopsepiii=\skip92
\m@msavetopsep=\skip93
\m@msavepartopsep=\skip94
\@enLab=\toks14
\abstitleskip=\skip95
\absleftindent=\skip96
\abs@leftindent=\dimen105
\absrightindent=\skip97
\absparindent=\skip98
\absparsep=\skip99
\c@vslineno=\count93
\c@poemline=\count94
\c@modulo@vs=\count95
\c@memfvsline=\count96
\vleftskip=\skip100
\vrightskip=\skip101
\stanzaskip=\skip102
\versewidth=\skip103
\vgap=\skip104
\vindent=\skip105
\vleftmargin=\dimen106
\c@verse=\count97
\c@chrsinstr=\count98
\beforepoemtitleskip=\skip106
\afterpoemtitleskip=\skip107
\c@poem=\count99
\beforePoemTitleskip=\skip108
\midPoemTitleskip=\skip109
\afterPoemTitleskip=\skip110
\col@sep=\dimen107
\extrarowheight=\dimen108
\NC@list=\toks15
\extratabsurround=\skip111
\backup@length=\skip112
\TX@col@width=\dimen109
\TX@old@table=\dimen110
\TX@old@col=\dimen111
\TX@target=\dimen112
\TX@delta=\dimen113
\TX@cols=\count100
\TX@ftn=\toks16
\heavyrulewidth=\dimen114
\lightrulewidth=\dimen115
\cmidrulewidth=\dimen116
\belowrulesep=\dimen117
\belowbottomsep=\dimen118
\aboverulesep=\dimen119
\abovetopsep=\dimen120
\cmidrulesep=\dimen121
\cmidrulekern=\dimen122
\defaultaddspace=\dimen123
\@cmidla=\count101
\@cmidlb=\count102
\@aboverulesep=\dimen124
\@belowrulesep=\dimen125
\@thisruleclass=\count103
\@lastruleclass=\count104
\@thisrulewidth=\dimen126
\ctableftskip=\skip113
\ctabrightskip=\skip114
\abovecolumnspenalty=\count105
\@linestogo=\count106
\@cellstogo=\count107
\@cellsincolumn=\count108
\crtok=\toks17
\@mincolumnwidth=\dimen127
\c@newflo@tctr=\count109
\mem@margin@floatbox=\box26
\@contcwidth=\skip115
\@contindw=\skip116
\abovecaptionskip=\skip117
\belowcaptionskip=\skip118
\subfloattopskip=\skip119
\subfloatcapskip=\skip120
\subfloatcaptopadj=\skip121
\subfloatbottomskip=\skip122
\subfloatlabelskip=\skip123
\subfloatcapmargin=\dimen128
\c@@contsubnum=\count110
\m@mscap@capbox=\box27
\m@mscap@fbox=\box28
\sidecapsep=\dimen129
\sidecapwidth=\dimen130
\m@m@tempdima=\dimen131
\m@mscapraise=\dimen132
\sidecapraise=\dimen133
\m@mscapmainwidth=\dimen134
\m@mscaplkern=\dimen135
\beforeepigraphskip=\skip124
\afterepigraphskip=\skip125
\epigraphwidth=\skip126
\epigraphrule=\skip127
LaTeX Info: Redefining \em on input line 7535.
LaTeX Info: Redefining \emph on input line 7543.
\tocentryskip=\skip128
\tocbaseline=\skip129
\cftparskip=\skip130
\cftbeforebookskip=\skip131
\cftbookindent=\dimen136
\cftbooknumwidth=\dimen137
\cftbeforepartskip=\skip132
\cftpartindent=\skip133
\cftpartnumwidth=\skip134
\cftbeforechapterskip=\skip135
\cftchapterindent=\skip136
\cftchapternumwidth=\skip137
\cftbeforesectionskip=\skip138
\cftsectionindent=\skip139
\cftsectionnumwidth=\skip140
\cftbeforesubsectionskip=\skip141
\cftsubsectionindent=\skip142
\cftsubsectionnumwidth=\skip143
\cftbeforesubsubsectionskip=\skip144
\cftsubsubsectionindent=\skip145
\cftsubsubsectionnumwidth=\skip146
\cftbeforeparagraphskip=\skip147
\cftparagraphindent=\skip148
\cftparagraphnumwidth=\skip149
\cftbeforesubparagraphskip=\skip150
\cftsubparagraphindent=\skip151
\cftsubparagraphnumwidth=\skip152
\prechapterprecisshift=\dimen138
\c@maxsecnumdepth=\count111
\bibindent=\dimen139
\bibitemsep=\skip153
\indexcolsep=\skip154
\indexrule=\skip155
\indexmarkstyle=\toks18
\@indexbox=\insert233
\glossarycolsep=\dimen140
\glossaryrule=\dimen141
\sideparvshift=\skip156
\sideins=\insert232
\sidebartopsep=\skip157
\sidebarhsep=\skip158
\sidebarvsep=\skip159
\sidebarwidth=\skip160
\footmarkwidth=\skip161
\footmarksep=\skip162
\footparindent=\skip163
\footinsdim=\skip164
\footinsv@r=\insert231
\@mpfootinsv@r=\insert230
\m@m@k=\count112
\m@m@h=\dimen142
\m@mipn@skip=\skip165
\sidefootins=\insert229
\sidefootadjust=\skip166
\sidefootheight=\skip167
\sidefoothsep=\skip168
\sidefootvsep=\skip169
\sidefootwidth=\skip170
\m@mdownsf=\skip171
\c@sidefootnote=\count113
\sidefootmarkwidth=\skip172
\sidefootmarksep=\skip173
\sidefootparindent=\skip174
\c@pagenote=\count114
\c@pagenoteshadow=\count115
\mem@pn@lastkern=\skip175
\every@verbatim=\toks19
\afterevery@verbatim=\toks20
\verbatim@line=\toks21
\tab@position=\count116
\verbatim@in@stream=\read1
\verbatimindent=\skip176
\verbatim@out=\write3
\bvboxsep=\skip177
\c@memfbvline=\count117
\c@bvlinectr=\count118
\bvnumlength=\skip178
\fb@frw=\dimen143
\fb@frh=\dimen144
\FrameRule=\dimen145
\FrameSep=\dimen146
\c@cp@cntr=\count119
LaTeX Info: Redefining \: on input line 12052.
LaTeX Info: Redefining \! on input line 12054.
\c@ism@mctr=\count120
\c@xsm@mctr=\count121
\c@csm@mctr=\count122
\c@ksm@mctr=\count123
\c@xksm@mctr=\count124
\c@cksm@mctr=\count125
\c@msm@mctr=\count126
\c@xmsm@mctr=\count127
\c@cmsm@mctr=\count128
\c@bsm@mctr=\count129
\c@workm@mctr=\count130
\c@sheetsequence=\count131
\c@lastsheet=\count132
\c@lastpage=\count133
\c@figure=\count134
\c@lofdepth=\count135
\cftbeforefigureskip=\skip179
\cftfigureindent=\skip180
\cftfigurenumwidth=\skip181
\c@table=\count136
\c@lotdepth=\count137
\cftbeforetableskip=\skip182
\cfttableindent=\skip183
\cfttablenumwidth=\skip184
Package abstract [2008/07/23] emulated by memoir.
Package appendix [2008/07/23] emulated by memoir.
Package array [2008/09/09] emulated by memoir.
Package booktabs [2008/07/23] emulated by memoir.
Package ccaption [2008/07/23] emulated by memoir.
Package changepage [2008/07/23] emulated by memoir.
Package chngcntr [2008/07/23] emulated by memoir.
Package chngpage [2008/07/23] emulated by memoir.
Package crop emulated by memoir.
Package dcolumn [2008/07/23] emulated by memoir.
Package delarray [2008/07/23] emulated by memoir.
Package enumerate [2008/07/23] emulated by memoir.
Package epigraph [2008/07/23] emulated by memoir.
Package ifmtarg [2008/07/23] emulated by memoir.
Package index [2008/07/23] emulated by memoir.
Package makeidx [2008/07/23] emulated by memoir.
Package moreverb [2008/07/23] emulated by memoir.
Package mparhack [2008/07/23] emulated by memoir.
Package needspace [2008/07/23] emulated by memoir.
Package newfile [2008/07/23] emulated by memoir.
Package nextpage [2008/07/23] emulated by memoir.
Package pagenote [2008/07/23] emulated by memoir.
Package parskip [2008/07/23] emulated by memoir.
Package patchcmd [2008/07/23] emulated by memoir.
Package setspace [2008/07/23] emulated by memoir.
Package shortvrb [2008/07/23] emulated by memoir.
Package showidx [2008/07/23] emulated by memoir.
Package tabularx [2008/07/23] emulated by memoir.
Package titleref [2008/07/23] emulated by memoir.
Package titling [2008/07/23] emulated by memoir.
Package tocbibind [2008/07/23] emulated by memoir.
Package tocloft [2008/07/23] emulated by memoir.
Package tocvsec2 [2008/07/23] emulated by memoir.
Package verbatim [2008/07/23] emulated by memoir.
Package verse [2008/07/23] emulated by memoir.

("C:\Program Files (x86)\miktex2.9\tex\latex\memoir\mempatch.sty"
Package: mempatch 2009/07/24 v6.0f Patches for memoir class v1.6180339
))
("C:\Program Files (x86)\miktex2.9\tex\latex\graphics\graphicx.sty"
Package: graphicx 1999/02/16 v1.0f Enhanced LaTeX Graphics (DPC,SPQR)

("C:\Program Files (x86)\miktex2.9\tex\latex\graphics\keyval.sty"
Package: keyval 1999/03/16 v1.13 key=value parser (DPC)
\KV@toks@=\toks22
)
("C:\Program Files (x86)\miktex2.9\tex\latex\graphics\graphics.sty"
Package: graphics 2009/02/05 v1.0o Standard LaTeX Graphics (DPC,SPQR)

("C:\Program Files (x86)\miktex2.9\tex\latex\graphics\trig.sty"
Package: trig 1999/03/16 v1.09 sin cos tan (DPC)
)
("C:\Program Files (x86)\miktex2.9\tex\latex\00miktex\graphics.cfg"
File: graphics.cfg 2007/01/18 v1.5 graphics configuration of teTeX/TeXLive
)
Package graphics Info: Driver file: pdftex.def on input line 91.

("C:\Program Files (x86)\miktex2.9\tex\latex\pdftex-def\pdftex.def"
File: pdftex.def 2011/05/27 v0.06d Graphics/color for pdfTeX

("C:\Program Files (x86)\miktex2.9\tex\generic\oberdiek\infwarerr.sty"
Package: infwarerr 2010/04/08 v1.3 Providing info/warning/error messages (HO)
)
("C:\Program Files (x86)\miktex2.9\tex\generic\oberdiek\ltxcmds.sty"
Package: ltxcmds 2011/11/09 v1.22 LaTeX kernel commands for general use (HO)
)
\Gread@gobject=\count138
))
\Gin@req@height=\dimen147
\Gin@req@width=\dimen148
)
("C:\Program Files (x86)\miktex2.9\tex\latex\multirow\multirow.sty"
\bigstrutjot=\dimen149
)
("C:\Program Files (x86)\miktex2.9\tex\latex\tools\multicol.sty"
Package: multicol 2011/06/27 v1.7a multicolumn formatting (FMi)
\c@tracingmulticols=\count139
\mult@box=\box29
\multicol@leftmargin=\dimen150
\c@unbalance=\count140
\c@collectmore=\count141
\doublecol@number=\count142
\multicoltolerance=\count143
\multicolpretolerance=\count144
\full@width=\dimen151
\page@free=\dimen152
\premulticols=\dimen153
\postmulticols=\dimen154
\multicolsep=\skip185
\multicolbaselineskip=\skip186
\partial@page=\box30
\last@line=\box31
\mult@rightbox=\box32
\mult@grightbox=\box33
\mult@gfirstbox=\box34
\mult@firstbox=\box35
\@tempa=\box36
\@tempa=\box37
\@tempa=\box38
\@tempa=\box39
\@tempa=\box40
\@tempa=\box41
\@tempa=\box42
\@tempa=\box43
\@tempa=\box44
\@tempa=\box45
\@tempa=\box46
\@tempa=\box47
\@tempa=\box48
\@tempa=\box49
\@tempa=\box50
\@tempa=\box51
\@tempa=\box52
\c@columnbadness=\count145
\c@finalcolumnbadness=\count146
\last@try=\dimen155
\multicolovershoot=\dimen156
\multicolundershoot=\dimen157
\mult@nat@firstbox=\box53
\colbreak@box=\box54
\multicol@sort@counter=\count147
)
("C:\Program Files (x86)\miktex2.9\tex\latex\cite\cite.sty"
LaTeX Info: Redefining \cite on input line 302.
LaTeX Info: Redefining \nocite on input line 332.
Package: cite 2015/02/27  v 5.5
)
("C:\Program Files (x86)\miktex2.9\tex\latex\natbib\natbib.sty"
Package: natbib 2010/09/13 8.31b (PWD, AO)


Package natbib Warning: The `cite' package should not be used
(natbib)                with natbib. Use option `sort' instead.

\bibhang=\skip187
\bibsep=\skip188
LaTeX Info: Redefining \cite on input line 694.
LaTeX Info: Redefining \citenum on input line 708.
\c@NAT@ctr=\count148
) ("C:\Program Files (x86)\miktex2.9\tex\latex\threeparttable\threeparttable.st
y"
Package: threeparttable 2003/06/13  v 3.0
\@tempboxb=\box55
) ("C:\Program Files (x86)\miktex2.9\tex\latex\setspace\setspace.sty"
Package: setspace 2011/12/19 v6.7a set line spacing
)
("C:\Program Files (x86)\miktex2.9\tex\latex\tools\longtable.sty"
Package: longtable 2004/02/01 v4.11 Multi-page Table package (DPC)
\LTleft=\skip189
\LTright=\skip190
\LTpre=\skip191
\LTpost=\skip192
\LTchunksize=\count149
\LTcapwidth=\dimen158
\LT@head=\box56
\LT@firsthead=\box57
\LT@foot=\box58
\LT@lastfoot=\box59
\LT@cols=\count150
\LT@rows=\count151
\c@LT@tables=\count152
\c@LT@chunks=\count153
\LT@p@ftn=\toks23
)
("C:\Program Files (x86)\miktex2.9\tex\latex\tabu\tabu.sty"
Package: tabu 2011/02/26 v2.8 - flexible LaTeX tabulars (FC)

("C:\Program Files (x86)\miktex2.9\tex\latex\ltxmisc\varwidth.sty"
Package: varwidth 2009/03/30 ver 0.92;  Variable-width minipages
\@vwid@box=\box60
\sift@deathcycles=\count154
\@vwid@loff=\dimen159
\@vwid@roff=\dimen160
)
\c@taburow=\count155
\tabu@nbcols=\count156
\tabu@cnt=\count157
\tabu@Xcol=\count158
\tabu@alloc=\count159
\tabu@nested=\count160
\tabu@target=\dimen161
\tabu@spreadtarget=\dimen162
\tabu@naturalX=\dimen163
\tabucolX=\dimen164
\tabu@Xsum=\dimen165
\extrarowdepth=\dimen166
\abovetabulinesep=\dimen167
\belowtabulinesep=\dimen168
\tabustrutrule=\dimen169
\tabu@thebody=\toks24
\tabu@footnotes=\toks25
\tabu@box=\box61
\tabu@arstrutbox=\box62
\tabu@hleads=\box63
\tabu@vleads=\box64
\tabu@cellskip=\skip193
)
("C:\Program Files (x86)\miktex2.9\tex\latex\oberdiek\pdflscape.sty"
Package: pdflscape 2008/08/11 v0.10 Display of landscape pages in PDF (HO)

("C:\Program Files (x86)\miktex2.9\tex\latex\graphics\lscape.sty"
Package: lscape 2000/10/22 v3.01 Landscape Pages (DPC)
)
Package pdflscape Info: Auto-detected driver: pdftex on input line 80.
)

Class memoir Warning: You are using the caption package with the memoir class. 
To prepare we will now reset all captioning macros and configurations to kernel
 defaults, and then let the caption package take over. Please remember to use t
he caption package interfaces in order to configure your captions. .

("C:\Program Files (x86)\miktex2.9\tex\latex\caption\caption.sty"
Package: caption 2013/05/02 v3.3-89 Customizing captions (AR)

("C:\Program Files (x86)\miktex2.9\tex\latex\caption\caption3.sty"
Package: caption3 2013/05/02 v1.6-88 caption3 kernel (AR)
Package caption3 Info: TeX engine: e-TeX on input line 57.
\captionmargin=\dimen170
\captionmargin@=\dimen171
\captionwidth=\dimen172
\caption@tempdima=\dimen173
\caption@indent=\dimen174
\caption@parindent=\dimen175
\caption@hangindent=\dimen176
)
\c@ContinuedFloat=\count161
Package caption Info: longtable package is loaded.

("C:\Program Files (x86)\miktex2.9\tex\latex\caption\ltcaption.sty"
Package: ltcaption 2013/02/03 v1.3-62 longtable captions (AR)
)
Package caption Info: threeparttable package is loaded.
)
("C:\Program Files (x86)\miktex2.9\tex\latex\url\url.sty"
\Urlmuskip=\muskip10
Package: url 2013/09/16  ver 3.4  Verb mode for urls, etc.
)
("C:\Program Files (x86)\miktex2.9\tex\latex\ulem\ulem.sty"
\UL@box=\box65
\UL@hyphenbox=\box66
\UL@skip=\skip194
\UL@hook=\toks26
\UL@height=\dimen177
\UL@pe=\count162
\UL@pixel=\dimen178
\ULC@box=\box67
Package: ulem 2012/05/18
\ULdepth=\dimen179
)
("C:\Program Files (x86)\miktex2.9\tex\latex\cite\chapterbib.sty"
\c@inputfile=\count163
Package: chapterbib 2010/09/18  v 1.17
)
("C:\Program Files (x86)\miktex2.9\tex\latex\amsfonts\amssymb.sty"
Package: amssymb 2013/01/14 v3.01 AMS font symbols

("C:\Program Files (x86)\miktex2.9\tex\latex\amsfonts\amsfonts.sty"
Package: amsfonts 2013/01/14 v3.01 Basic AMSFonts support
\@emptytoks=\toks27
\symAMSa=\mathgroup4
\symAMSb=\mathgroup5
LaTeX Font Info:    Overwriting math alphabet `\mathfrak' in version `bold'
(Font)                  U/euf/m/n --> U/euf/b/n on input line 106.
))
("C:\Program Files (x86)\miktex2.9\tex\latex\base\textcomp.sty"
Package: textcomp 2005/09/27 v1.99g Standard LaTeX package
Package textcomp Info: Sub-encoding information:
(textcomp)               5 = only ISO-Adobe without \textcurrency
(textcomp)               4 = 5 + \texteuro
(textcomp)               3 = 4 + \textohm
(textcomp)               2 = 3 + \textestimated + \textcurrency
(textcomp)               1 = TS1 - \textcircled - \t
(textcomp)               0 = TS1 (full)
(textcomp)             Font families with sub-encoding setting implement
(textcomp)             only a restricted character set as indicated.
(textcomp)             Family '?' is the default used for unknown fonts.
(textcomp)             See the documentation for details.
Package textcomp Info: Setting ? sub-encoding to TS1/1 on input line 71.

("C:\Program Files (x86)\miktex2.9\tex\latex\base\ts1enc.def"
File: ts1enc.def 2001/06/05 v3.0e (jk/car/fm) Standard LaTeX file
)
LaTeX Info: Redefining \oldstylenums on input line 266.
Package textcomp Info: Setting cmr sub-encoding to TS1/0 on input line 281.
Package textcomp Info: Setting cmss sub-encoding to TS1/0 on input line 282.
Package textcomp Info: Setting cmtt sub-encoding to TS1/0 on input line 283.
Package textcomp Info: Setting cmvtt sub-encoding to TS1/0 on input line 284.
Package textcomp Info: Setting cmbr sub-encoding to TS1/0 on input line 285.
Package textcomp Info: Setting cmtl sub-encoding to TS1/0 on input line 286.
Package textcomp Info: Setting ccr sub-encoding to TS1/0 on input line 287.
Package textcomp Info: Setting ptm sub-encoding to TS1/4 on input line 288.
Package textcomp Info: Setting pcr sub-encoding to TS1/4 on input line 289.
Package textcomp Info: Setting phv sub-encoding to TS1/4 on input line 290.
Package textcomp Info: Setting ppl sub-encoding to TS1/3 on input line 291.
Package textcomp Info: Setting pag sub-encoding to TS1/4 on input line 292.
Package textcomp Info: Setting pbk sub-encoding to TS1/4 on input line 293.
Package textcomp Info: Setting pnc sub-encoding to TS1/4 on input line 294.
Package textcomp Info: Setting pzc sub-encoding to TS1/4 on input line 295.
Package textcomp Info: Setting bch sub-encoding to TS1/4 on input line 296.
Package textcomp Info: Setting put sub-encoding to TS1/5 on input line 297.
Package textcomp Info: Setting uag sub-encoding to TS1/5 on input line 298.
Package textcomp Info: Setting ugq sub-encoding to TS1/5 on input line 299.
Package textcomp Info: Setting ul8 sub-encoding to TS1/4 on input line 300.
Package textcomp Info: Setting ul9 sub-encoding to TS1/4 on input line 301.
Package textcomp Info: Setting augie sub-encoding to TS1/5 on input line 302.
Package textcomp Info: Setting dayrom sub-encoding to TS1/3 on input line 303.
Package textcomp Info: Setting dayroms sub-encoding to TS1/3 on input line 304.

Package textcomp Info: Setting pxr sub-encoding to TS1/0 on input line 305.
Package textcomp Info: Setting pxss sub-encoding to TS1/0 on input line 306.
Package textcomp Info: Setting pxtt sub-encoding to TS1/0 on input line 307.
Package textcomp Info: Setting txr sub-encoding to TS1/0 on input line 308.
Package textcomp Info: Setting txss sub-encoding to TS1/0 on input line 309.
Package textcomp Info: Setting txtt sub-encoding to TS1/0 on input line 310.
Package textcomp Info: Setting lmr sub-encoding to TS1/0 on input line 311.
Package textcomp Info: Setting lmdh sub-encoding to TS1/0 on input line 312.
Package textcomp Info: Setting lmss sub-encoding to TS1/0 on input line 313.
Package textcomp Info: Setting lmssq sub-encoding to TS1/0 on input line 314.
Package textcomp Info: Setting lmvtt sub-encoding to TS1/0 on input line 315.
Package textcomp Info: Setting qhv sub-encoding to TS1/0 on input line 316.
Package textcomp Info: Setting qag sub-encoding to TS1/0 on input line 317.
Package textcomp Info: Setting qbk sub-encoding to TS1/0 on input line 318.
Package textcomp Info: Setting qcr sub-encoding to TS1/0 on input line 319.
Package textcomp Info: Setting qcs sub-encoding to TS1/0 on input line 320.
Package textcomp Info: Setting qpl sub-encoding to TS1/0 on input line 321.
Package textcomp Info: Setting qtm sub-encoding to TS1/0 on input line 322.
Package textcomp Info: Setting qzc sub-encoding to TS1/0 on input line 323.
Package textcomp Info: Setting qhvc sub-encoding to TS1/0 on input line 324.
Package textcomp Info: Setting futs sub-encoding to TS1/4 on input line 325.
Package textcomp Info: Setting futx sub-encoding to TS1/4 on input line 326.
Package textcomp Info: Setting futj sub-encoding to TS1/4 on input line 327.
Package textcomp Info: Setting hlh sub-encoding to TS1/3 on input line 328.
Package textcomp Info: Setting hls sub-encoding to TS1/3 on input line 329.
Package textcomp Info: Setting hlst sub-encoding to TS1/3 on input line 330.
Package textcomp Info: Setting hlct sub-encoding to TS1/5 on input line 331.
Package textcomp Info: Setting hlx sub-encoding to TS1/5 on input line 332.
Package textcomp Info: Setting hlce sub-encoding to TS1/5 on input line 333.
Package textcomp Info: Setting hlcn sub-encoding to TS1/5 on input line 334.
Package textcomp Info: Setting hlcw sub-encoding to TS1/5 on input line 335.
Package textcomp Info: Setting hlcf sub-encoding to TS1/5 on input line 336.
Package textcomp Info: Setting pplx sub-encoding to TS1/3 on input line 337.
Package textcomp Info: Setting pplj sub-encoding to TS1/3 on input line 338.
Package textcomp Info: Setting ptmx sub-encoding to TS1/4 on input line 339.
Package textcomp Info: Setting ptmj sub-encoding to TS1/4 on input line 340.
)
("C:\Program Files (x86)\miktex2.9\tex\latex\pdfpages\pdfpages.sty"
Package: pdfpages 2015/07/19 v0.5a Insert pages of external PDF documents (AM)

("C:\Program Files (x86)\miktex2.9\tex\latex\base\ifthen.sty"
Package: ifthen 2001/05/26 v1.1c Standard LaTeX ifthen package (DPC)
)
("C:\Program Files (x86)\miktex2.9\tex\latex\tools\calc.sty"
Package: calc 2007/08/22 v4.3 Infix arithmetic (KKT,FJ)
\calc@Acount=\count164
\calc@Bcount=\count165
\calc@Adimen=\dimen180
\calc@Bdimen=\dimen181
\calc@Askip=\skip195
\calc@Bskip=\skip196
LaTeX Info: Redefining \setlength on input line 76.
LaTeX Info: Redefining \addtolength on input line 77.
\calc@Ccount=\count166
\calc@Cskip=\skip197
)
("C:\Program Files (x86)\miktex2.9\tex\latex\eso-pic\eso-pic.sty"
Package: eso-pic 2015/07/21 v2.0g eso-pic (RN)

("C:\Program Files (x86)\miktex2.9\tex\generic\oberdiek\atbegshi.sty"
Package: atbegshi 2011/10/05 v1.16 At begin shipout hook (HO)
)
("C:\Program Files (x86)\miktex2.9\tex\latex\xcolor\xcolor.sty"
Package: xcolor 2007/01/21 v2.11 LaTeX color extensions (UK)

("C:\Program Files (x86)\miktex2.9\tex\latex\00miktex\color.cfg"
File: color.cfg 2007/01/18 v1.5 color configuration of teTeX/TeXLive
)
Package xcolor Info: Driver file: pdftex.def on input line 225.
Package xcolor Info: Model `cmy' substituted by `cmy0' on input line 1337.
Package xcolor Info: Model `hsb' substituted by `rgb' on input line 1341.
Package xcolor Info: Model `RGB' extended on input line 1353.
Package xcolor Info: Model `HTML' substituted by `rgb' on input line 1355.
Package xcolor Info: Model `Hsb' substituted by `hsb' on input line 1356.
Package xcolor Info: Model `tHsb' substituted by `hsb' on input line 1357.
Package xcolor Info: Model `HSB' substituted by `hsb' on input line 1358.
Package xcolor Info: Model `Gray' substituted by `gray' on input line 1359.
Package xcolor Info: Model `wave' substituted by `hsb' on input line 1360.
))
\AM@pagewidth=\dimen182
\AM@pageheight=\dimen183

("C:\Program Files (x86)\miktex2.9\tex\latex\pdfpages\pppdftex.def"
File: pppdftex.def 2015/07/19 v0.5a Pdfpages driver for pdfTeX (AM)
)
\AM@pagebox=\box68
\AM@toc@title=\toks28
\c@AM@survey=\count167
\AM@templatesizebox=\box69
)
("C:\Program Files (x86)\miktex2.9\tex\latex\geometry\geometry.sty"
Package: geometry 2010/09/12 v5.6 Page Geometry

("C:\Program Files (x86)\miktex2.9\tex\generic\oberdiek\ifvtex.sty"
Package: ifvtex 2010/03/01 v1.5 Detect VTeX and its facilities (HO)
Package ifvtex Info: VTeX not detected.
)
\Gm@cnth=\count168
\Gm@cntv=\count169
\c@Gm@tempcnt=\count170
\Gm@bindingoffset=\dimen184
\Gm@wd@mp=\dimen185
\Gm@odd@mp=\dimen186
\Gm@even@mp=\dimen187
\Gm@layoutwidth=\dimen188
\Gm@layoutheight=\dimen189
\Gm@layouthoffset=\dimen190
\Gm@layoutvoffset=\dimen191
\Gm@dimlist=\toks29

("C:\Program Files (x86)\miktex2.9\tex\latex\geometry\geometry.cfg"))
("C:\Program Files (x86)\miktex2.9\tex\latex\titlesec\titlesec.sty"
Package: titlesec 2011/12/15 v2.10.0 Sectioning titles
\ttl@box=\box70
\beforetitleunit=\skip198
\aftertitleunit=\skip199
\ttl@plus=\dimen192
\ttl@minus=\dimen193
\ttl@toksa=\toks30
\titlewidth=\dimen194
\titlewidthlast=\dimen195
\titlewidthfirst=\dimen196
)

! LaTeX Error: Option clash for package geometry.

See the LaTeX manual or LaTeX Companion for explanation.
Type  H <return>  for immediate help.
 ...                                              
                                                  
l.51 
     
The package geometry has already been loaded with options:
  []
There has now been an attempt to load it with options
  [a4paper,width=150mm,top=25mm,bottom=15mm, bindingoffset=3mm]
Adding the global options:
  ,a4paper,width=150mm,top=25mm,bottom=15mm, bindingoffset=3mm
to your \documentclass declaration may fix this.
Try typing  <return>  to proceed.


(C:\Users\James\Desktop\stuff\data\analysis\R\THESIS\THESIS\SEQLD_standalone.au
x)
LaTeX Font Info:    Checking defaults for OML/cmm/m/it on input line 145.
LaTeX Font Info:    ... okay on input line 145.
LaTeX Font Info:    Checking defaults for T1/cmr/m/n on input line 145.
LaTeX Font Info:    ... okay on input line 145.
LaTeX Font Info:    Checking defaults for OT1/cmr/m/n on input line 145.
LaTeX Font Info:    ... okay on input line 145.
LaTeX Font Info:    Checking defaults for OMS/cmsy/m/n on input line 145.
LaTeX Font Info:    ... okay on input line 145.
LaTeX Font Info:    Checking defaults for OMX/cmex/m/n on input line 145.
LaTeX Font Info:    ... okay on input line 145.
LaTeX Font Info:    Checking defaults for U/cmr/m/n on input line 145.
LaTeX Font Info:    ... okay on input line 145.
LaTeX Font Info:    Checking defaults for TS1/cmr/m/n on input line 145.
LaTeX Font Info:    Try loading font information for TS1+cmr on input line 145.

 ("C:\Program Files (x86)\miktex2.9\tex\latex\base\ts1cmr.fd"
File: ts1cmr.fd 1999/05/25 v2.5h Standard LaTeX font definitions
)
LaTeX Font Info:    ... okay on input line 145.

("C:\Program Files (x86)\miktex2.9\tex\context\base\supp-pdf.mkii"
[Loading MPS to PDF converter (version 2006.09.02).]
\scratchcounter=\count171
\scratchdimen=\dimen197
\scratchbox=\box71
\nofMPsegments=\count172
\nofMParguments=\count173
\everyMPshowfont=\toks31
\MPscratchCnt=\count174
\MPscratchDim=\dimen198
\MPnumerator=\count175
\makeMPintoPDFobject=\count176
\everyMPtoPDFconversion=\toks32
)
Package caption Info: Begin \AtBeginDocument code.
Package caption Info: End \AtBeginDocument code.
\AtBeginShipoutBox=\box72

*geometry* driver: auto-detecting
*geometry* detected driver: pdftex
*geometry* verbose mode - [ preamble ] result:
* driver: pdftex
* paper: a4paper
* layout: <same size as paper>
* layoutoffset:(h,v)=(0.0pt,0.0pt)
* modes: twoside 
* h-part:(L,W,R)=(71.70166pt, 418.25368pt, 107.55254pt)
* v-part:(T,H,B)=(101.40665pt, 591.5302pt, 152.11pt)
* \paperwidth=597.50787pt
* \paperheight=845.04684pt
* \textwidth=418.25368pt
* \textheight=591.5302pt
* \oddsidemargin=-0.56833pt
* \evensidemargin=35.28255pt
* \topmargin=-5.23714pt
* \headheight=14.5pt
* \headsep=70.53416pt
* \topskip=12.0pt
* \footskip=30.0pt
* \marginparwidth=92.0pt
* \marginparsep=7.0pt
* \columnsep=10.0pt
* \skip\footins=12.0pt plus 4.0pt minus 4.0pt
* \hoffset=0.0pt
* \voffset=0.0pt
* \mag=1000
* \@twocolumnfalse
* \@twosidetrue
* \@mparswitchtrue
* \@reversemarginfalse
* (1in=72.27pt=25.4mm, 1cm=28.453pt)

[1


{C:/Users/James/AppData/Local/MiKTeX/2.9/pdftex/config/pdftex.map}] [2]
[3]

Package natbib Warning: Citation `Naiman1993' on page 4 undefined on input line
 167.


Package natbib Warning: Citation `Palmer2009' on page 4 undefined on input line
 167.


Package natbib Warning: Citation `Nilsson2002' on page 4 undefined on input lin
e 167.


Package natbib Warning: Citation `Nilsson2000' on page 4 undefined on input lin
e 167.


Package natbib Warning: Citation `Stromberg2007' on page 4 undefined on input l
ine 167.


Package natbib Warning: Citation `Cooper2013' on page 4 undefined on input line
 167.


Package natbib Warning: Citation `Richardson2007' on page 4 undefined on input 
line 167.


Package natbib Warning: Citation `Costanza2011' on page 4 undefined on input li
ne 169.


Package natbib Warning: Citation `Stein2014' on page 4 undefined on input line 
169.


Package natbib Warning: Citation `Chesson2000' on page 4 undefined on input lin
e 169.


Package natbib Warning: Citation `Violle2007' on page 4 undefined on input line
 169.


Package natbib Warning: Citation `Adler2013' on page 4 undefined on input line 
169.


Package natbib Warning: Citation `Hillebrand2009' on page 4 undefined on input 
line 169.

[4

]

Package natbib Warning: Citation `Poff1997' on page 5 undefined on input line 1
71.


Package natbib Warning: Citation `Bendix2000' on page 5 undefined on input line
 171.


Package natbib Warning: Citation `Naiman2005' on page 5 undefined on input line
 171.


Package natbib Warning: Citation `Corenblit2007' on page 5 undefined on input l
ine 171.


Package natbib Warning: Citation `fryirs2012geomorphic' on page 5 undefined on 
input line 171.


Package natbib Warning: Citation `Hughes1997' on page 5 undefined on input line
 171.


Package natbib Warning: Citation `Corenblit2009' on page 5 undefined on input l
ine 171.


Package natbib Warning: Citation `Nilsson2002' on page 5 undefined on input lin
e 171.


Package natbib Warning: Citation `Bendix1997' on page 5 undefined on input line
 173.


Package natbib Warning: Citation `Bendix2000' on page 5 undefined on input line
 173.


Package natbib Warning: Citation `Lite2005' on page 5 undefined on input line 1
73.


Package natbib Warning: Citation `Corenblit2007' on page 5 undefined on input l
ine 173.

Missing character: There is no â in font cmr12!
Missing character: There is no € in font cmr12!
Missing character: There is no ˜ in font cmr12!
Missing character: There is no â in font cmr12!
Missing character: There is no € in font cmr12!
Missing character: There is no ™ in font cmr12!

Package natbib Warning: Citation `Tamme2010' on page 5 undefined on input line 
173.


Package natbib Warning: Citation `Lawson2015a' on page 5 undefined on input lin
e 173.

[5]
Missing character: There is no â in font cmr12!
Missing character: There is no € in font cmr12!
Missing character: There is no ™ in font cmr12!


Package natbib Warning: Citation `Nilsson2000' on page 6 undefined on input lin
e 175.


Package natbib Warning: Citation `Nilsson2005' on page 6 undefined on input lin
e 175.


Package natbib Warning: Citation `Mackay2014' on page 6 undefined on input line
 175.


Package natbib Warning: Citation `Graf2006' on page 6 undefined on input line 1
75.


Package natbib Warning: Citation `Singer2007' on page 6 undefined on input line
 175.


Package natbib Warning: Citation `Lloyd2004' on page 6 undefined on input line 
175.


Package natbib Warning: Citation `Poff2010' on page 6 undefined on input line 1
75.


Package natbib Warning: Citation `Stokes2008' on page 6 undefined on input line
 175.


Package natbib Warning: Citation `Merritt2010' on page 6 undefined on input lin
e 175.


Package natbib Warning: Citation `Catford2011' on page 6 undefined on input lin
e 175.


Package natbib Warning: Citation `Poff2010' on page 6 undefined on input line 1
75.


Package natbib Warning: Citation `Vitousek1997' on page 6 undefined on input li
ne 177.


Package natbib Warning: Citation `Gerstner2014' on page 6 undefined on input li
ne 177.


Package natbib Warning: Citation `Vitousek1996' on page 6 undefined on input li
ne 177.


Package natbib Warning: Citation `Davis2003' on page 6 undefined on input line 
177.


Package natbib Warning: Citation `Catford2012a' on page 6 undefined on input li
ne 177.


Package natbib Warning: Citation `Laliberte2010' on page 6 undefined on input l
ine 177.

[6]

Package natbib Warning: Citation `Poff2010a' on page 7 undefined on input line 
179.

Missing character: There is no â in font cmr12!
Missing character: There is no € in font cmr12!
Missing character: There is no “ in font cmr12!
LaTeX Font Info:    Try loading font information for U+msa on input line 184.
("C:\Program Files (x86)\miktex2.9\tex\latex\amsfonts\umsa.fd"
File: umsa.fd 2013/01/14 v3.01 AMS symbols A
)
LaTeX Font Info:    Try loading font information for U+msb on input line 184.

("C:\Program Files (x86)\miktex2.9\tex\latex\amsfonts\umsb.fd"
File: umsb.fd 2013/01/14 v3.01 AMS symbols B
) [7]

Package natbib Warning: Citation `Rustomji2009' on page 8 undefined on input li
ne 186.


Package natbib Warning: Citation `Kennard2010' on page 8 undefined on input lin
e 186.

Missing character: There is no â in font cmr12!
Missing character: There is no € in font cmr12!
Missing character: There is no “ in font cmr12!
Missing character: There is no â in font cmr12!
Missing character: There is no € in font cmr12!
Missing character: There is no “ in font cmr12!

Package natbib Warning: Citation `Mackay2014' on page 8 undefined on input line
 188.

[8] <Ch4map2.png, id=32, 439.6425pt x 620.67885pt>
File: Ch4map2.png Graphic file (type png)
 <use Ch4map2.png>
Package pdftex.def Info: Ch4map2.png used on input line 193.
(pdftex.def)             Requested size: 341.43306pt x 482.04398pt.


LaTeX Warning: `!h' float specifier changed to `!ht'.


Package natbib Warning: Citation `Arthington2012' on page 9 undefined on input 
line 200.


Package natbib Warning: Citation `RCoreTeam2015' on page 9 undefined on input l
ine 200.

[9] [10 <C:/Users/James/Desktop/stuff/data/analysis/R/THESIS/THESIS/Ch4map2.png
>]
Missing character: There is no â in font cmr12!
Missing character: There is no € in font cmr12!
Missing character: There is no ™ in font cmr12!
Missing character: There is no â in font cmr12!
Missing character: There is no € in font cmr12!
Missing character: There is no ™ in font cmr12!
Missing character: There is no â in font cmr12!
Missing character: There is no € in font cmr12!
Missing character: There is no “ in font cmr12!


Package natbib Warning: Citation `marsh2003river' on page 11 undefined on input
 line 208.


Underfull \hbox (badness 1087) in paragraph at lines 208--209
\OT1/cmr/m/n/12 Por-tal $\OT1/cmtt/m/n/12 (https : / / www . dnrm . qld . gov .
 au / water / water-[]monitoring-[]and-[]data /
 []

[11]
Missing character: There is no Â in font cmr12!
Missing character: There is no ¬ in font cmr12!
Missing character: There is no Â in font cmr12!
Missing character: There is no ¬ in font cmr12!


Package natbib Warning: Citation `simons1996iqqm' on page 12 undefined on input
 line 212.

[12]
Overfull \vbox (14.83366pt too high) detected at line 283
 []

! Extra alignment tab has been changed to \cr.
<recently read> \endtemplate 
                             
l.283 \end{longtabu}
                    }
You have given more \span or & marks than there were
in the preamble to the \halign or \valign now in progress.
So I'll assume that you meant to type \cr instead.


Overfull \vbox (60.44557pt too high) detected at line 283
 []

! Extra alignment tab has been changed to \cr.
<recently read> \endtemplate 
                             
l.283 \end{longtabu}
                    }
You have given more \span or & marks than there were
in the preamble to the \halign or \valign now in progress.
So I'll assume that you meant to type \cr instead.


Overfull \vbox (83.72357pt too high) detected at line 283
 []


Overfull \vbox (14.83366pt too high) detected at line 283
 []

! Extra alignment tab has been changed to \cr.
<recently read> \endtemplate 
                             
l.283 \end{longtabu}
                    }
You have given more \span or & marks than there were
in the preamble to the \halign or \valign now in progress.
So I'll assume that you meant to type \cr instead.


Overfull \vbox (60.44557pt too high) detected at line 283
 []

! Extra alignment tab has been changed to \cr.
<recently read> \endtemplate 
                             
l.283 \end{longtabu}
                    }
You have given more \span or & marks than there were
in the preamble to the \halign or \valign now in progress.
So I'll assume that you meant to type \cr instead.


Overfull \vbox (83.72357pt too high) detected at line 283
 []


Package natbib Warning: Citation `Lawson2015a' on page 13 undefined on input li
ne 283.


Package natbib Warning: Citation `Lawson2015a' on page 13 undefined on input li
ne 283.


Overfull \hbox (7.03987pt too wide) in paragraph at lines 283--283
[]\OT1/cmr/m/n/8 MDFAnnHSNum| 
 []


Overfull \hbox (5.98152pt too wide) in paragraph at lines 283--283
[]\OT1/cmr/m/n/8 MDFAnnLSNum| 
 []


Overfull \vbox (14.83366pt too high) detected at line 283
 []

! Extra alignment tab has been changed to \cr.
<recently read> \endtemplate 
                             
l.283 \end{longtabu}
                    }
You have given more \span or & marks than there were
in the preamble to the \halign or \valign now in progress.
So I'll assume that you meant to type \cr instead.


Overfull \vbox (59.43318pt too high) detected at line 283
 []

! Extra alignment tab has been changed to \cr.
<recently read> \endtemplate 
                             
l.283 \end{longtabu}
                    }
You have given more \span or & marks than there were
in the preamble to the \halign or \valign now in progress.
So I'll assume that you meant to type \cr instead.


Overfull \vbox (83.24826pt too high) detected at line 283
 []


Underfull \vbox (badness 10000) detected at line 283
 []

[13

] [14]

Package natbib Warning: Citation `witte2006mapping' on page 15 undefined on inp
ut line 287.


Package natbib Warning: Citation `BRS2002' on page 15 undefined on input line 2
87.


Package natbib Warning: Citation `Hutchinson2014' on page 15 undefined on input
 line 289.


Package natbib Warning: Citation `busby1991bioclim' on page 15 undefined on inp
ut line 289.


Package natbib Warning: Citation `Rossel2014' on page 15 undefined on input lin
e 289.


Package natbib Warning: Citation `Rossel2014a' on page 15 undefined on input li
ne 289.


Package natbib Warning: Citation `Rossel2014b' on page 15 undefined on input li
ne 289.


Package natbib Warning: Citation `Rossel2014c' on page 15 undefined on input li
ne 289.


Package natbib Warning: Citation `Rossel2014d' on page 15 undefined on input li
ne 289.


Package natbib Warning: Citation `Rossel2014e' on page 15 undefined on input li
ne 289.


Package natbib Warning: Citation `Rossel2014f' on page 15 undefined on input li
ne 289.


Package natbib Warning: Citation `Rossel2014g' on page 15 undefined on input li
ne 289.


Package natbib Warning: Citation `Rossel2014h' on page 15 undefined on input li
ne 289.


Package natbib Warning: Citation `Rossel2014i' on page 15 undefined on input li
ne 289.


Package natbib Warning: Citation `Rossel2014j' on page 15 undefined on input li
ne 289.


Package natbib Warning: Citation `Wilford2014' on page 15 undefined on input li
ne 289.

[15

]

Package natbib Warning: Citation `KEWseed' on page 16 undefined on input line 2
94.


Package natbib Warning: Citation `plantnet' on page 16 undefined on input line 
294.


Package natbib Warning: Citation `zanne2009global' on page 16 undefined on inpu
t line 294.


Package natbib Warning: Citation `Wright2000' on page 16 undefined on input lin
e 294.


Package natbib Warning: Citation `Fonseca2000' on page 16 undefined on input li
ne 294.


Package natbib Warning: Citation `Gallagher2012a' on page 16 undefined on input
 line 294.


Package natbib Warning: Citation `Kooyman2013' on page 16 undefined on input li
ne 294.


Package natbib Warning: Citation `Gleason2012' on page 16 undefined on input li
ne 294.


Package natbib Warning: Citation `Penone2014' on page 16 undefined on input lin
e 294.


Package natbib Warning: Citation `Stekhoven2012' on page 16 undefined on input 
line 294.

[16] [17]

Package natbib Warning: Citation `Wright2004' on page 18 undefined on input lin
e 318.


Package natbib Warning: Citation `Wright2004' on page 18 undefined on input lin
e 318.


Package natbib Warning: Citation `Cornelissen2003' on page 18 undefined on inpu
t line 318.


Package natbib Warning: Citation `Westoby2006' on page 18 undefined on input li
ne 318.


Package natbib Warning: Citation `Falster2006' on page 18 undefined on input li
ne 318.


Package natbib Warning: Citation `Leishman2000' on page 18 undefined on input l
ine 318.


Package natbib Warning: Citation `Carthey2015' on page 18 undefined on input li
ne 318.


Package natbib Warning: Citation `telewski1995wind' on page 18 undefined on inp
ut line 318.


Package natbib Warning: Citation `Preston2006' on page 18 undefined on input li
ne 318.


Package natbib Warning: Citation `Lawson2015' on page 18 undefined on input lin
e 318.


Underfull \hbox (badness 1515) in paragraph at lines 318--318
[]\OT1/cmr/m/n/8 Dense wood tis-sue con-fers me-chan-i-cal
 []


Package natbib Warning: Citation `mackensen2003decomposition' on page 18 undefi
ned on input line 318.


Underfull \vbox (badness 10000) detected at line 318
 []

[18

] [19]

Package natbib Warning: Citation `Villeger2008' on page 20 undefined on input l
ine 324.

Missing character: There is no Ã in font cmr12!
Missing character: There is no © in font cmr12!

Package natbib Warning: Citation `Pavoine2011' on page 20 undefined on input li
ne 324.


Package natbib Warning: Citation `Mason2012' on page 20 undefined on input line
 324.


Package natbib Warning: Citation `Laliberte2010' on page 20 undefined on input 
line 326.

Missing character: There is no â in font cmr12!
Missing character: There is no € in font cmr12!
Missing character: There is no ™ in font cmr12!
Missing character: There is no â in font cmr12!
Missing character: There is no € in font cmr12!
Missing character: There is no ™ in font cmr12!

Package natbib Warning: Citation `Gotelli2002' on page 20 undefined on input li
ne 326.


Package natbib Warning: Citation `Miklos2004' on page 20 undefined on input lin
e 326.


Package natbib Warning: Citation `kembel2010picante' on page 20 undefined on in
put line 326.


Package natbib Warning: Citation `eastman2011spacodir' on page 20 undefined on 
input line 326.

Missing character: There is no Ã in font cmr12!
Missing character: There is no © in font cmr12!

Package natbib Warning: Citation `Mason2013' on page 20 undefined on input line
 326.

[20

]

Package natbib Warning: Citation `Legendre2007' on page 21 undefined on input l
ine 335.


Package natbib Warning: Citation `barton2012mumin' on page 21 undefined on inpu
t line 336.


Package natbib Warning: Citation `burnham2002model' on page 21 undefined on inp
ut line 336.


Package natbib Warning: Citation `Oksanen2013' on page 21 undefined on input li
ne 336.


Package natbib Warning: Citation `Peres-Neto2006' on page 21 undefined on input
 line 336.

[21] [22] [23] [24] <Ch4speciesRichness.pdf, id=93, 597.50786pt x 486.51537pt>
File: Ch4speciesRichness.pdf Graphic file (type pdf)

<use Ch4speciesRichness.pdf>
Package pdftex.def Info: Ch4speciesRichness.pdf used on input line 355.
(pdftex.def)             Requested size: 513.68263pt x 418.25368pt.
 [25 <C:/Users/James/Desktop/stuff/data/analysis/R/THESIS/THESIS/Ch4speciesRich
ness.pdf>]
! Extra }, or forgotten \endgroup.
l.360 ... interval around the regression model.}}}
                                                  
I've deleted a group-closing symbol because it seems to be
spurious, as in `$x}$'. But perhaps the } is legitimate and
you forgot something else, as in `\hbox{$x}'. In such cases
the way to recover is to insert both the forgotten and the
deleted material, e.g., by typing `I$}'.

[26



] [27

] [28] <Ch4FRicSES.pdf, id=157, 595.67091pt x 356.14458pt>
File: Ch4FRicSES.pdf Graphic file (type pdf)

<use Ch4FRicSES.pdf>
Package pdftex.def Info: Ch4FRicSES.pdf used on input line 375.
(pdftex.def)             Requested size: 699.5862pt x 418.25368pt.

Overfull \hbox (108.056pt too wide) in paragraph at lines 375--376
 [][] 
 []

[29 <C:/Users/James/Desktop/stuff/data/analysis/R/THESIS/THESIS/Ch4FRicSES.pdf>
] [30



] [31

] <Ch4FDisSES.pdf, id=200, 596.00168pt x 361.40018pt>
File: Ch4FDisSES.pdf Graphic file (type pdf)

<use Ch4FDisSES.pdf>
Package pdftex.def Info: Ch4FDisSES.pdf used on input line 395.
(pdftex.def)             Requested size: 689.80731pt x 418.25368pt.

Overfull \hbox (98.27711pt too wide) in paragraph at lines 395--396
 [][] 
 []

[32 <C:/Users/James/Desktop/stuff/data/analysis/R/THESIS/THESIS/Ch4FDisSES.pdf>
] [33



] [34

] [35] <Ch4exotics.pdf, id=245, 597.53188pt x 473.7348pt>
File: Ch4exotics.pdf Graphic file (type pdf)

<use Ch4exotics.pdf>
Package pdftex.def Info: Ch4exotics.pdf used on input line 415.
(pdftex.def)             Requested size: 527.56201pt x 418.25368pt.
 [36 <C:/Users/James/Desktop/stuff/data/analysis/R/THESIS/THESIS/Ch4exotics.pdf
>] [37



]

Package natbib Warning: Citation `Poff1997' on page 38 undefined on input line 
426.


Package natbib Warning: Citation `Poff2010' on page 38 undefined on input line 
426.


Package natbib Warning: Citation `Mackay2014' on page 38 undefined on input lin
e 429.

[38

]

Package natbib Warning: Citation `Tabacchi1998' on page 39 undefined on input l
ine 431.


Package natbib Warning: Citation `Bendix2000' on page 39 undefined on input lin
e 431.


Package natbib Warning: Citation `Jardine2015' on page 39 undefined on input li
ne 431.


Package natbib Warning: Citation `Lundholm2009' on page 39 undefined on input l
ine 431.

[39]
Missing character: There is no â in font cmr12!
Missing character: There is no € in font cmr12!
Missing character: There is no ˜ in font cmr12!
Missing character: There is no â in font cmr12!
Missing character: There is no € in font cmr12!
Missing character: There is no ™ in font cmr12!


Package natbib Warning: Citation `Mason2013' on page 40 undefined on input line
 433.


Package natbib Warning: Citation `Mason2013' on page 40 undefined on input line
 433.


Package natbib Warning: Citation `Mouchet2010' on page 40 undefined on input li
ne 433.


Package natbib Warning: Citation `Laanisto2013' on page 40 undefined on input l
ine 433.

[40]

Package natbib Warning: Citation `Mason2013' on page 41 undefined on input line
 435.


Package natbib Warning: Citation `Lawson2015a' on page 41 undefined on input li
ne 437.


Package natbib Warning: Citation `Foster2003' on page 41 undefined on input lin
e 437.


Package natbib Warning: Citation `Kraft2015' on page 41 undefined on input line
 437.

[41]

Package natbib Warning: Citation `Catford2011' on page 42 undefined on input li
ne 439.


Package natbib Warning: Citation `Greet2012c' on page 42 undefined on input lin
e 439.

[42]

Package natbib Warning: Citation `Mouillot2011' on page 43 undefined on input l
ine 442.


Package natbib Warning: Citation `Laliberte2010' on page 43 undefined on input 
line 442.


Package natbib Warning: Citation `Hennessy2008' on page 43 undefined on input l
ine 444.


Package natbib Warning: Citation `Lawson2015a' on page 43 undefined on input li
ne 444.

[43]

Package natbib Warning: Citation `Lawson2015a' on page 44 undefined on input li
ne 448.

Missing character: There is no â in font cmr12!
Missing character: There is no € in font cmr12!
Missing character: There is no ˜ in font cmr12!
Missing character: There is no â in font cmr12!
Missing character: There is no € in font cmr12!
Missing character: There is no ™ in font cmr12!

Package natbib Warning: Citation `Jardine2015' on page 44 undefined on input li
ne 448.


Package natbib Warning: Citation `Lundholm2009' on page 44 undefined on input l
ine 448.

[44] [45]
(C:\Users\James\Desktop\stuff\data\analysis\R\THESIS\THESIS\SEQLD_standalone.bb
l

Package natbib Warning: Empty `thebibliography' environment on input line 3.

)

Package natbib Warning: There were undefined citations.

[46

]

! LaTeX Error: \begin{landscape} on input line 215 ended by \end{document}.

See the LaTeX manual or LaTeX Companion for explanation.
Type  H <return>  for immediate help.
 ...                                              
                                                  
l.466 \end{document}
                    
Your command was ignored.
Type  I <command> <return>  to replace it with another command,
or  <return>  to continue without it.


(C:\Users\James\Desktop\stuff\data\analysis\R\THESIS\THESIS\SEQLD_standalone.au
x) )
(\end occurred inside a group at level 1)

### semi simple group (level 1) entered at line 215 (\begingroup)
### bottom level 
Here is how much of TeX's memory you used:
 10213 strings out of 493921
 145091 string characters out of 3145277
 270716 words of memory out of 3000000
 13378 multiletter control sequences out of 15000+200000
 14907 words of font info for 58 fonts, out of 3000000 for 9000
 841 hyphenation exceptions out of 8191
 40i,14n,49p,2103b,662s stack positions out of 5000i,500n,10000p,200000b,50000s
<C:/Program Files (x86)/miktex2.9/fonts/type1/public/amsfonts/c
m/cmbx12.pfb><C:/Program Files (x86)/miktex2.9/fonts/type1/public/amsfonts/cm/c
mbx8.pfb><C:/Program Files (x86)/miktex2.9/fonts/type1/public/amsfonts/cm/cmmi1
2.pfb><C:/Program Files (x86)/miktex2.9/fonts/type1/public/amsfonts/cm/cmr10.pf
b><C:/Program Files (x86)/miktex2.9/fonts/type1/public/amsfonts/cm/cmr12.pfb><C
:/Program Files (x86)/miktex2.9/fonts/type1/public/amsfonts/cm/cmr6.pfb><C:/Pro
gram Files (x86)/miktex2.9/fonts/type1/public/amsfonts/cm/cmr8.pfb><C:/Program 
Files (x86)/miktex2.9/fonts/type1/public/amsfonts/cm/cmsl12.pfb><C:/Program Fil
es (x86)/miktex2.9/fonts/type1/public/amsfonts/cm/cmss12.pfb><C:/Program Files 
(x86)/miktex2.9/fonts/type1/public/amsfonts/cm/cmss17.pfb><C:/Program Files (x8
6)/miktex2.9/fonts/type1/public/amsfonts/cm/cmsy8.pfb><C:/Program Files (x86)/m
iktex2.9/fonts/type1/public/amsfonts/cm/cmti12.pfb><C:/Program Files (x86)/mikt
ex2.9/fonts/type1/public/amsfonts/cm/cmti8.pfb><C:/Program Files (x86)/miktex2.
9/fonts/type1/public/amsfonts/cm/cmtt12.pfb>
Output written on SEQLD_standalone.pdf (46 pages, 1239708 bytes).
PDF statistics:
 369 PDF objects out of 1000 (max. 8388607)
 0 named destinations out of 1000 (max. 500000)
 26 words of extra memory for PDF output out of 10000 (max. 10000000)

