This is pdfTeX, Version 3.1415926-2.5-1.40.14 (MiKTeX 2.9) (preloaded format=pdflatex 2015.6.26)  27 AUG 2015 21:47
entering extended mode
**master.tex
(C:\Users\James\Desktop\stuff\data\analysis\R\THESIS\THESIS\master.tex
LaTeX2e <2011/06/27>
Babel <v3.8m> and hyphenation patterns for english, afrikaans, ancientgreek, ar
abic, armenian, assamese, basque, bengali, bokmal, bulgarian, catalan, coptic, 
croatian, czech, danish, dutch, esperanto, estonian, farsi, finnish, french, ga
lician, german, german-x-2013-05-26, greek, gujarati, hindi, hungarian, iceland
ic, indonesian, interlingua, irish, italian, kannada, kurmanji, latin, latvian,
 lithuanian, malayalam, marathi, mongolian, mongolianlmc, monogreek, ngerman, n
german-x-2013-05-26, nynorsk, oriya, panjabi, pinyin, polish, portuguese, roman
ian, russian, sanskrit, serbian, slovak, slovenian, spanish, swedish, swissgerm
an, tamil, telugu, turkish, turkmen, ukenglish, ukrainian, uppersorbian, usengl
ishmax, welsh, loaded.
("C:\Program Files (x86)\miktex2.9\tex\latex\memoir\memoir.cls"
Document Class: memoir 2015/07/08 v3.7e configurable book, report, article docu
ment class
\onelineskip=\skip41
\lxvchars=\skip42
\xlvchars=\skip43
\@memcnta=\count79
\c@@memmarkcntra=\count80
\l@nohyphenation=\language69
("C:\Program Files (x86)\miktex2.9\tex\generic\oberdiek\ifpdf.sty"
Package: ifpdf 2011/01/30 v2.3 Provides the ifpdf switch (HO)
Package ifpdf Info: pdfTeX in PDF mode is detected.
)
("C:\Program Files (x86)\miktex2.9\tex\latex\ifetex\ifetex.sty"
Package: ifetex 2011/12/15 v1.2 ifetex

("C:\Program Files (x86)\miktex2.9\tex\plain\ifetex\ifetex.tex"))
("C:\Program Files (x86)\miktex2.9\tex\generic\ifxetex\ifxetex.sty"
Package: ifxetex 2010/09/12 v0.6 Provides ifxetex conditional
)
("C:\Program Files (x86)\miktex2.9\tex\generic\oberdiek\ifluatex.sty"
Package: ifluatex 2010/03/01 v1.3 Provides the ifluatex switch (HO)
Package ifluatex Info: LuaTeX not detected.
)
\stockheight=\skip44
\stockwidth=\skip45
\trimtop=\skip46
\trimedge=\skip47

("C:\Program Files (x86)\miktex2.9\tex\latex\misc\etex.sty"
Package: etex 1998/03/26 v2.0 eTeX basic definition package (PEB)
\et@xins=\count81
)
("C:\Program Files (x86)\miktex2.9\tex\latex\memoir\mem12.clo"
File: mem12.clo 2010/10/19 v0.4b memoir class 12pt size option
)
\binding=\skip48
\spinemargin=\skip49
\foremargin=\skip50
\uppermargin=\skip51
\lowermargin=\skip52
\headdrop=\skip53
\normalrulethickness=\skip54
\mem@maxheadheight=\skip55
\mem@maxfootheight=\skip56
\headwidth=\skip57
\c@storedpagenumber=\count82
\memPD=\dimen102
\m@mabparskip=\skip58
\thanksmarkwidth=\skip59
\thanksmarksep=\skip60
\droptitle=\skip61
\c@book=\count83
\c@part=\count84
\c@chapter=\count85
\c@section=\count86
\c@subsection=\count87
\c@subsubsection=\count88
\c@paragraph=\count89
\c@subparagraph=\count90
\beforechapskip=\skip62
\midchapskip=\skip63
\afterchapskip=\skip64
\chapindent=\skip65
\bottomsectionskip=\skip66
\secindent=\skip67
\beforesecskip=\skip68
\aftersecskip=\skip69
\subsecindent=\skip70
\beforesubsecskip=\skip71
\aftersubsecskip=\skip72
\subsubsecindent=\skip73
\beforesubsubsecskip=\skip74
\aftersubsubsecskip=\skip75
\paraindent=\skip76
\beforeparaskip=\skip77
\afterparaskip=\skip78
\subparaindent=\skip79
\beforesubparaskip=\skip80
\aftersubparaskip=\skip81
\pfbreakskip=\skip82
\c@@ppsavesec=\count91
\c@@ppsaveapp=\count92
\ragrparindent=\dimen103
\everylistparindent=\dimen104
\parsepi=\skip83
\topsepi=\skip84
\itemsepi=\skip85
\parsepii=\skip86
\topsepii=\skip87
\topsepiii=\skip88
\itemsepii=\skip89
\itemsepiii=\skip90
\partopsepii=\skip91
\partopsepiii=\skip92
\m@msavetopsep=\skip93
\m@msavepartopsep=\skip94
\@enLab=\toks14
\abstitleskip=\skip95
\absleftindent=\skip96
\abs@leftindent=\dimen105
\absrightindent=\skip97
\absparindent=\skip98
\absparsep=\skip99
\c@vslineno=\count93
\c@poemline=\count94
\c@modulo@vs=\count95
\c@memfvsline=\count96
\vleftskip=\skip100
\vrightskip=\skip101
\stanzaskip=\skip102
\versewidth=\skip103
\vgap=\skip104
\vindent=\skip105
\vleftmargin=\dimen106
\c@verse=\count97
\c@chrsinstr=\count98
\beforepoemtitleskip=\skip106
\afterpoemtitleskip=\skip107
\c@poem=\count99
\beforePoemTitleskip=\skip108
\midPoemTitleskip=\skip109
\afterPoemTitleskip=\skip110
\col@sep=\dimen107
\extrarowheight=\dimen108
\NC@list=\toks15
\extratabsurround=\skip111
\backup@length=\skip112
\TX@col@width=\dimen109
\TX@old@table=\dimen110
\TX@old@col=\dimen111
\TX@target=\dimen112
\TX@delta=\dimen113
\TX@cols=\count100
\TX@ftn=\toks16
\heavyrulewidth=\dimen114
\lightrulewidth=\dimen115
\cmidrulewidth=\dimen116
\belowrulesep=\dimen117
\belowbottomsep=\dimen118
\aboverulesep=\dimen119
\abovetopsep=\dimen120
\cmidrulesep=\dimen121
\cmidrulekern=\dimen122
\defaultaddspace=\dimen123
\@cmidla=\count101
\@cmidlb=\count102
\@aboverulesep=\dimen124
\@belowrulesep=\dimen125
\@thisruleclass=\count103
\@lastruleclass=\count104
\@thisrulewidth=\dimen126
\ctableftskip=\skip113
\ctabrightskip=\skip114
\abovecolumnspenalty=\count105
\@linestogo=\count106
\@cellstogo=\count107
\@cellsincolumn=\count108
\crtok=\toks17
\@mincolumnwidth=\dimen127
\c@newflo@tctr=\count109
\mem@margin@floatbox=\box26
\@contcwidth=\skip115
\@contindw=\skip116
\abovecaptionskip=\skip117
\belowcaptionskip=\skip118
\subfloattopskip=\skip119
\subfloatcapskip=\skip120
\subfloatcaptopadj=\skip121
\subfloatbottomskip=\skip122
\subfloatlabelskip=\skip123
\subfloatcapmargin=\dimen128
\c@@contsubnum=\count110
\m@mscap@capbox=\box27
\m@mscap@fbox=\box28
\sidecapsep=\dimen129
\sidecapwidth=\dimen130
\m@m@tempdima=\dimen131
\m@mscapraise=\dimen132
\sidecapraise=\dimen133
\m@mscapmainwidth=\dimen134
\m@mscaplkern=\dimen135
\beforeepigraphskip=\skip124
\afterepigraphskip=\skip125
\epigraphwidth=\skip126
\epigraphrule=\skip127
LaTeX Info: Redefining \em on input line 7535.
LaTeX Info: Redefining \emph on input line 7543.
\tocentryskip=\skip128
\tocbaseline=\skip129
\cftparskip=\skip130
\cftbeforebookskip=\skip131
\cftbookindent=\dimen136
\cftbooknumwidth=\dimen137
\cftbeforepartskip=\skip132
\cftpartindent=\skip133
\cftpartnumwidth=\skip134
\cftbeforechapterskip=\skip135
\cftchapterindent=\skip136
\cftchapternumwidth=\skip137
\cftbeforesectionskip=\skip138
\cftsectionindent=\skip139
\cftsectionnumwidth=\skip140
\cftbeforesubsectionskip=\skip141
\cftsubsectionindent=\skip142
\cftsubsectionnumwidth=\skip143
\cftbeforesubsubsectionskip=\skip144
\cftsubsubsectionindent=\skip145
\cftsubsubsectionnumwidth=\skip146
\cftbeforeparagraphskip=\skip147
\cftparagraphindent=\skip148
\cftparagraphnumwidth=\skip149
\cftbeforesubparagraphskip=\skip150
\cftsubparagraphindent=\skip151
\cftsubparagraphnumwidth=\skip152
\prechapterprecisshift=\dimen138
\c@maxsecnumdepth=\count111
\bibindent=\dimen139
\bibitemsep=\skip153
\indexcolsep=\skip154
\indexrule=\skip155
\indexmarkstyle=\toks18
\@indexbox=\insert233
\glossarycolsep=\dimen140
\glossaryrule=\dimen141
\sideparvshift=\skip156
\sideins=\insert232
\sidebartopsep=\skip157
\sidebarhsep=\skip158
\sidebarvsep=\skip159
\sidebarwidth=\skip160
\footmarkwidth=\skip161
\footmarksep=\skip162
\footparindent=\skip163
\footinsdim=\skip164
\footinsv@r=\insert231
\@mpfootinsv@r=\insert230
\m@m@k=\count112
\m@m@h=\dimen142
\m@mipn@skip=\skip165
\sidefootins=\insert229
\sidefootadjust=\skip166
\sidefootheight=\skip167
\sidefoothsep=\skip168
\sidefootvsep=\skip169
\sidefootwidth=\skip170
\m@mdownsf=\skip171
\c@sidefootnote=\count113
\sidefootmarkwidth=\skip172
\sidefootmarksep=\skip173
\sidefootparindent=\skip174
\c@pagenote=\count114
\c@pagenoteshadow=\count115
\mem@pn@lastkern=\skip175
\every@verbatim=\toks19
\afterevery@verbatim=\toks20
\verbatim@line=\toks21
\tab@position=\count116
\verbatim@in@stream=\read1
\verbatimindent=\skip176
\verbatim@out=\write3
\bvboxsep=\skip177
\c@memfbvline=\count117
\c@bvlinectr=\count118
\bvnumlength=\skip178
\fb@frw=\dimen143
\fb@frh=\dimen144
\FrameRule=\dimen145
\FrameSep=\dimen146
\c@cp@cntr=\count119
LaTeX Info: Redefining \: on input line 12052.
LaTeX Info: Redefining \! on input line 12054.
\c@ism@mctr=\count120
\c@xsm@mctr=\count121
\c@csm@mctr=\count122
\c@ksm@mctr=\count123
\c@xksm@mctr=\count124
\c@cksm@mctr=\count125
\c@msm@mctr=\count126
\c@xmsm@mctr=\count127
\c@cmsm@mctr=\count128
\c@bsm@mctr=\count129
\c@workm@mctr=\count130
\c@sheetsequence=\count131
\c@lastsheet=\count132
\c@lastpage=\count133
\c@figure=\count134
\c@lofdepth=\count135
\cftbeforefigureskip=\skip179
\cftfigureindent=\skip180
\cftfigurenumwidth=\skip181
\c@table=\count136
\c@lotdepth=\count137
\cftbeforetableskip=\skip182
\cfttableindent=\skip183
\cfttablenumwidth=\skip184
Package abstract [2008/07/23] emulated by memoir.
Package appendix [2008/07/23] emulated by memoir.
Package array [2008/09/09] emulated by memoir.
Package booktabs [2008/07/23] emulated by memoir.
Package ccaption [2008/07/23] emulated by memoir.
Package changepage [2008/07/23] emulated by memoir.
Package chngcntr [2008/07/23] emulated by memoir.
Package chngpage [2008/07/23] emulated by memoir.
Package crop emulated by memoir.
Package dcolumn [2008/07/23] emulated by memoir.
Package delarray [2008/07/23] emulated by memoir.
Package enumerate [2008/07/23] emulated by memoir.
Package epigraph [2008/07/23] emulated by memoir.
Package ifmtarg [2008/07/23] emulated by memoir.
Package index [2008/07/23] emulated by memoir.
Package makeidx [2008/07/23] emulated by memoir.
Package moreverb [2008/07/23] emulated by memoir.
Package mparhack [2008/07/23] emulated by memoir.
Package needspace [2008/07/23] emulated by memoir.
Package newfile [2008/07/23] emulated by memoir.
Package nextpage [2008/07/23] emulated by memoir.
Package pagenote [2008/07/23] emulated by memoir.
Package parskip [2008/07/23] emulated by memoir.
Package patchcmd [2008/07/23] emulated by memoir.
Package setspace [2008/07/23] emulated by memoir.
Package shortvrb [2008/07/23] emulated by memoir.
Package showidx [2008/07/23] emulated by memoir.
Package tabularx [2008/07/23] emulated by memoir.
Package titleref [2008/07/23] emulated by memoir.
Package titling [2008/07/23] emulated by memoir.
Package tocbibind [2008/07/23] emulated by memoir.
Package tocloft [2008/07/23] emulated by memoir.
Package tocvsec2 [2008/07/23] emulated by memoir.
Package verbatim [2008/07/23] emulated by memoir.
Package verse [2008/07/23] emulated by memoir.

("C:\Program Files (x86)\miktex2.9\tex\latex\memoir\mempatch.sty"
Package: mempatch 2009/07/24 v6.0f Patches for memoir class v1.6180339
))
("C:\Program Files (x86)\miktex2.9\tex\latex\graphics\graphicx.sty"
Package: graphicx 1999/02/16 v1.0f Enhanced LaTeX Graphics (DPC,SPQR)

("C:\Program Files (x86)\miktex2.9\tex\latex\graphics\keyval.sty"
Package: keyval 1999/03/16 v1.13 key=value parser (DPC)
\KV@toks@=\toks22
)
("C:\Program Files (x86)\miktex2.9\tex\latex\graphics\graphics.sty"
Package: graphics 2009/02/05 v1.0o Standard LaTeX Graphics (DPC,SPQR)

("C:\Program Files (x86)\miktex2.9\tex\latex\graphics\trig.sty"
Package: trig 1999/03/16 v1.09 sin cos tan (DPC)
)
("C:\Program Files (x86)\miktex2.9\tex\latex\00miktex\graphics.cfg"
File: graphics.cfg 2007/01/18 v1.5 graphics configuration of teTeX/TeXLive
)
Package graphics Info: Driver file: pdftex.def on input line 91.

("C:\Program Files (x86)\miktex2.9\tex\latex\pdftex-def\pdftex.def"
File: pdftex.def 2011/05/27 v0.06d Graphics/color for pdfTeX

("C:\Program Files (x86)\miktex2.9\tex\generic\oberdiek\infwarerr.sty"
Package: infwarerr 2010/04/08 v1.3 Providing info/warning/error messages (HO)
)
("C:\Program Files (x86)\miktex2.9\tex\generic\oberdiek\ltxcmds.sty"
Package: ltxcmds 2011/11/09 v1.22 LaTeX kernel commands for general use (HO)
)
\Gread@gobject=\count138
))
\Gin@req@height=\dimen147
\Gin@req@width=\dimen148
)
("C:\Program Files (x86)\miktex2.9\tex\latex\multirow\multirow.sty"
\bigstrutjot=\dimen149
)
("C:\Program Files (x86)\miktex2.9\tex\latex\tools\multicol.sty"
Package: multicol 2011/06/27 v1.7a multicolumn formatting (FMi)
\c@tracingmulticols=\count139
\mult@box=\box29
\multicol@leftmargin=\dimen150
\c@unbalance=\count140
\c@collectmore=\count141
\doublecol@number=\count142
\multicoltolerance=\count143
\multicolpretolerance=\count144
\full@width=\dimen151
\page@free=\dimen152
\premulticols=\dimen153
\postmulticols=\dimen154
\multicolsep=\skip185
\multicolbaselineskip=\skip186
\partial@page=\box30
\last@line=\box31
\mult@rightbox=\box32
\mult@grightbox=\box33
\mult@gfirstbox=\box34
\mult@firstbox=\box35
\@tempa=\box36
\@tempa=\box37
\@tempa=\box38
\@tempa=\box39
\@tempa=\box40
\@tempa=\box41
\@tempa=\box42
\@tempa=\box43
\@tempa=\box44
\@tempa=\box45
\@tempa=\box46
\@tempa=\box47
\@tempa=\box48
\@tempa=\box49
\@tempa=\box50
\@tempa=\box51
\@tempa=\box52
\c@columnbadness=\count145
\c@finalcolumnbadness=\count146
\last@try=\dimen155
\multicolovershoot=\dimen156
\multicolundershoot=\dimen157
\mult@nat@firstbox=\box53
\colbreak@box=\box54
\multicol@sort@counter=\count147
)
("C:\Program Files (x86)\miktex2.9\tex\latex\cite\cite.sty"
LaTeX Info: Redefining \cite on input line 302.
LaTeX Info: Redefining \nocite on input line 332.
Package: cite 2015/02/27  v 5.5
)
("C:\Program Files (x86)\miktex2.9\tex\latex\natbib\natbib.sty"
Package: natbib 2010/09/13 8.31b (PWD, AO)


Package natbib Warning: The `cite' package should not be used
(natbib)                with natbib. Use option `sort' instead.

\bibhang=\skip187
\bibsep=\skip188
LaTeX Info: Redefining \cite on input line 694.
LaTeX Info: Redefining \citenum on input line 708.
\c@NAT@ctr=\count148
) ("C:\Program Files (x86)\miktex2.9\tex\latex\threeparttable\threeparttable.st
y"
Package: threeparttable 2003/06/13  v 3.0
\@tempboxb=\box55
) ("C:\Program Files (x86)\miktex2.9\tex\latex\setspace\setspace.sty"
Package: setspace 2011/12/19 v6.7a set line spacing
)
("C:\Program Files (x86)\miktex2.9\tex\latex\tools\longtable.sty"
Package: longtable 2004/02/01 v4.11 Multi-page Table package (DPC)
\LTleft=\skip189
\LTright=\skip190
\LTpre=\skip191
\LTpost=\skip192
\LTchunksize=\count149
\LTcapwidth=\dimen158
\LT@head=\box56
\LT@firsthead=\box57
\LT@foot=\box58
\LT@lastfoot=\box59
\LT@cols=\count150
\LT@rows=\count151
\c@LT@tables=\count152
\c@LT@chunks=\count153
\LT@p@ftn=\toks23
)
("C:\Program Files (x86)\miktex2.9\tex\latex\tabu\tabu.sty"
Package: tabu 2011/02/26 v2.8 - flexible LaTeX tabulars (FC)

("C:\Program Files (x86)\miktex2.9\tex\latex\ltxmisc\varwidth.sty"
Package: varwidth 2009/03/30 ver 0.92;  Variable-width minipages
\@vwid@box=\box60
\sift@deathcycles=\count154
\@vwid@loff=\dimen159
\@vwid@roff=\dimen160
)
\c@taburow=\count155
\tabu@nbcols=\count156
\tabu@cnt=\count157
\tabu@Xcol=\count158
\tabu@alloc=\count159
\tabu@nested=\count160
\tabu@target=\dimen161
\tabu@spreadtarget=\dimen162
\tabu@naturalX=\dimen163
\tabucolX=\dimen164
\tabu@Xsum=\dimen165
\extrarowdepth=\dimen166
\abovetabulinesep=\dimen167
\belowtabulinesep=\dimen168
\tabustrutrule=\dimen169
\tabu@thebody=\toks24
\tabu@footnotes=\toks25
\tabu@box=\box61
\tabu@arstrutbox=\box62
\tabu@hleads=\box63
\tabu@vleads=\box64
\tabu@cellskip=\skip193
)
("C:\Program Files (x86)\miktex2.9\tex\latex\oberdiek\pdflscape.sty"
Package: pdflscape 2008/08/11 v0.10 Display of landscape pages in PDF (HO)

("C:\Program Files (x86)\miktex2.9\tex\latex\graphics\lscape.sty"
Package: lscape 2000/10/22 v3.01 Landscape Pages (DPC)
)
Package pdflscape Info: Auto-detected driver: pdftex on input line 80.
)

Class memoir Warning: You are using the caption package with the memoir class. 
To prepare we will now reset all captioning macros and configurations to kernel
 defaults, and then let the caption package take over. Please remember to use t
he caption package interfaces in order to configure your captions. .

("C:\Program Files (x86)\miktex2.9\tex\latex\caption\caption.sty"
Package: caption 2013/05/02 v3.3-89 Customizing captions (AR)

("C:\Program Files (x86)\miktex2.9\tex\latex\caption\caption3.sty"
Package: caption3 2013/05/02 v1.6-88 caption3 kernel (AR)
Package caption3 Info: TeX engine: e-TeX on input line 57.
\captionmargin=\dimen170
\captionmargin@=\dimen171
\captionwidth=\dimen172
\caption@tempdima=\dimen173
\caption@indent=\dimen174
\caption@parindent=\dimen175
\caption@hangindent=\dimen176
)
\c@ContinuedFloat=\count161
Package caption Info: longtable package is loaded.

("C:\Program Files (x86)\miktex2.9\tex\latex\caption\ltcaption.sty"
Package: ltcaption 2013/02/03 v1.3-62 longtable captions (AR)
)
Package caption Info: threeparttable package is loaded.
)
("C:\Program Files (x86)\miktex2.9\tex\latex\url\url.sty"
\Urlmuskip=\muskip10
Package: url 2013/09/16  ver 3.4  Verb mode for urls, etc.
)
("C:\Program Files (x86)\miktex2.9\tex\latex\ulem\ulem.sty"
\UL@box=\box65
\UL@hyphenbox=\box66
\UL@skip=\skip194
\UL@hook=\toks26
\UL@height=\dimen177
\UL@pe=\count162
\UL@pixel=\dimen178
\ULC@box=\box67
Package: ulem 2012/05/18
\ULdepth=\dimen179
)
("C:\Program Files (x86)\miktex2.9\tex\latex\cite\chapterbib.sty"
\c@inputfile=\count163
Package: chapterbib 2010/09/18  v 1.17
)
("C:\Program Files (x86)\miktex2.9\tex\latex\amsfonts\amssymb.sty"
Package: amssymb 2013/01/14 v3.01 AMS font symbols

("C:\Program Files (x86)\miktex2.9\tex\latex\amsfonts\amsfonts.sty"
Package: amsfonts 2013/01/14 v3.01 Basic AMSFonts support
\@emptytoks=\toks27
\symAMSa=\mathgroup4
\symAMSb=\mathgroup5
LaTeX Font Info:    Overwriting math alphabet `\mathfrak' in version `bold'
(Font)                  U/euf/m/n --> U/euf/b/n on input line 106.
))
("C:\Program Files (x86)\miktex2.9\tex\latex\base\textcomp.sty"
Package: textcomp 2005/09/27 v1.99g Standard LaTeX package
Package textcomp Info: Sub-encoding information:
(textcomp)               5 = only ISO-Adobe without \textcurrency
(textcomp)               4 = 5 + \texteuro
(textcomp)               3 = 4 + \textohm
(textcomp)               2 = 3 + \textestimated + \textcurrency
(textcomp)               1 = TS1 - \textcircled - \t
(textcomp)               0 = TS1 (full)
(textcomp)             Font families with sub-encoding setting implement
(textcomp)             only a restricted character set as indicated.
(textcomp)             Family '?' is the default used for unknown fonts.
(textcomp)             See the documentation for details.
Package textcomp Info: Setting ? sub-encoding to TS1/1 on input line 71.

("C:\Program Files (x86)\miktex2.9\tex\latex\base\ts1enc.def"
File: ts1enc.def 2001/06/05 v3.0e (jk/car/fm) Standard LaTeX file
)
LaTeX Info: Redefining \oldstylenums on input line 266.
Package textcomp Info: Setting cmr sub-encoding to TS1/0 on input line 281.
Package textcomp Info: Setting cmss sub-encoding to TS1/0 on input line 282.
Package textcomp Info: Setting cmtt sub-encoding to TS1/0 on input line 283.
Package textcomp Info: Setting cmvtt sub-encoding to TS1/0 on input line 284.
Package textcomp Info: Setting cmbr sub-encoding to TS1/0 on input line 285.
Package textcomp Info: Setting cmtl sub-encoding to TS1/0 on input line 286.
Package textcomp Info: Setting ccr sub-encoding to TS1/0 on input line 287.
Package textcomp Info: Setting ptm sub-encoding to TS1/4 on input line 288.
Package textcomp Info: Setting pcr sub-encoding to TS1/4 on input line 289.
Package textcomp Info: Setting phv sub-encoding to TS1/4 on input line 290.
Package textcomp Info: Setting ppl sub-encoding to TS1/3 on input line 291.
Package textcomp Info: Setting pag sub-encoding to TS1/4 on input line 292.
Package textcomp Info: Setting pbk sub-encoding to TS1/4 on input line 293.
Package textcomp Info: Setting pnc sub-encoding to TS1/4 on input line 294.
Package textcomp Info: Setting pzc sub-encoding to TS1/4 on input line 295.
Package textcomp Info: Setting bch sub-encoding to TS1/4 on input line 296.
Package textcomp Info: Setting put sub-encoding to TS1/5 on input line 297.
Package textcomp Info: Setting uag sub-encoding to TS1/5 on input line 298.
Package textcomp Info: Setting ugq sub-encoding to TS1/5 on input line 299.
Package textcomp Info: Setting ul8 sub-encoding to TS1/4 on input line 300.
Package textcomp Info: Setting ul9 sub-encoding to TS1/4 on input line 301.
Package textcomp Info: Setting augie sub-encoding to TS1/5 on input line 302.
Package textcomp Info: Setting dayrom sub-encoding to TS1/3 on input line 303.
Package textcomp Info: Setting dayroms sub-encoding to TS1/3 on input line 304.

Package textcomp Info: Setting pxr sub-encoding to TS1/0 on input line 305.
Package textcomp Info: Setting pxss sub-encoding to TS1/0 on input line 306.
Package textcomp Info: Setting pxtt sub-encoding to TS1/0 on input line 307.
Package textcomp Info: Setting txr sub-encoding to TS1/0 on input line 308.
Package textcomp Info: Setting txss sub-encoding to TS1/0 on input line 309.
Package textcomp Info: Setting txtt sub-encoding to TS1/0 on input line 310.
Package textcomp Info: Setting lmr sub-encoding to TS1/0 on input line 311.
Package textcomp Info: Setting lmdh sub-encoding to TS1/0 on input line 312.
Package textcomp Info: Setting lmss sub-encoding to TS1/0 on input line 313.
Package textcomp Info: Setting lmssq sub-encoding to TS1/0 on input line 314.
Package textcomp Info: Setting lmvtt sub-encoding to TS1/0 on input line 315.
Package textcomp Info: Setting qhv sub-encoding to TS1/0 on input line 316.
Package textcomp Info: Setting qag sub-encoding to TS1/0 on input line 317.
Package textcomp Info: Setting qbk sub-encoding to TS1/0 on input line 318.
Package textcomp Info: Setting qcr sub-encoding to TS1/0 on input line 319.
Package textcomp Info: Setting qcs sub-encoding to TS1/0 on input line 320.
Package textcomp Info: Setting qpl sub-encoding to TS1/0 on input line 321.
Package textcomp Info: Setting qtm sub-encoding to TS1/0 on input line 322.
Package textcomp Info: Setting qzc sub-encoding to TS1/0 on input line 323.
Package textcomp Info: Setting qhvc sub-encoding to TS1/0 on input line 324.
Package textcomp Info: Setting futs sub-encoding to TS1/4 on input line 325.
Package textcomp Info: Setting futx sub-encoding to TS1/4 on input line 326.
Package textcomp Info: Setting futj sub-encoding to TS1/4 on input line 327.
Package textcomp Info: Setting hlh sub-encoding to TS1/3 on input line 328.
Package textcomp Info: Setting hls sub-encoding to TS1/3 on input line 329.
Package textcomp Info: Setting hlst sub-encoding to TS1/3 on input line 330.
Package textcomp Info: Setting hlct sub-encoding to TS1/5 on input line 331.
Package textcomp Info: Setting hlx sub-encoding to TS1/5 on input line 332.
Package textcomp Info: Setting hlce sub-encoding to TS1/5 on input line 333.
Package textcomp Info: Setting hlcn sub-encoding to TS1/5 on input line 334.
Package textcomp Info: Setting hlcw sub-encoding to TS1/5 on input line 335.
Package textcomp Info: Setting hlcf sub-encoding to TS1/5 on input line 336.
Package textcomp Info: Setting pplx sub-encoding to TS1/3 on input line 337.
Package textcomp Info: Setting pplj sub-encoding to TS1/3 on input line 338.
Package textcomp Info: Setting ptmx sub-encoding to TS1/4 on input line 339.
Package textcomp Info: Setting ptmj sub-encoding to TS1/4 on input line 340.
)

******************************************************
Stock height and width: 845.04684pt by 597.50787pt
Top and edge trims: 0pt and 0pt
Page height and width: 845.04684pt by 597.50787pt
Text height and width: 664.5pt by 418pt
Spine and edge margins: 76.82243pt and 102.42992pt
Upper and lower margins: 72.8302pt and 107.71664pt
Headheight and headsep: 14.5pt and 36.05237pt
Footskip: 30pt
Columnsep and columnseprule: 10pt and 0pt
Marginparsep and marginparwidth: 7pt and 88.42992pt
Sidecapsep and sidecapwidth: 7pt and 92pt
Sidebarhsep and sidebarwidth: 7pt and 92pt
Sidebarvsep and sidebartopsep: 14.5pt and 0pt
Sidebarheight: 590.14995pt
Sidefoothsep and sidefootwidth: 7pt and 92pt
Sidefootvsep and sidefootheight: 14.5pt and 590.14995pt
******************************************************

(C:\Users\James\Desktop\stuff\data\analysis\R\THESIS\THESIS\master.aux
(C:\Users\James\Desktop\stuff\data\analysis\R\THESIS\THESIS\introduction.aux)
(C:\Users\James\Desktop\stuff\data\analysis\R\THESIS\THESIS\wooddensity.aux)
(C:\Users\James\Desktop\stuff\data\analysis\R\THESIS\THESIS\functionaldiversity
.aux) (C:\Users\James\Desktop\stuff\data\analysis\R\THESIS\THESIS\SEQLD.aux)
(C:\Users\James\Desktop\stuff\data\analysis\R\THESIS\THESIS\glasshouse.aux)
(C:\Users\James\Desktop\stuff\data\analysis\R\THESIS\THESIS\discussion.aux))
LaTeX Font Info:    Checking defaults for OML/cmm/m/it on input line 117.
LaTeX Font Info:    ... okay on input line 117.
LaTeX Font Info:    Checking defaults for T1/cmr/m/n on input line 117.
LaTeX Font Info:    ... okay on input line 117.
LaTeX Font Info:    Checking defaults for OT1/cmr/m/n on input line 117.
LaTeX Font Info:    ... okay on input line 117.
LaTeX Font Info:    Checking defaults for OMS/cmsy/m/n on input line 117.
LaTeX Font Info:    ... okay on input line 117.
LaTeX Font Info:    Checking defaults for OMX/cmex/m/n on input line 117.
LaTeX Font Info:    ... okay on input line 117.
LaTeX Font Info:    Checking defaults for U/cmr/m/n on input line 117.
LaTeX Font Info:    ... okay on input line 117.
LaTeX Font Info:    Checking defaults for TS1/cmr/m/n on input line 117.
LaTeX Font Info:    Try loading font information for TS1+cmr on input line 117.


("C:\Program Files (x86)\miktex2.9\tex\latex\base\ts1cmr.fd"
File: ts1cmr.fd 1999/05/25 v2.5h Standard LaTeX font definitions
)
LaTeX Font Info:    ... okay on input line 117.

("C:\Program Files (x86)\miktex2.9\tex\context\base\supp-pdf.mkii"
[Loading MPS to PDF converter (version 2006.09.02).]
\scratchcounter=\count164
\scratchdimen=\dimen180
\scratchbox=\box68
\nofMPsegments=\count165
\nofMParguments=\count166
\everyMPshowfont=\toks28
\MPscratchCnt=\count167
\MPscratchDim=\dimen181
\MPnumerator=\count168
\makeMPintoPDFobject=\count169
\everyMPtoPDFconversion=\toks29
)
Package caption Info: Begin \AtBeginDocument code.
Package caption Info: End \AtBeginDocument code.
 [1

{C:/Users/James/AppData/Local/MiKTeX/2.9/pdftex/config/pdftex.map}]
[2

]
Missing character: There is no √ in font cmr10!
Missing character: There is no § in font cmr10!
Missing character: There is no √ in font cmr10!
Missing character: There is no º in font cmr10!
 [1


] [2

] [3] [4

]
(C:\Users\James\Desktop\stuff\data\analysis\R\THESIS\THESIS\master.toc
LaTeX Font Info:    Try loading font information for U+msa on input line 1.

("C:\Program Files (x86)\miktex2.9\tex\latex\amsfonts\umsa.fd"
File: umsa.fd 2013/01/14 v3.01 AMS symbols A
)
LaTeX Font Info:    Try loading font information for U+msb on input line 1.

("C:\Program Files (x86)\miktex2.9\tex\latex\amsfonts\umsb.fd"
File: umsb.fd 2013/01/14 v3.01 AMS symbols B
)
Underfull \vbox (badness 10000) has occurred while \output is active []

 [5]
Underfull \vbox (badness 10000) has occurred while \output is active []

 [6]
Overfull \hbox (2.03766pt too wide) detected at line 51
 \OT1/cmr/bx/n/12 109
 []


Overfull \hbox (2.03766pt too wide) detected at line 71
 \OT1/cmr/bx/n/12 165
 []

[7]
Overfull \hbox (2.03766pt too wide) detected at line 80
 \OT1/cmr/bx/n/12 195
 []

) [8] (C:\Users\James\Desktop\stuff\data\analysis\R\THESIS\THESIS\master.lof
Underfull \vbox (badness 10000) has occurred while \output is active []

 [9

])
[10] (C:\Users\James\Desktop\stuff\data\analysis\R\THESIS\THESIS\master.lot
Overfull \hbox (1.77913pt too wide) in paragraph at lines 25--25
 [][] []\OT1/cmr/m/n/12 Treatment means, stan-dard de-vi-a-tions and sig-nif-i-
cance of ANOVA mod- 
 []

) [11

] [12


] [1

] [2

] [3]
(C:\Users\James\Desktop\stuff\data\analysis\R\THESIS\THESIS\introduction.tex
[4




] [5]
Underfull \vbox (badness 10000) has occurred while \output is active []

 [6]
Underfull \vbox (badness 1867) has occurred while \output is active []



Class memoir Warning: The material used in the headers is too large
(28.99998pt) for the given head height (14.5pt), it is recommended to
either increase the head height or redesign the header
(in both cases you will find help in the memoir manual). on input line 12.


Overfull \vbox (14.49998pt too high) has occurred while \output is active []


[7]
Underfull \vbox (badness 2753) has occurred while \output is active []

 [8]
[9]
Underfull \vbox (badness 1189) has occurred while \output is active []

 [10]
Underfull \vbox (badness 10000) has occurred while \output is active []

 [11]
(C:\Users\James\Desktop\stuff\data\analysis\R\THESIS\THESIS\introduction.bbl
[12] [13] [14] [15]
Missing character: There is no ‚ in font cmr10!
Missing character: There is no Ä in font cmr10!
Missing character: There is no î in font cmr10!
 [16]
Missing character: There is no ‚ in font cmr10!
Missing character: There is no Ä in font cmr10!
Missing character: There is no ô in font cmr10!
 [17] [18] [19])) [20]
(C:\Users\James\Desktop\stuff\data\analysis\R\THESIS\THESIS\wooddensity.tex
[21





]
Missing character: There is no í in font cmr12!

Overfull \hbox (2.25397pt too wide) in paragraph at lines 14--15
\OT1/cmr/m/n/12 dis-tur-bance and en-vi-ron-men-tal un-pre-dictabil-ity, as de-
ter-mi-nants of eco-log-i-cal strat-
 []


Underfull \vbox (badness 3635) has occurred while \output is active []

 [22]
[23]
Missing character: There is no ë in font cmr12!
Missing character: There is no í in font cmr12!

Overfull \hbox (4.18869pt too wide) in paragraph at lines 19--20
\OT1/cmr/m/n/12 Functional trait ori-ented ap-proaches to un-der-stand-ing com-
mu-nity as-sem-bly (McGill
 []


Underfull \vbox (badness 10000) has occurred while \output is active []

 [24

]
Underfull \vbox (badness 1189) has occurred while \output is active []

 [25]
Underfull \vbox (badness 10000) has occurred while \output is active []

 [26]
Missing character: There is no ë in font cmr12!
Missing character: There is no í in font cmr12!
Missing character: There is no ë in font cmr12!
Missing character: There is no í in font cmr12!
Missing character: There is no ë in font cmr12!
Missing character: There is no í in font cmr12!

Underfull \vbox (badness 10000) has occurred while \output is active []

 [27]
Missing character: There is no Æ in font cmr12!

[28] <Ch2map.pdf, id=145, 346.31326pt x 332.48012pt>
File: Ch2map.pdf Graphic file (type pdf)
 <use Ch2map.pdf>
Package pdftex.def Info: Ch2map.pdf used on input line 43.
(pdftex.def)             Requested size: 341.43306pt x 327.82207pt.
 [29]
[30 <C:/Users/James/Desktop/stuff/data/analysis/R/THESIS/THESIS/Ch2map.pdf>]
Missing character: There is no ˆ in font cmr12!

Underfull \vbox (badness 10000) has occurred while \output is active []

 [31

]
Missing character: There is no í in font cmr12!
Missing character: There is no ñ in font cmr12!
Missing character: There is no í in font cmr12!
Missing character: There is no í in font cmr12!

Underfull \vbox (badness 1990) has occurred while \output is active []

 [32]
[33]
Overfull \vbox (83.72357pt too high) detected at line 136
 []

Missing character: There is no ë in font cmr8!
Missing character: There is no í in font cmr8!

Overfull \vbox (97.8905pt too high) detected at line 136
 []


Overfull \vbox (68.00108pt too high) detected at line 136
 []


Overfull \vbox (36.5561pt too high) detected at line 136
 []


Overfull \vbox (97.8905pt too high) detected at line 136
 []


Overfull \vbox (83.72357pt too high) detected at line 136
 []

Missing character: There is no ë in font cmr8!
Missing character: There is no í in font cmr8!

Overfull \vbox (97.8905pt too high) detected at line 136
 []


Overfull \vbox (68.00108pt too high) detected at line 136
 []


Overfull \vbox (36.5561pt too high) detected at line 136
 []


Overfull \vbox (97.8905pt too high) detected at line 136
 []


Overfull \vbox (83.24826pt too high) detected at line 136
 []

Missing character: There is no ë in font cmr8!
Missing character: There is no í in font cmr8!

Overfull \vbox (97.07019pt too high) detected at line 136
 []


Overfull \vbox (68.00108pt too high) detected at line 136
 []


Overfull \vbox (36.30301pt too high) detected at line 136
 []


Underfull \hbox (badness 1024) in paragraph at lines 136--136
[]\OT1/cmr/m/n/8 CV of all years' days per year un-der
 []


Overfull \vbox (97.6374pt too high) detected at line 136
 []


Underfull \vbox (badness 10000) detected at line 136
 []

[34

] [35] [36]
Overfull \hbox (0.86603pt too wide) in paragraph at lines 142--143
\OT1/cmr/m/n/12 from urlhttps://github.com/jamesrlawson/riparian-WD/tree/master
/scripts. Sta-
 []

Missing character: There is no ë in font cmr12!
Missing character: There is no í in font cmr12!

Underfull \vbox (badness 1057) has occurred while \output is active []

 [37


]
Underfull \vbox (badness 10000) has occurred while \output is active []

 [38]
Missing character: There is no í in font cmr12!

<Ch2Fig2.png, id=1651, 698.61pt x 839.17516pt>
File: Ch2Fig2.png Graphic file (type png)
 <use Ch2Fig2.png>
Package pdftex.def Info: Ch2Fig2.png used on input line 202.
(pdftex.def)             Requested size: 418.0pt x 502.11327pt.
 [39] [40]
[41 <C:/Users/James/Desktop/stuff/data/analysis/R/THESIS/THESIS/Ch2Fig2.png>]
<Ch2Fig3.png, id=1665, 681.747pt x 1115.367pt>
File: Ch2Fig3.png Graphic file (type png)
 <use Ch2Fig3.png>
Package pdftex.def Info: Ch2Fig3.png used on input line 214.
(pdftex.def)             Requested size: 345.25215pt x 564.82906pt.
Missing character: There is no ñ in font cmr10!
Missing character: There is no ñ in font cmr10!


LaTeX Warning: Float too large for page by 32.3262pt on input line 218.

[42

] [43 <C:/Users/James/Desktop/stuff/data/analysis/R/THESIS/THESIS/Ch2Fig3.png>]
Missing character: There is no ë in font cmr12!
Missing character: There is no í in font cmr12!
Missing character: There is no ë in font cmr12!
Missing character: There is no í in font cmr12!
 <Ch2PCAbiplot.pdf, id=1673, 515.52597pt x 415.151pt>
File: Ch2PCAbiplot.pdf Graphic file (type pdf)

<use Ch2PCAbiplot.pdf>
Package pdftex.def Info: Ch2PCAbiplot.pdf used on input line 228.
(pdftex.def)             Requested size: 341.43306pt x 274.96338pt.


LaTeX Warning: `h' float specifier changed to `ht'.

[44

] <Ch2CWV.pdf, id=1677, 201.75375pt x 167.62625pt>
File: Ch2CWV.pdf Graphic file (type pdf)
 <use Ch2CWV.pdf>
Package pdftex.def Info: Ch2CWV.pdf used on input line 239.
(pdftex.def)             Requested size: 256.0748pt x 212.76018pt.
 [45 <C:/Users/James/Desktop/stuff/data/analysis/R/THESIS/THESIS/Ch2PCAbiplot.p
df>]

LaTeX Warning: Reference `fig:Ch2sup_F1' on page 46 undefined on input line 249
.

[46 <C:/Users/James/Desktop/stuff/data/analysis/R/THESIS/THESIS/Ch2CWV.pdf>]
Missing character: There is no ë in font cmr12!
Missing character: There is no í in font cmr12!
Missing character: There is no ë in font cmr12!
Missing character: There is no í in font cmr12!

Underfull \vbox (badness 1189) has occurred while \output is active []

 [47]
Underfull \vbox (badness 10000) has occurred while \output is active []

 [48]
Missing character: There is no ë in font cmr12!
Missing character: There is no í in font cmr12!
Missing character: There is no ë in font cmr12!
Missing character: There is no í in font cmr12!
Missing character: There is no ë in font cmr12!
Missing character: There is no í in font cmr12!
Missing character: There is no ë in font cmr12!
Missing character: There is no í in font cmr12!

Overfull \hbox (0.1651pt too wide) in paragraph at lines 257--258
[]\OT1/cmr/m/n/12 Conservative re-source use and heavy in-vest-ment in struc-tu
ral strength fit within
 []

Missing character: There is no í in font cmr12!

Underfull \vbox (badness 1189) has occurred while \output is active []

 [49]
Underfull \vbox (badness 1189) has occurred while \output is active []

 [50]
Missing character: There is no ë in font cmr12!
Missing character: There is no í in font cmr12!
Missing character: There is no ñ in font cmr12!
Missing character: There is no í in font cmr12!

Underfull \vbox (badness 1189) has occurred while \output is active []

 [51]
Underfull \vbox (badness 10000) has occurred while \output is active []

 [52]
[53]
(C:\Users\James\Desktop\stuff\data\analysis\R\THESIS\THESIS\wooddensity.bbl
[54

] [55] [56] [57] [58]
LaTeX Font Info:    Try loading font information for OMS+cmr on input line 317.


("C:\Program Files (x86)\miktex2.9\tex\latex\base\omscmr.fd"
File: omscmr.fd 1999/05/25 v2.5h Standard LaTeX font definitions
)
LaTeX Font Info:    Font shape `OMS/cmr/m/n' in size <10.95> not available
(Font)              Font shape `OMS/cmsy/m/n' tried instead on input line 317.
Missing character: There is no ¬ in font cmr10!
Missing character: There is no Ä in font cmr10!
Missing character: There is no ¬ in font cmr10!
Missing character: There is no ô in font cmr10!
 [59] [60]
[61] [62])) [63]
(C:\Users\James\Desktop\stuff\data\analysis\R\THESIS\THESIS\functionaldiversity
.tex [64





] [65]
Missing character: There is no ‚ in font cmr12!
Missing character: There is no Ä in font cmr12!
Missing character: There is no ò in font cmr12!
Missing character: There is no ‚ in font cmr12!
Missing character: There is no Ä in font cmr12!
Missing character: There is no ô in font cmr12!
 [66]
Underfull \vbox (badness 10000) has occurred while \output is active []

 [67

]
Missing character: There is no ‚ in font cmr12!
Missing character: There is no Ä in font cmr12!
Missing character: There is no ò in font cmr12!
Missing character: There is no ‚ in font cmr12!
Missing character: There is no Ä in font cmr12!
Missing character: There is no ô in font cmr12!
Missing character: There is no √ in font cmr12!
Missing character: There is no © in font cmr12!
Missing character: There is no ‚ in font cmr12!
Missing character: There is no Ä in font cmr12!
Missing character: There is no ô in font cmr12!

Underfull \vbox (badness 1189) has occurred while \output is active []

 [68]
Underfull \vbox (badness 10000) has occurred while \output is active []

 [69]
Underfull \vbox (badness 1189) has occurred while \output is active []

 [70]
[71]

! LaTeX Error: There's no line here to end.

See the LaTeX manual or LaTeX Companion for explanation.
Type  H <return>  for immediate help.
 ...                                              
                                                  
l.47 ...in the functional diversity analysis.}} \\
                                                  
Your command was ignored.
Type  I <command> <return>  to replace it with another command,
or  <return>  to continue without it.


! LaTeX Error: There's no line here to end.

See the LaTeX manual or LaTeX Companion for explanation.
Type  H <return>  for immediate help.
 ...                                              
                                                  
l.48 \label{tab:Ch3_T1} \\
                          
Your command was ignored.
Type  I <command> <return>  to replace it with another command,
or  <return>  to continue without it.

[72

]
Missing character: There is no ¬ in font cmr12!
Missing character: There is no ∞ in font cmr12!
Missing character: There is no ¬ in font cmr12!
Missing character: There is no ∞ in font cmr12!

Underfull \vbox (badness 10000) has occurred while \output is active []

 [73


]
Missing character: There is no ‚ in font cmr12!
Missing character: There is no Ä in font cmr12!
Missing character: There is no ô in font cmr12!
Missing character: There is no ‚ in font cmr12!
Missing character: There is no Ä in font cmr12!
Missing character: There is no ì in font cmr12!

Overfull \hbox (13.37222pt too wide) in paragraph at lines 75--76
\OT1/cmr/m/n/12 web-site $\OT1/cmtt/m/n/12 http : / / realtimedata . water . ns
w . gov . au / water . stm$ \OT1/cmr/m/n/12 for New South Wales
 []


Overfull \hbox (21.24509pt too wide) in paragraph at lines 75--76
\OT1/cmr/m/n/12 web-site $\OT1/cmtt/m/n/12 http : / / data . water . vic . gov 
. au / monitoring . htm$ \OT1/cmr/m/n/12 for Vic-to-rian sites. Thirty
 []

[74]
Overfull \vbox (115.16855pt too high) detected at line 135
 []

Missing character: There is no ‚ in font cmr8!
Missing character: There is no Ä in font cmr8!
Missing character: There is no ô in font cmr8!
Missing character: There is no ‚ in font cmr8!
Missing character: There is no Ä in font cmr8!
Missing character: There is no ô in font cmr8!
Missing character: There is no ‚ in font cmr8!
Missing character: There is no Ä in font cmr8!
Missing character: There is no ô in font cmr8!

Overfull \vbox (36.5561pt too high) detected at line 135
 []

Missing character: There is no ‚ in font cmr8!
Missing character: There is no Ä in font cmr8!
Missing character: There is no ô in font cmr8!
Missing character: There is no ‚ in font cmr8!
Missing character: There is no Ä in font cmr8!
Missing character: There is no ô in font cmr8!

Overfull \vbox (83.72357pt too high) detected at line 135
 []


Overfull \vbox (52.2786pt too high) detected at line 135
 []


Overfull \vbox (115.16855pt too high) detected at line 135
 []

Missing character: There is no ‚ in font cmr8!
Missing character: There is no Ä in font cmr8!
Missing character: There is no ô in font cmr8!
Missing character: There is no ‚ in font cmr8!
Missing character: There is no Ä in font cmr8!
Missing character: There is no ô in font cmr8!
Missing character: There is no ‚ in font cmr8!
Missing character: There is no Ä in font cmr8!
Missing character: There is no ô in font cmr8!

Overfull \vbox (36.5561pt too high) detected at line 135
 []

Missing character: There is no ‚ in font cmr8!
Missing character: There is no Ä in font cmr8!
Missing character: There is no ô in font cmr8!
Missing character: There is no ‚ in font cmr8!
Missing character: There is no Ä in font cmr8!
Missing character: There is no ô in font cmr8!

Overfull \vbox (83.72357pt too high) detected at line 135
 []


Overfull \vbox (52.2786pt too high) detected at line 135
 []


Overfull \vbox (114.69324pt too high) detected at line 135
 []

Missing character: There is no ‚ in font cmr8!
Missing character: There is no Ä in font cmr8!
Missing character: There is no ô in font cmr8!
Missing character: There is no ‚ in font cmr8!
Missing character: There is no Ä in font cmr8!
Missing character: There is no ô in font cmr8!
Missing character: There is no ‚ in font cmr8!
Missing character: There is no Ä in font cmr8!
Missing character: There is no ô in font cmr8!

Overfull \vbox (35.7358pt too high) detected at line 135
 []

Missing character: There is no ‚ in font cmr8!
Missing character: There is no Ä in font cmr8!
Missing character: There is no ô in font cmr8!
Missing character: There is no ‚ in font cmr8!
Missing character: There is no Ä in font cmr8!
Missing character: There is no ô in font cmr8!

Overfull \vbox (83.47047pt too high) detected at line 135
 []


Overfull \vbox (51.80328pt too high) detected at line 135
 []


Underfull \vbox (badness 10000) detected at line 135
 []

[75

] [76]
Missing character: There is no ‚ in font cmr12!
Missing character: There is no Ä in font cmr12!
Missing character: There is no ô in font cmr12!
Missing character: There is no ‚ in font cmr12!
Missing character: There is no Ä in font cmr12!
Missing character: There is no ô in font cmr12!

Underfull \vbox (badness 10000) has occurred while \output is active []

 [77


]
Missing character: There is no ‚ in font cmr12!
Missing character: There is no Ä in font cmr12!
Missing character: There is no ô in font cmr12!
Missing character: There is no ‚ in font cmr12!
Missing character: There is no Ä in font cmr12!
Missing character: There is no ì in font cmr12!
Missing character: There is no ‚ in font cmr12!
Missing character: There is no Ä in font cmr12!
Missing character: There is no ì in font cmr12!
Missing character: There is no ‚ in font cmr12!
Missing character: There is no Ä in font cmr12!
Missing character: There is no ô in font cmr12!

[78]

Package natbib Warning: Citation `Rossel2014j; Wilford2014' on page 79 undefine
d on input line 155.


Underfull \vbox (badness 2932) has occurred while \output is active []

 [79]
[80] <Ch3fig1.png, id=1803, 423.984pt x 489.38835pt>
File: Ch3fig1.png Graphic file (type png)
 <use Ch3fig1.png>
Package pdftex.def Info: Ch3fig1.png used on input line 166.
(pdftex.def)             Requested size: 418.0pt x 482.49467pt.
 [81]
[82 <C:/Users/James/Desktop/stuff/data/analysis/R/THESIS/THESIS/Ch3fig1.png>]
<Ch3fig2.png, id=1811, 422.65906pt x 482.40225pt>
File: Ch3fig2.png Graphic file (type png)
 <use Ch3fig2.png>
Package pdftex.def Info: Ch3fig2.png used on input line 179.
(pdftex.def)             Requested size: 418.0pt x 477.08652pt.
 [83

]
[84 <C:/Users/James/Desktop/stuff/data/analysis/R/THESIS/THESIS/Ch3fig2.png>]
<Ch3fig3.png, id=1820, 414.5889pt x 483.4863pt>
File: Ch3fig3.png Graphic file (type png)
 <use Ch3fig3.png>
Package pdftex.def Info: Ch3fig3.png used on input line 189.
(pdftex.def)             Requested size: 418.0pt x 487.49103pt.
 [85

] [86 <C:/Users/James/Desktop/stuff/data/analysis/R/THESIS/THESIS/Ch3fig3.png>]
Missing character: There is no ‚ in font cmr12!
Missing character: There is no Ä in font cmr12!
Missing character: There is no ô in font cmr12!
 [87

]
[88

]
Missing character: There is no ‚ in font cmr10!
Missing character: There is no Ä in font cmr10!
Missing character: There is no ò in font cmr10!
Missing character: There is no ‚ in font cmr10!
Missing character: There is no Ä in font cmr10!
Missing character: There is no ô in font cmr10!
Missing character: There is no ‚ in font cmr10!
Missing character: There is no Ä in font cmr10!
Missing character: There is no ò in font cmr10!
Missing character: There is no ‚ in font cmr10!
Missing character: There is no Ä in font cmr10!
Missing character: There is no ô in font cmr10!
Missing character: There is no ‚ in font cmr10!
Missing character: There is no Ä in font cmr10!
Missing character: There is no ò in font cmr10!
Missing character: There is no ‚ in font cmr10!
Missing character: There is no Ä in font cmr10!
Missing character: There is no ô in font cmr10!
Missing character: There is no ‚ in font cmr10!
Missing character: There is no Ä in font cmr10!
Missing character: There is no ò in font cmr10!
Missing character: There is no ‚ in font cmr10!
Missing character: There is no Ä in font cmr10!
Missing character: There is no ô in font cmr10!

Underfull \vbox (badness 10000) has occurred while \output is active []

 [89

]
Missing character: There is no ‚ in font cmr12!
Missing character: There is no Ä in font cmr12!
Missing character: There is no ú in font cmr12!
Missing character: There is no ‚ in font cmr12!
Missing character: There is no Ä in font cmr12!
Missing character: There is no ù in font cmr12!

Underfull \vbox (badness 1112) has occurred while \output is active []

 [90]
Underfull \vbox (badness 10000) has occurred while \output is active []

 [91]
Missing character: There is no ‚ in font cmr12!
Missing character: There is no Ä in font cmr12!
Missing character: There is no ò in font cmr12!
Missing character: There is no ‚ in font cmr12!
Missing character: There is no Ä in font cmr12!
Missing character: There is no ô in font cmr12!

Underfull \vbox (badness 1189) has occurred while \output is active []

 [92]
Underfull \vbox (badness 1189) has occurred while \output is active []

 [93]
Missing character: There is no ‚ in font cmr12!
Missing character: There is no Ä in font cmr12!
Missing character: There is no ô in font cmr12!
Missing character: There is no ‚ in font cmr12!
Missing character: There is no Ä in font cmr12!
Missing character: There is no ò in font cmr12!
Missing character: There is no ‚ in font cmr12!
Missing character: There is no Ä in font cmr12!
Missing character: There is no ô in font cmr12!
Missing character: There is no ‚ in font cmr12!
Missing character: There is no Ä in font cmr12!
Missing character: There is no ô in font cmr12!
Missing character: There is no ‚ in font cmr12!
Missing character: There is no Ä in font cmr12!
Missing character: There is no ò in font cmr12!
Missing character: There is no ‚ in font cmr12!
Missing character: There is no Ä in font cmr12!
Missing character: There is no ô in font cmr12!

Underfull \vbox (badness 1189) has occurred while \output is active []

 [94]
Missing character: There is no ‚ in font cmr12!
Missing character: There is no Ä in font cmr12!
Missing character: There is no ò in font cmr12!
Missing character: There is no ‚ in font cmr12!
Missing character: There is no Ä in font cmr12!
Missing character: There is no ô in font cmr12!

Underfull \vbox (badness 1189) has occurred while \output is active []

 [95]
Missing character: There is no ‚ in font cmr12!
Missing character: There is no Ä in font cmr12!
Missing character: There is no ì in font cmr12!

Overfull \hbox (1.4012pt too wide) in paragraph at lines 300--301
\OT1/cmr/m/n/12 High func-tional di-ver-sity com-mu-ni-ties en-com-pass a broad
 range of eco-log-i-cal strate-
 []


Underfull \vbox (badness 1189) has occurred while \output is active []

 [96]
(C:\Users\James\Desktop\stuff\data\analysis\R\THESIS\THESIS\functionaldiversity
.bbl
Underfull \vbox (badness 7238) has occurred while \output is active []

 [97]
[98] [99] [100] [101] [102] [103] [104] [105] [106] [107] [108])) [109]
(C:\Users\James\Desktop\stuff\data\analysis\R\THESIS\THESIS\SEQLD.tex [110





]
[111]
Underfull \vbox (badness 7064) has occurred while \output is active []

 [112]
[113]
Underfull \vbox (badness 10000) has occurred while \output is active []

 [114

]
Missing character: There is no ë in font cmr12!
Missing character: There is no í in font cmr12!

Underfull \vbox (badness 1189) has occurred while \output is active []

 [115]
Missing character: There is no í in font cmr12!

Underfull \vbox (badness 1189) has occurred while \output is active []

 [116]
Missing character: There is no ñ in font cmr12!

Underfull \vbox (badness 1189) has occurred while \output is active []

 [117]
Missing character: There is no ñ in font cmr12!
Missing character: There is no ñ in font cmr12!

Underfull \vbox (badness 10000) has occurred while \output is active []

 [118]
<Ch4map2.png, id=1930, 439.6425pt x 620.67885pt>
File: Ch4map2.png Graphic file (type png)
 <use Ch4map2.png>
Package pdftex.def Info: Ch4map2.png used on input line 47.
(pdftex.def)             Requested size: 341.43306pt x 482.04398pt.


LaTeX Warning: `!h' float specifier changed to `!ht'.

Missing character: There is no í in font cmr12!
Missing character: There is no í in font cmr12!
[119] [120 <C:/Users/James/Desktop/stuff/data/analysis/R/THESIS/THESIS/Ch4map2.
png>]
Missing character: There is no ñ in font cmr12!

Overfull \hbox (37.88445pt too wide) in paragraph at lines 62--63
\OT1/cmr/m/n/12 Por-tal ($\OT1/cmtt/m/n/12 https : / / www . dnrm . qld . gov .
 au / water / water-[]monitoring-[]and-[]data / portal$\OT1/cmr/m/n/12 ).
 []

Missing character: There is no ¨ in font cmr12!
Missing character: There is no ¨ in font cmr12!

Underfull \vbox (badness 1990) has occurred while \output is active []

 [121]
[122]
Overfull \vbox (14.55627pt too high) detected at line 140
 []

! Extra alignment tab has been changed to \cr.
<recently read> \endtemplate 
                             
l.140 \end{longtabu}
                    }
You have given more \span or & marks than there were
in the preamble to the \halign or \valign now in progress.
So I'll assume that you meant to type \cr instead.


Overfull \vbox (76.16806pt too high) detected at line 140
 []

! Extra alignment tab has been changed to \cr.
<recently read> \endtemplate 
                             
l.140 \end{longtabu}
                    }
You have given more \span or & marks than there were
in the preamble to the \halign or \valign now in progress.
So I'll assume that you meant to type \cr instead.

! Extra alignment tab has been changed to \cr.
<recently read> \endtemplate 
                             
l.140 \end{longtabu}
                    }
You have given more \span or & marks than there were
in the preamble to the \halign or \valign now in progress.
So I'll assume that you meant to type \cr instead.


Overfull \vbox (14.83366pt too high) detected at line 140
 []


Overfull \vbox (14.55627pt too high) detected at line 140
 []

! Extra alignment tab has been changed to \cr.
<recently read> \endtemplate 
                             
l.140 \end{longtabu}
                    }
You have given more \span or & marks than there were
in the preamble to the \halign or \valign now in progress.
So I'll assume that you meant to type \cr instead.


Overfull \vbox (76.16806pt too high) detected at line 140
 []

! Extra alignment tab has been changed to \cr.
<recently read> \endtemplate 
                             
l.140 \end{longtabu}
                    }
You have given more \span or & marks than there were
in the preamble to the \halign or \valign now in progress.
So I'll assume that you meant to type \cr instead.

! Extra alignment tab has been changed to \cr.
<recently read> \endtemplate 
                             
l.140 \end{longtabu}
                    }
You have given more \span or & marks than there were
in the preamble to the \halign or \valign now in progress.
So I'll assume that you meant to type \cr instead.


Overfull \vbox (14.83366pt too high) detected at line 140
 []


Underfull \hbox (badness 10000) in paragraph at lines 140--140

 []


Underfull \hbox (badness 2401) in paragraph at lines 140--140
\OT1/cmr/m/n/8 HSPeak and LS-Peak de-scribes the mean mag-ni-tude of high-est a
nd
 []


Underfull \hbox (badness 10000) in paragraph at lines 140--140

 []


Overfull \vbox (8.85254pt too high) detected at line 140
 []


Overfull \hbox (7.03987pt too wide) in paragraph at lines 140--140
[]\OT1/cmr/m/n/8 MDFAnnHSNum| 
 []


Overfull \hbox (5.98152pt too wide) in paragraph at lines 140--140
[]\OT1/cmr/m/n/8 MDFAnnLSNum| 
 []

! Extra alignment tab has been changed to \cr.
<recently read> \endtemplate 
                             
l.140 \end{longtabu}
                    }
You have given more \span or & marks than there were
in the preamble to the \halign or \valign now in progress.
So I'll assume that you meant to type \cr instead.


Underfull \hbox (badness 10000) in paragraph at lines 140--140

 []


Overfull \vbox (75.15567pt too high) detected at line 140
 []

! Extra alignment tab has been changed to \cr.
<recently read> \endtemplate 
                             
l.140 \end{longtabu}
                    }
You have given more \span or & marks than there were
in the preamble to the \halign or \valign now in progress.
So I'll assume that you meant to type \cr instead.

! Extra alignment tab has been changed to \cr.
<recently read> \endtemplate 
                             
l.140 \end{longtabu}
                    }
You have given more \span or & marks than there were
in the preamble to the \halign or \valign now in progress.
So I'll assume that you meant to type \cr instead.


Overfull \vbox (12.93242pt too high) detected at line 140
 []


Underfull \vbox (badness 10000) detected at line 140
 []

[123

] [124] [125]
Underfull \vbox (badness 10000) has occurred while \output is active []

 [126

]
Underfull \vbox (badness 1990) has occurred while \output is active []

 [127]
[128]
Underfull \vbox (badness 10000) detected at line 174
 []

[129

] [130]
Missing character: There is no È in font cmr12!
Missing character: There is no í in font cmr12!
Missing character: There is no í in font cmr12!
Missing character: There is no È in font cmr12!

Underfull \vbox (badness 10000) has occurred while \output is active []

 [131

]
Overfull \hbox (0.81787pt too wide) in paragraph at lines 191--193
[]\OT1/cmr/m/n/12 The fol-low-ing pro-cess was used to de-rive an op-ti-mal set
 of environment-diversity
 []


Underfull \vbox (badness 1033) has occurred while \output is active []

 [132]
[133]
Underfull \vbox (badness 1189) has occurred while \output is active []

 [134]
[135] <Ch4speciesRichness.pdf, id=1986, 597.50786pt x 486.51537pt>
File: Ch4speciesRichness.pdf Graphic file (type pdf)

<use Ch4speciesRichness.pdf>
Package pdftex.def Info: Ch4speciesRichness.pdf used on input line 211.
(pdftex.def)             Requested size: 513.37265pt x 418.0pt.
 [136 <C:/Users/James/Desktop/stuff/data/analysis/R/THESIS/THESIS/Ch4speciesRic
hness.pdf>]
! Extra }, or forgotten \endgroup.
l.216 ... interval around the regression model.}}}
                                                  
I've deleted a group-closing symbol because it seems to be
spurious, as in `$x}$'. But perhaps the } is legitimate and
you forgot something else, as in `\hbox{$x}'. In such cases
the way to recover is to insert both the forgotten and the
deleted material, e.g., by typing `I$}'.

[137



] [138

] <Ch4FRicSES.pdf, id=2047, 595.67091pt x 356.14458pt>
File: Ch4FRicSES.pdf Graphic file (type pdf)

<use Ch4FRicSES.pdf>
Package pdftex.def Info: Ch4FRicSES.pdf used on input line 231.
(pdftex.def)             Requested size: 699.15901pt x 418.0pt.

Overfull \hbox (34.65901pt too wide) in paragraph at lines 231--232
 [][] 
 []

[139 <C:/Users/James/Desktop/stuff/data/analysis/R/THESIS/THESIS/Ch4FRicSES.pdf
>] [140



] [141

] <Ch4FDisSES.pdf, id=2089, 596.00168pt x 361.40018pt>
File: Ch4FDisSES.pdf Graphic file (type pdf)

<use Ch4FDisSES.pdf>
Package pdftex.def Info: Ch4FDisSES.pdf used on input line 251.
(pdftex.def)             Requested size: 689.38898pt x 418.0pt.

Overfull \hbox (24.88898pt too wide) in paragraph at lines 251--252
 [][] 
 []

[142 <C:/Users/James/Desktop/stuff/data/analysis/R/THESIS/THESIS/Ch4FDisSES.pdf
>] [143



]
Underfull \vbox (badness 10000) has occurred while \output is active []

 [144

]
[145] <Ch4exotics.pdf, id=2135, 597.53188pt x 473.7348pt>
File: Ch4exotics.pdf Graphic file (type pdf)
 <use Ch4exotics.pdf>
Package pdftex.def Info: Ch4exotics.pdf used on input line 271.
(pdftex.def)             Requested size: 527.2429pt x 418.0pt.

[146 <C:/Users/James/Desktop/stuff/data/analysis/R/THESIS/THESIS/Ch4exotics.pdf
>] [147



]
Underfull \vbox (badness 10000) has occurred while \output is active []

 [148

]
Underfull \vbox (badness 10000) has occurred while \output is active []

 [149]
Missing character: There is no ë in font cmr12!
Missing character: There is no í in font cmr12!

Underfull \vbox (badness 10000) has occurred while \output is active []

 [150]
Underfull \vbox (badness 1189) has occurred while \output is active []

 [151]
Underfull \vbox (badness 1189) has occurred while \output is active []

 [152]
Missing character: There is no ë in font cmr12!
Missing character: There is no í in font cmr12!

[153]
Underfull \vbox (badness 10000) has occurred while \output is active []

 [154]
(C:\Users\James\Desktop\stuff\data\analysis\R\THESIS\THESIS\SEQLD.bbl
Missing character: There is no ‚ in font cmr10!
Missing character: There is no Ä in font cmr10!
Missing character: There is no ì in font cmr10!
 [155]
[156]
Missing character: There is no ≈ in font cmr10!
Missing character: There is no Ñ in font cmr10!
 [157] [158]
Underfull \hbox (badness 1953) in paragraph at lines 247--252
\OT1/cmr/m/n/10.95 Mi-crofrag-men-ta-tion con-cept ex-plains non-positive en-vi
-ron-men-tal heterogeneity-
 []

[159] [160]
Missing character: There is no ‚ in font cmr10!
Missing character: There is no Ä in font cmr10!
Missing character: There is no ô in font cmr10!
 [161]
Missing character: There is no ¬ in font cmr10!
Missing character: There is no Ä in font cmr10!
Missing character: There is no ¬ in font cmr10!
Missing character: There is no ô in font cmr10!
 [162] [163]
Missing character: There is no ‚ in font cmr10!
Missing character: There is no Ä in font cmr10!
Missing character: There is no ô in font cmr10!
 [164] [165])) [166]
(C:\Users\James\Desktop\stuff\data\analysis\R\THESIS\THESIS\glasshouse.tex
[167





]
Missing character: There is no ‚ in font cmr12!
Missing character: There is no Ä in font cmr12!
Missing character: There is no ò in font cmr12!
Missing character: There is no ‚ in font cmr12!
Missing character: There is no Ä in font cmr12!
Missing character: There is no ô in font cmr12!
 [168]
Missing character: There is no ‚ in font cmr12!
Missing character: There is no Ä in font cmr12!
Missing character: There is no ú in font cmr12!
Missing character: There is no ‚ in font cmr12!
Missing character: There is no Ä in font cmr12!
Missing character: There is no ù in font cmr12!
Missing character: There is no ‚ in font cmr12!
Missing character: There is no Ä in font cmr12!
Missing character: There is no ô in font cmr12!

Underfull \vbox (badness 10000) has occurred while \output is active []

 [169

]
Underfull \vbox (badness 10000) has occurred while \output is active []

 [170]
Underfull \vbox (badness 10000) has occurred while \output is active []

 [171]
Missing character: There is no ‚ in font cmr12!
Missing character: There is no Ä in font cmr12!
Missing character: There is no ò in font cmr12!
Missing character: There is no ‚ in font cmr12!
Missing character: There is no Ä in font cmr12!
Missing character: There is no ô in font cmr12!
Missing character: There is no ¬ in font cmr8!
Missing character: There is no ñ in font cmr8!
Missing character: There is no ¬ in font cmr8!
Missing character: There is no ñ in font cmr8!
Missing character: There is no ¬ in font cmr8!
Missing character: There is no ñ in font cmr8!
Missing character: There is no ¬ in font cmr8!
Missing character: There is no ñ in font cmr8!

Underfull \hbox (badness 10000) in paragraph at lines 45--45
\OT1/cmr/m/it/8 camaldulensis subsp.
 []


Underfull \hbox (badness 1052) in paragraph at lines 45--45
\OT1/cmr/m/n/8 in Gulf of Car-pen-taria
 []


Underfull \hbox (badness 10000) in paragraph at lines 45--45
[]|\OT1/cmr/m/n/8 Inland ri-par-ian ar-eas
 []


Underfull \hbox (badness 10000) in paragraph at lines 45--45
\OT1/cmr/m/n/8 through-out south-
 []


Underfull \hbox (badness 10000) in paragraph at lines 45--45
\OT1/cmr/m/n/8 subsp. dis-tributed
 []


Underfull \hbox (badness 10000) in paragraph at lines 45--45
\OT1/cmr/m/n/8 through-out con-ti-nen-tal
 []

Missing character: There is no ¬ in font cmr8!
Missing character: There is no ñ in font cmr8!

Underfull \hbox (badness 3108) in paragraph at lines 45--45
\OT1/cmr/m/n/8 or tree, 38 m high$[]$.
 []

Missing character: There is no ¬ in font cmr8!
Missing character: There is no ñ in font cmr8!

Underfull \hbox (badness 10000) in paragraph at lines 45--45
[]|\OT1/cmr/m/n/8 Erect tree, 15-35 m
 []


Underfull \hbox (badness 4765) in paragraph at lines 45--45
[]|\OT1/cmr/m/n/8 Large, spread-ing tree,
 []


Underfull \hbox (badness 10000) in paragraph at lines 45--45
[]|\OT1/cmr/m/n/8 Facultative rheo-phyte.
 []


Underfull \hbox (badness 10000) in paragraph at lines 45--45
\OT1/cmr/m/n/8 Found in scle-ro-phyll
 []


Underfull \hbox (badness 10000) in paragraph at lines 45--45
\OT1/cmr/m/n/8 wa-ter-courses and in
 []


Underfull \hbox (badness 10000) in paragraph at lines 45--45
\OT1/cmr/m/n/8 sandy al-lu-vial soils.
 []


Underfull \hbox (badness 10000) in paragraph at lines 45--45
\OT1/cmr/m/n/8 Typ-i-cally on chan-
 []


Underfull \hbox (badness 5460) in paragraph at lines 45--45
\OT1/cmr/m/n/8 nel banks and raised
 []


Underfull \hbox (badness 10000) in paragraph at lines 45--45
[]|\OT1/cmr/m/n/8 Obligate rheo-phyte.
 []


Underfull \hbox (badness 10000) in paragraph at lines 45--45
\OT1/cmr/m/n/8 Found along per-ma-
 []


Underfull \hbox (badness 5475) in paragraph at lines 45--45
\OT1/cmr/m/n/8 nent wa-ter-courses, on
 []


Underfull \hbox (badness 2310) in paragraph at lines 45--45
\OT1/cmr/m/n/8 sand to large cob-bles.
 []


Underfull \hbox (badness 4391) in paragraph at lines 45--45
\OT1/cmr/m/n/8 Of-ten found on bars,
 []


Underfull \hbox (badness 10000) in paragraph at lines 45--45
\OT1/cmr/m/n/8 benches and chan-nel
 []


Underfull \hbox (badness 10000) in paragraph at lines 45--45
[]|\OT1/cmr/m/n/8 Obligate rheo-phyte.
 []


Underfull \hbox (badness 3209) in paragraph at lines 45--45
\OT1/cmr/m/n/8 flood plains as-so-ci-ated
 []


Underfull \hbox (badness 3386) in paragraph at lines 45--45
\OT1/cmr/m/n/8 with large, per-ma-nent
 []


Underfull \hbox (badness 10000) in paragraph at lines 45--45
[]|\OT1/cmr/m/n/8 Nodulated with
 []


Underfull \hbox (badness 10000) in paragraph at lines 45--45
[]|\OT1/cmr/m/n/8 Ecosystem en-gi-neer.
 []


Underfull \hbox (badness 10000) in paragraph at lines 45--45
\OT1/cmr/m/n/8 of fresh ge-o-mor-phic
 []


Underfull \hbox (badness 10000) in paragraph at lines 45--45
[]|\OT1/cmr/m/n/8 Ecosystem en-gi-neer.
 []


Underfull \hbox (badness 10000) in paragraph at lines 45--45
\OT1/cmr/m/n/8 phys-i-cal struc-ture of
 []


Underfull \hbox (badness 10000) in paragraph at lines 45--45
\OT1/cmr/m/n/8 ri-par-ian land-scapes.
 []


Underfull \hbox (badness 10000) in paragraph at lines 45--45
\OT1/cmr/m/n/8 Highly ef-fec-tive at
 []


Underfull \hbox (badness 3364) in paragraph at lines 45--45
\OT1/cmr/m/n/8 mit-i-ga-tion of flooding-
 []


Underfull \hbox (badness 1314) in paragraph at lines 45--45
\OT1/cmr/m/n/8 induced land-form mass
 []


Underfull \vbox (badness 10000) has occurred while \output is active []

 [172]
[173]
Underfull \vbox (badness 10000) has occurred while \output is active []

 [174

]
Missing character: There is no ‚ in font cmr12!
Missing character: There is no Ä in font cmr12!
Missing character: There is no ú in font cmr12!
Missing character: There is no ‚ in font cmr12!
Missing character: There is no Ä in font cmr12!
Missing character: There is no ù in font cmr12!
Missing character: There is no ‚ in font cmr12!
Missing character: There is no Ä in font cmr12!
Missing character: There is no ú in font cmr12!
Missing character: There is no ‚ in font cmr12!
Missing character: There is no Ä in font cmr12!
Missing character: There is no ù in font cmr12!
Missing character: There is no ‚ in font cmr12!
Missing character: There is no Ä in font cmr12!
Missing character: There is no ú in font cmr12!
Missing character: There is no ‚ in font cmr12!
Missing character: There is no Ä in font cmr12!
Missing character: There is no ù in font cmr12!
Missing character: There is no ‚ in font cmr12!
Missing character: There is no Ä in font cmr12!
Missing character: There is no ú in font cmr12!
Missing character: There is no ‚ in font cmr12!
Missing character: There is no Ä in font cmr12!
Missing character: There is no ù in font cmr12!
Missing character: There is no ‚ in font cmr12!
Missing character: There is no Ä in font cmr12!
Missing character: There is no ú in font cmr12!
Missing character: There is no ‚ in font cmr12!
Missing character: There is no Ä in font cmr12!
Missing character: There is no ù in font cmr12!
Missing character: There is no ‚ in font cmr12!
Missing character: There is no Ä in font cmr12!
Missing character: There is no ú in font cmr12!
Missing character: There is no ‚ in font cmr12!
Missing character: There is no Ä in font cmr12!
Missing character: There is no ù in font cmr12!
Missing character: There is no ‚ in font cmr12!
Missing character: There is no Ä in font cmr12!
Missing character: There is no ú in font cmr12!
Missing character: There is no ‚ in font cmr12!
Missing character: There is no Ä in font cmr12!
Missing character: There is no ù in font cmr12!
Missing character: There is no ‚ in font cmr12!
Missing character: There is no Ä in font cmr12!
Missing character: There is no ú in font cmr12!
Missing character: There is no ‚ in font cmr12!
Missing character: There is no Ä in font cmr12!
Missing character: There is no ù in font cmr12!
Missing character: There is no ¬ in font cmr12!
Missing character: There is no µ in font cmr12!

Underfull \vbox (badness 1189) has occurred while \output is active []

 [175]
Missing character: There is no ‚ in font cmr12!
Missing character: There is no Ä in font cmr12!
Missing character: There is no ú in font cmr12!
Missing character: There is no ‚ in font cmr12!
Missing character: There is no Ä in font cmr12!
Missing character: There is no ù in font cmr12!
Missing character: There is no ‚ in font cmr12!
Missing character: There is no Ä in font cmr12!
Missing character: There is no ú in font cmr12!
Missing character: There is no ‚ in font cmr12!
Missing character: There is no Ä in font cmr12!
Missing character: There is no ù in font cmr12!
Missing character: There is no ‚ in font cmr12!
Missing character: There is no Ä in font cmr12!
Missing character: There is no ú in font cmr12!
Missing character: There is no ‚ in font cmr12!
Missing character: There is no Ä in font cmr12!
Missing character: There is no ù in font cmr12!
Missing character: There is no ‚ in font cmr12!
Missing character: There is no Ä in font cmr12!
Missing character: There is no ô in font cmr12!

Underfull \vbox (badness 1990) has occurred while \output is active []

 [176]
[177] [178

] [179]
Missing character: There is no Œ in font cmr12!
Missing character: There is no º in font cmr12!

Overfull \hbox (5.79433pt too wide) in paragraph at lines 140--141
[]\OT1/cmr/m/n/12 Elevated CO$[]$ sig-nif-i-cantly in-creased leaf-level pho-to
-syn-the-sis for all three species
 []

<Ch5gasexchange2.png, id=2287, 476.2593pt x 376.0449pt>
File: Ch5gasexchange2.png Graphic file (type png)

<use Ch5gasexchange2.png>
Package pdftex.def Info: Ch5gasexchange2.png used on input line 149.
(pdftex.def)             Requested size: 418.0pt x 330.04836pt.

Underfull \vbox (badness 10000) has occurred while \output is active []

 [180

]
Underfull \vbox (badness 10000) has occurred while \output is active []

 [181 <C:/Users/James/Desktop/stuff/data/analysis/R/THESIS/THESIS/Ch5gasexchang
e2.png>]
<Ch5biomass2.png, id=2295, 481.0773pt x 496.85625pt>
File: Ch5biomass2.png Graphic file (type png)
 <use Ch5biomass2.png>
Package pdftex.def Info: Ch5biomass2.png used on input line 169.
(pdftex.def)             Requested size: 418.0pt x 431.71558pt.

Underfull \vbox (badness 1033) has occurred while \output is active []

 [182]
Underfull \vbox (badness 10000) has occurred while \output is active []

 [183 <C:/Users/James/Desktop/stuff/data/analysis/R/THESIS/THESIS/Ch5biomass2.p
ng>]
<Ch5traits2.png, id=2303, 479.8728pt x 448.074pt>
File: Ch5traits2.png Graphic file (type png)
 <use Ch5traits2.png>
Package pdftex.def Info: Ch5traits2.png used on input line 187.
(pdftex.def)             Requested size: 418.0pt x 390.32033pt.

Overfull \hbox (3.22896pt too wide) in paragraph at lines 196--197
[]\OT1/cmr/m/n/12 While pho-to-syn-the-sis is the pri-mary means by which plant
s ac-cu-mu-late biomass,
 []

[184] [185 <C:/Users/James/Desktop/stuff/data/analysis/R/THESIS/THESIS/Ch5trait
s2.png>]
Underfull \vbox (badness 10000) has occurred while \output is active []

 [186]
Missing character: There is no ‚ in font cmr12!
Missing character: There is no Ä in font cmr12!
Missing character: There is no ì in font cmr12!
Missing character: There is no ‚ in font cmr12!
Missing character: There is no Ä in font cmr12!
Missing character: There is no ì in font cmr12!
Missing character: There is no ‚ in font cmr12!
Missing character: There is no Ä in font cmr12!
Missing character: There is no ì in font cmr12!
Missing character: There is no ‚ in font cmr12!
Missing character: There is no Ä in font cmr12!
Missing character: There is no ò in font cmr12!
Missing character: There is no ‚ in font cmr12!
Missing character: There is no Ä in font cmr12!
Missing character: There is no ô in font cmr12!

Underfull \vbox (badness 10000) has occurred while \output is active []

 [187]
Missing character: There is no ‚ in font cmr12!
Missing character: There is no Ä in font cmr12!
Missing character: There is no ò in font cmr12!
Missing character: There is no ‚ in font cmr12!
Missing character: There is no Ä in font cmr12!
Missing character: There is no ô in font cmr12!
Missing character: There is no ‚ in font cmr12!
Missing character: There is no Ä in font cmr12!
Missing character: There is no ì in font cmr12!
Missing character: There is no ‚ in font cmr12!
Missing character: There is no Ä in font cmr12!
Missing character: There is no ì in font cmr12!
Missing character: There is no ‚ in font cmr12!
Missing character: There is no Ä in font cmr12!
Missing character: There is no ì in font cmr12!

Underfull \vbox (badness 10000) has occurred while \output is active []

 [188]
(C:\Users\James\Desktop\stuff\data\analysis\R\THESIS\THESIS\glasshouse.bbl
Underfull \vbox (badness 10000) has occurred while \output is active []

 [189]
[190] [191] [192] [193] [194] [195])) [196]
(C:\Users\James\Desktop\stuff\data\analysis\R\THESIS\THESIS\discussion.tex
[197





] [198]
Overfull \hbox (8.78168pt too wide) in paragraph at lines 17--18
\OT1/cmr/m/n/12 The ri-par-ian plant com-mu-ni-ties de-scribed here were lo-cat
ed pri-mar-ily along coastally
 []

[199] <Ch6map.png, id=2356, 322.806pt x 555.87675pt>
File: Ch6map.png Graphic file (type png)
 <use Ch6map.png>
Package pdftex.def Info: Ch6map.png used on input line 26.
(pdftex.def)             Requested size: 341.43306pt x 587.98819pt.
 [200]
[201 <C:/Users/James/Desktop/stuff/data/analysis/R/THESIS/THESIS/Ch6map.png>]
Missing character: There is no ‚ in font cmr12!
Missing character: There is no Ä in font cmr12!
Missing character: There is no ô in font cmr12!
Missing character: There is no ‚ in font cmr12!
Missing character: There is no Ä in font cmr12!
Missing character: There is no ò in font cmr12!
Missing character: There is no ‚ in font cmr12!
Missing character: There is no Ä in font cmr12!
Missing character: There is no ô in font cmr12!

[202

]
Underfull \vbox (badness 1189) has occurred while \output is active []


Overfull \vbox (14.49998pt too high) has occurred while \output is active []


[203]
Underfull \vbox (badness 10000) has occurred while \output is active []

 [204]
Missing character: There is no ‚ in font cmr12!
Missing character: There is no Ä in font cmr12!
Missing character: There is no ô in font cmr12!
Missing character: There is no √ in font cmr12!
Missing character: There is no © in font cmr12!
Missing character: There is no ‚ in font cmr12!
Missing character: There is no Ä in font cmr12!
Missing character: There is no ì in font cmr12!

Underfull \vbox (badness 10000) has occurred while \output is active []


Overfull \vbox (14.49998pt too high) has occurred while \output is active []


[205]
Underfull \vbox (badness 1189) has occurred while \output is active []

 [206]
Overfull \vbox (14.49998pt too high) has occurred while \output is active []


[207]
Missing character: There is no ‚ in font cmr12!
Missing character: There is no Ä in font cmr12!
Missing character: There is no ì in font cmr12!

Underfull \vbox (badness 1189) has occurred while \output is active []

 [208]
Missing character: There is no ‚ in font cmr12!
Missing character: There is no Ä in font cmr12!
Missing character: There is no ò in font cmr12!
Missing character: There is no ‚ in font cmr12!
Missing character: There is no Ä in font cmr12!
Missing character: There is no ô in font cmr12!

Overfull \vbox (14.49998pt too high) has occurred while \output is active []


[209]
Underfull \vbox (badness 10000) has occurred while \output is active []

 [210]
(C:\Users\James\Desktop\stuff\data\analysis\R\THESIS\THESIS\discussion.bbl
[211] [212] [213] [214] [215]
Missing character: There is no ‚ in font cmr10!
Missing character: There is no Ä in font cmr10!
Missing character: There is no ô in font cmr10!
Missing character: There is no ¬ in font cmr10!
Missing character: There is no Ä in font cmr10!
Missing character: There is no ¬ in font cmr10!
Missing character: There is no ô in font cmr10!
 [216]
Missing character: There is no ‚ in font cmr10!
Missing character: There is no Ä in font cmr10!
Missing character: There is no ô in font cmr10!
 [217])) [218]

Class memoir Warning: The material used in the headers is too large
(28.99998pt) for the given head height (14.5pt), it is recommended to
either increase the head height or redesign the header
(in both cases you will find help in the memoir manual). on input line 269.


Package natbib Warning: There were undefined citations.

\tf@toc=\write4
\tf@lof=\write5
\tf@lot=\write6

! LaTeX Error: \begin{landscape} on input line 69 ended by \end{document}.

See the LaTeX manual or LaTeX Companion for explanation.
Type  H <return>  for immediate help.
 ...                                              
                                                  
l.269 \end{document}
                    
Your command was ignored.
Type  I <command> <return>  to replace it with another command,
or  <return>  to continue without it.

(C:\Users\James\Desktop\stuff\data\analysis\R\THESIS\THESIS\master.aux
(C:\Users\James\Desktop\stuff\data\analysis\R\THESIS\THESIS\introduction.aux)
(C:\Users\James\Desktop\stuff\data\analysis\R\THESIS\THESIS\wooddensity.aux)
(C:\Users\James\Desktop\stuff\data\analysis\R\THESIS\THESIS\functionaldiversity
.aux) (C:\Users\James\Desktop\stuff\data\analysis\R\THESIS\THESIS\SEQLD.aux)
(C:\Users\James\Desktop\stuff\data\analysis\R\THESIS\THESIS\glasshouse.aux)
(C:\Users\James\Desktop\stuff\data\analysis\R\THESIS\THESIS\discussion.aux))

LaTeX Warning: There were undefined references.


LaTeX Warning: Label(s) may have changed. Rerun to get cross-references right.

 )
(\end occurred inside a group at level 4)

### simple group (level 4) entered at line 44 ({)
### simple group (level 3) entered at line 38 ({)
### semi simple group (level 2) entered at line 69 (\begingroup)
### semi simple group (level 1) entered at line 77 (\begingroup)
### bottom level 
Here is how much of TeX's memory you used:
 9953 strings out of 493921
 151825 string characters out of 3145277
 295822 words of memory out of 3000000
 13077 multiletter control sequences out of 15000+200000
 19789 words of font info for 76 fonts, out of 3000000 for 9000
 841 hyphenation exceptions out of 8191
 45i,18n,54p,2447b,836s stack positions out of 5000i,500n,10000p,200000b,50000s
 <C:\Users\James\AppData\Local\MiKTeX\2.9\fonts\pk\ljfour\jknap
pen\ec\dpi600\tcrm1095.pk><C:/Program Files (x86)/miktex2.9/fonts/type1/public/
amsfonts/cm/cmbx10.pfb><C:/Program Files (x86)/miktex2.9/fonts/type1/public/ams
fonts/cm/cmbx12.pfb><C:/Program Files (x86)/miktex2.9/fonts/type1/public/amsfon
ts/cm/cmbx8.pfb><C:/Program Files (x86)/miktex2.9/fonts/type1/public/amsfonts/c
m/cmbxti10.pfb><C:/Program Files (x86)/miktex2.9/fonts/type1/public/amsfonts/cm
/cmmi12.pfb><C:/Program Files (x86)/miktex2.9/fonts/type1/public/amsfonts/cm/cm
mi8.pfb><C:/Program Files (x86)/miktex2.9/fonts/type1/public/amsfonts/cm/cmr10.
pfb><C:/Program Files (x86)/miktex2.9/fonts/type1/public/amsfonts/cm/cmr12.pfb>
<C:/Program Files (x86)/miktex2.9/fonts/type1/public/amsfonts/cm/cmr6.pfb><C:/P
rogram Files (x86)/miktex2.9/fonts/type1/public/amsfonts/cm/cmr8.pfb><C:/Progra
m Files (x86)/miktex2.9/fonts/type1/public/amsfonts/cm/cmsl12.pfb><C:/Program F
iles (x86)/miktex2.9/fonts/type1/public/amsfonts/cm/cmss12.pfb><C:/Program File
s (x86)/miktex2.9/fonts/type1/public/amsfonts/cm/cmss17.pfb><C:/Program Files (
x86)/miktex2.9/fonts/type1/public/amsfonts/cm/cmsy10.pfb><C:/Program Files (x86
)/miktex2.9/fonts/type1/public/amsfonts/cm/cmsy6.pfb><C:/Program Files (x86)/mi
ktex2.9/fonts/type1/public/amsfonts/cm/cmsy8.pfb><C:/Program Files (x86)/miktex
2.9/fonts/type1/public/amsfonts/cm/cmti10.pfb><C:/Program Files (x86)/miktex2.9
/fonts/type1/public/amsfonts/cm/cmti12.pfb><C:/Program Files (x86)/miktex2.9/fo
nts/type1/public/amsfonts/cm/cmti7.pfb><C:/Program Files (x86)/miktex2.9/fonts/
type1/public/amsfonts/cm/cmti8.pfb><C:/Program Files (x86)/miktex2.9/fonts/type
1/public/amsfonts/cm/cmtt12.pfb><C:/Program Files (x86)/miktex2.9/fonts/type1/p
ublic/amsfonts/symbols/msam10.pfb>
Output written on master.pdf (232 pages, 17911191 bytes).
PDF statistics:
 2499 PDF objects out of 2984 (max. 8388607)
 0 named destinations out of 1000 (max. 500000)
 86 words of extra memory for PDF output out of 10000 (max. 10000000)

